[ 2017-12-07T11:42:31+08:00 ] 127.0.0.1 /index.php
INFO: [ app_init ] --START--
INFO: Run Behavior\BuildLiteBehavior [ RunTime:0.000000s ]
INFO: [ app_init ] --END-- [ RunTime:0.010000s ]
INFO: [ app_begin ] --START--
INFO: Run Behavior\ReadHtmlCacheBehavior [ RunTime:0.009000s ]
INFO: [ app_begin ] --END-- [ RunTime:0.010000s ]
SQL: SHOW COLUMNS FROM `ec_user` [ RunTime:0.0080s ]
SQL: SELECT * FROM `ec_user` WHERE ( user_id=7 ) LIMIT 1   [ RunTime:0.0140s ]
SQL: SHOW COLUMNS FROM `ec_user` [ RunTime:0.0070s ]
SQL: SELECT * FROM `ec_user` WHERE ( user_id=7 ) LIMIT 1   [ RunTime:0.0100s ]
SQL: SELECT * FROM `ec_user` WHERE ( user_id=7 ) LIMIT 1   [ RunTime:0.0250s ]
SQL: SHOW COLUMNS FROM `ec_userlevel` [ RunTime:0.0080s ]
SQL: SELECT * FROM `ec_userlevel` WHERE ( level_learntime<='38700' ) ORDER BY level_learntime desc LIMIT 1   [ RunTime:0.0120s ]
SQL: SHOW COLUMNS FROM `ec_course` [ RunTime:0.0110s ]
SQL: SELECT * FROM `ec_course` WHERE ( course_limittime>1512618150 ) LIMIT 1   [ RunTime:0.0080s ]
SQL: SHOW COLUMNS FROM `ec_focusinfo` [ RunTime:0.0060s ]
SQL: SELECT * FROM `ec_focusinfo` WHERE ( focus_type=2 ) ORDER BY focus_sort desc LIMIT 1   [ RunTime:0.0160s ]
SQL: SELECT ec_user.*,ec_userlevel.level_name,ec_userlevel.level_image,ec_viplevel.vip_image FROM `ec_user` left join ec_userlevel on ec_userlevel.level_id = ec_user.level left join ec_viplevel on ec_viplevel.vip_id = ec_user.vip  WHERE ( ec_user.user_id=7 ) LIMIT 1   [ RunTime:0.0050s ]
SQL: SELECT * FROM `ec_focusinfo` WHERE ( focus_type=1 ) ORDER BY focus_sort desc LIMIT 4   [ RunTime:0.0050s ]
SQL: SELECT ec_course.* FROM `ec_course` left join ec_classify on ec_classify.classify_id = ec_course.classify_id  WHERE ( ec_course.course_isable=1 and ec_classify.classify_id=2 ) LIMIT 3   [ RunTime:0.0060s ]
SQL: SHOW COLUMNS FROM `ec_lesson` [ RunTime:0.0110s ]
SQL: SELECT `lesson_view` FROM `ec_lesson` WHERE ( course_id='18'  ) ORDER BY lesson_id asc LIMIT 1   [ RunTime:0.0120s ]
SQL: SELECT `lesson_view` FROM `ec_lesson` WHERE ( course_id='19'  ) ORDER BY lesson_id asc LIMIT 1   [ RunTime:0.0060s ]
SQL: SELECT `lesson_view` FROM `ec_lesson` WHERE ( course_id='22'  ) ORDER BY lesson_id asc LIMIT 1   [ RunTime:0.0060s ]
SQL: SELECT * FROM `ec_course` WHERE ( course_isable=1 and classify_id=1  ) ORDER BY course_sort desc LIMIT 1,12   [ RunTime:0.0070s ]
SQL: SELECT * FROM `ec_course` WHERE ( course_isable=1 and classify_id=1  ) ORDER BY course_sort desc LIMIT 1   [ RunTime:0.0040s ]
SQL: SHOW COLUMNS FROM `ec_scoreinfo` [ RunTime:0.0080s ]
SQL: SELECT COUNT(*) AS tp_count FROM `ec_scoreinfo` WHERE (  1 and score_addtime >='1512576000' and score_addtime <='1512662399' and user_id='7'  ) LIMIT 1   [ RunTime:0.0080s ]
INFO: [ view_parse ] --START--
INFO: [ template_filter ] --START--
INFO: Run Behavior\ContentReplaceBehavior [ RunTime:0.000000s ]
INFO: [ template_filter ] --END-- [ RunTime:0.000000s ]
NOTIC: [8] Undefined variable: live_info D:\xampp\htdocs\jianyinew\Application\Runtime\Cache\Home\2a94b8bda04ff446dcedd42276fc99ee.php 第 118 行.
INFO: Run Behavior\ParseTemplateBehavior [ RunTime:0.042000s ]
INFO: [ view_parse ] --END-- [ RunTime:0.042000s ]
INFO: [ view_filter ] --START--
INFO: Run Behavior\WriteHtmlCacheBehavior [ RunTime:0.002000s ]
INFO: [ view_filter ] --END-- [ RunTime:0.002000s ]
INFO: [ app_end ] --START--
INFO: Run Behavior\ShowPageTraceBehavior [ RunTime:0.001000s ]
INFO: [ app_end ] --END-- [ RunTime:0.001000s ]

[ 2017-12-07T11:42:37+08:00 ] 127.0.0.1 /index.php?m=Home&c=alreadybuy&a=index
INFO: [ app_init ] --START--
INFO: Run Behavior\BuildLiteBehavior [ RunTime:0.000000s ]
INFO: [ app_init ] --END-- [ RunTime:0.000000s ]
INFO: [ app_begin ] --START--
INFO: Run Behavior\ReadHtmlCacheBehavior [ RunTime:0.000000s ]
INFO: [ app_begin ] --END-- [ RunTime:0.001000s ]
SQL: SHOW COLUMNS FROM `ec_buyinfo` [ RunTime:0.0060s ]
SQL: SELECT COUNT(*) AS tp_count FROM `ec_buyinfo` left join  ec_course on ec_course.course_id=ec_buyinfo.course_id left join  ec_user on ec_user.user_id=ec_buyinfo.user_id  WHERE ( ec_buyinfo.user_id=7 and ec_buyinfo.course_id>0 and ec_buyinfo.buy_flag=2 and ec_buyinfo.buy_endtime>= 1512618157 ) LIMIT 1   [ RunTime:0.0200s ]
SQL: SELECT * FROM `ec_buyinfo` left join  ec_course on ec_course.course_id=ec_buyinfo.course_id left join  ec_user on ec_user.user_id=ec_buyinfo.user_id  WHERE ( ec_buyinfo.user_id=7 and ec_buyinfo.course_id>0 and ec_buyinfo.buy_flag=2 and ec_buyinfo.buy_endtime>= 1512618157 ) ORDER BY ec_buyinfo.buy_id desc  LIMIT 0,5   [ RunTime:0.0140s ]
INFO: [ view_parse ] --START--
INFO: [ template_filter ] --START--
INFO: Run Behavior\ContentReplaceBehavior [ RunTime:0.000000s ]
INFO: [ template_filter ] --END-- [ RunTime:0.000000s ]
INFO: Run Behavior\ParseTemplateBehavior [ RunTime:0.007000s ]
INFO: [ view_parse ] --END-- [ RunTime:0.007000s ]
INFO: [ view_filter ] --START--
INFO: Run Behavior\WriteHtmlCacheBehavior [ RunTime:0.000000s ]
INFO: [ view_filter ] --END-- [ RunTime:0.000000s ]
INFO: [ app_end ] --START--
INFO: Run Behavior\ShowPageTraceBehavior [ RunTime:0.001000s ]
INFO: [ app_end ] --END-- [ RunTime:0.001000s ]

[ 2017-12-07T11:42:39+08:00 ] 127.0.0.1 /index.php?m=Home&c=personal&a=my
INFO: [ app_init ] --START--
INFO: Run Behavior\BuildLiteBehavior [ RunTime:0.000000s ]
INFO: [ app_init ] --END-- [ RunTime:0.000000s ]
INFO: [ app_begin ] --START--
INFO: Run Behavior\ReadHtmlCacheBehavior [ RunTime:0.000000s ]
INFO: [ app_begin ] --END-- [ RunTime:0.000000s ]
NOTIC: [8] Use of undefined constant __ACTION - assumed '__ACTION' D:\xampp\htdocs\jianyinew\Application\Home\Controller\PersonalController.class.php 第 17 行.
SQL: SHOW COLUMNS FROM `ec_user` [ RunTime:0.0100s ]
SQL: SELECT ec_user.learntime,ec_user.avatar,ec_user.nickname,ec_user.vip,ec_user.score,ec_user.level,ec_viplevel.vip_image FROM `ec_user` left join ec_viplevel on ec_viplevel.vip_id = ec_user.vip   WHERE (  1 and ec_user.user_id =7 ) LIMIT 1   [ RunTime:0.0050s ]
SQL: SHOW COLUMNS FROM `ec_userlevel` [ RunTime:0.0060s ]
SQL: SHOW COLUMNS FROM `ec_userlevel` [ RunTime:0.0060s ]
SQL: SELECT * FROM `ec_userlevel`  [ RunTime:0.0060s ]
SQL: SHOW COLUMNS FROM `ec_buyinfo` [ RunTime:0.0060s ]
SQL: SELECT COUNT(*) AS tp_count FROM `ec_buyinfo` WHERE (  user_id ='7' and  buy_flag = 2 and course_id!=0 and buy_endtime>1512618158 ) LIMIT 1   [ RunTime:0.0040s ]
SQL: SELECT `user_id` FROM `ec_user` ORDER BY score desc  [ RunTime:0.0100s ]
SQL: SHOW COLUMNS FROM `ec_scoreinfo` [ RunTime:0.0060s ]
SQL: SELECT COUNT(*) AS tp_count FROM `ec_scoreinfo` WHERE (  1 and score_addtime >='1512576000' and score_addtime <='1512662399' and user_id='7' and scroe_type=2  ) LIMIT 1   [ RunTime:0.0110s ]
SQL: SHOW COLUMNS FROM `ec_setinfo` [ RunTime:0.0060s ]
SQL: SELECT * FROM `ec_setinfo` WHERE ( set_id=4 ) LIMIT 1   [ RunTime:0.0040s ]
SQL: SELECT * FROM `ec_setinfo` WHERE ( set_id=2 ) LIMIT 1   [ RunTime:0.0050s ]
INFO: [ view_parse ] --START--
INFO: [ template_filter ] --START--
INFO: Run Behavior\ContentReplaceBehavior [ RunTime:0.000000s ]
INFO: [ template_filter ] --END-- [ RunTime:0.000000s ]
INFO: Run Behavior\ParseTemplateBehavior [ RunTime:0.030000s ]
INFO: [ view_parse ] --END-- [ RunTime:0.030000s ]
INFO: [ view_filter ] --START--
INFO: Run Behavior\WriteHtmlCacheBehavior [ RunTime:0.000000s ]
INFO: [ view_filter ] --END-- [ RunTime:0.000000s ]
INFO: [ app_end ] --START--
INFO: Run Behavior\ShowPageTraceBehavior [ RunTime:0.000000s ]
INFO: [ app_end ] --END-- [ RunTime:0.001000s ]

[ 2017-12-07T11:42:41+08:00 ] 127.0.0.1 /index.php?m=Home&c=bookinfo&a=wodeyuyue
INFO: [ app_init ] --START--
INFO: Run Behavior\BuildLiteBehavior [ RunTime:0.000000s ]
INFO: [ app_init ] --END-- [ RunTime:0.000000s ]
INFO: [ app_begin ] --START--
INFO: Run Behavior\ReadHtmlCacheBehavior [ RunTime:0.000000s ]
INFO: [ app_begin ] --END-- [ RunTime:0.000000s ]
SQL: SHOW COLUMNS FROM `ec_signinfo` [ RunTime:0.0070s ]
SQL: SELECT COUNT(*) AS tp_count FROM `ec_signinfo`  left join ec_workinfo as a ON a.work_id = ec_signinfo.work_id  WHERE ( ec_signinfo.pay_flag = 2 and ec_signinfo.user_id=7 ) LIMIT 1   [ RunTime:0.0050s ]
SQL: SELECT a.work_title,a.work_time,a.work_address,ec_signinfo.num FROM `ec_signinfo`  left join ec_workinfo as a ON a.work_id = ec_signinfo.work_id  WHERE ( ec_signinfo.pay_flag = 2 and ec_signinfo.user_id=7 ) ORDER BY ec_signinfo.sign_id desc LIMIT 0,6   [ RunTime:0.0070s ]
INFO: [ view_parse ] --START--
INFO: [ template_filter ] --START--
INFO: Run Behavior\ContentReplaceBehavior [ RunTime:0.000000s ]
INFO: [ template_filter ] --END-- [ RunTime:0.000000s ]
INFO: Run Behavior\ParseTemplateBehavior [ RunTime:0.014000s ]
INFO: [ view_parse ] --END-- [ RunTime:0.014000s ]
INFO: [ view_filter ] --START--
INFO: Run Behavior\WriteHtmlCacheBehavior [ RunTime:0.000000s ]
INFO: [ view_filter ] --END-- [ RunTime:0.000000s ]
INFO: [ app_end ] --START--
INFO: Run Behavior\ShowPageTraceBehavior [ RunTime:0.001000s ]
INFO: [ app_end ] --END-- [ RunTime:0.001000s ]

[ 2017-12-07T11:42:43+08:00 ] 127.0.0.1 /index.php?m=Home&c=bookinfo&a=yanxibanbaoming
INFO: [ app_init ] --START--
INFO: Run Behavior\BuildLiteBehavior [ RunTime:0.000000s ]
INFO: [ app_init ] --END-- [ RunTime:0.001000s ]
INFO: [ app_begin ] --START--
INFO: Run Behavior\ReadHtmlCacheBehavior [ RunTime:0.000000s ]
INFO: [ app_begin ] --END-- [ RunTime:0.000000s ]
SQL: SHOW COLUMNS FROM `ec_workinfo` [ RunTime:0.0100s ]
SQL: SELECT * FROM `ec_workinfo` ORDER BY work_id desc LIMIT 1   [ RunTime:0.0190s ]
SQL: SHOW COLUMNS FROM `ec_seatinfo` [ RunTime:0.0090s ]
SQL: SELECT * FROM `ec_seatinfo` WHERE ( work_id =22 )  [ RunTime:0.0060s ]
SQL: SHOW COLUMNS FROM `ec_signinfo` [ RunTime:0.0120s ]
SQL: SELECT * FROM `ec_signinfo` WHERE ( user_id = 7 and pay_flag = 2 and  work_id = 22 )  [ RunTime:0.0130s ]
INFO: [ view_parse ] --START--
INFO: [ template_filter ] --START--
INFO: Run Behavior\ContentReplaceBehavior [ RunTime:0.000000s ]
INFO: [ template_filter ] --END-- [ RunTime:0.000000s ]
INFO: Run Behavior\ParseTemplateBehavior [ RunTime:0.026000s ]
INFO: [ view_parse ] --END-- [ RunTime:0.026000s ]
INFO: [ view_filter ] --START--
INFO: Run Behavior\WriteHtmlCacheBehavior [ RunTime:0.000000s ]
INFO: [ view_filter ] --END-- [ RunTime:0.000000s ]
INFO: [ app_end ] --START--
INFO: Run Behavior\ShowPageTraceBehavior [ RunTime:0.001000s ]
INFO: [ app_end ] --END-- [ RunTime:0.001000s ]

[ 2017-12-07T11:42:48+08:00 ] 127.0.0.1 /index.php?m=Home&c=collect&a=mycollect
INFO: [ app_init ] --START--
INFO: Run Behavior\BuildLiteBehavior [ RunTime:0.000000s ]
INFO: [ app_init ] --END-- [ RunTime:0.000000s ]
INFO: [ app_begin ] --START--
INFO: Run Behavior\ReadHtmlCacheBehavior [ RunTime:0.001000s ]
INFO: [ app_begin ] --END-- [ RunTime:0.001000s ]
SQL: SHOW COLUMNS FROM `ec_collect` [ RunTime:0.0070s ]
SQL: SELECT COUNT(*) AS tp_count FROM `ec_collect` left join  ec_course on ec_course.course_id=ec_collect.course_id left join  ec_user on ec_user.user_id=ec_collect.user_id left join  ec_lesson on ec_lesson.lesson_id=ec_collect.lesson_id  WHERE ( ec_collect.user_id=7 ) LIMIT 1   [ RunTime:0.0050s ]
SQL: SELECT ec_collect.collect_id,ec_collect.user_id,ec_collect.course_id,ec_user.nickname,ec_course.course_name,ec_lesson.lesson_id,ec_lesson.lesson_name,ec_lesson.lesson_remarks,ec_lesson.lesson_image,ec_lesson.lesson_ishot FROM `ec_collect` left join  ec_course on ec_course.course_id=ec_collect.course_id left join  ec_user on ec_user.user_id=ec_collect.user_id right join  ec_lesson on ec_lesson.lesson_id=ec_collect.lesson_id  WHERE ( ec_collect.user_id='7'   ) ORDER BY ec_collect.collect_id desc  LIMIT 0,5   [ RunTime:0.0110s ]
INFO: [ view_parse ] --START--
INFO: [ template_filter ] --START--
INFO: Run Behavior\ContentReplaceBehavior [ RunTime:0.000000s ]
INFO: [ template_filter ] --END-- [ RunTime:0.000000s ]
INFO: Run Behavior\ParseTemplateBehavior [ RunTime:0.019000s ]
INFO: [ view_parse ] --END-- [ RunTime:0.019000s ]
INFO: [ view_filter ] --START--
INFO: Run Behavior\WriteHtmlCacheBehavior [ RunTime:0.001000s ]
INFO: [ view_filter ] --END-- [ RunTime:0.001000s ]
INFO: [ app_end ] --START--
INFO: Run Behavior\ShowPageTraceBehavior [ RunTime:0.001000s ]
INFO: [ app_end ] --END-- [ RunTime:0.001000s ]

[ 2017-12-07T11:42:50+08:00 ] 127.0.0.1 /index.php?m=Home&c=bookinfo&a=mycollect
INFO: [ app_init ] --START--
INFO: Run Behavior\BuildLiteBehavior [ RunTime:0.000000s ]
INFO: [ app_init ] --END-- [ RunTime:0.000000s ]
INFO: [ app_begin ] --START--
INFO: Run Behavior\ReadHtmlCacheBehavior [ RunTime:0.000000s ]
INFO: [ app_begin ] --END-- [ RunTime:0.001000s ]
SQL: SHOW COLUMNS FROM `ec_collectalone` [ RunTime:0.0120s ]
SQL: SELECT COUNT(*) AS tp_count FROM `ec_collectalone` left join  ec_user on ec_user.user_id=ec_collectalone.user_id left join  ec_lessonalone on ec_lessonalone.lesson_id=ec_collectalone.lesson_id  WHERE ( ec_collectalone.user_id=7 ) LIMIT 1   [ RunTime:0.0530s ]
SQL: SELECT ec_collectalone.collect_id,ec_collectalone.user_id,ec_user.nickname,ec_lessonalone.lesson_id,ec_lessonalone.lesson_name,ec_lessonalone.lesson_remarks,ec_lessonalone.lesson_image,ec_lessonalone.lesson_ishot FROM `ec_collectalone` left join  ec_user on ec_user.user_id=ec_collectalone.user_id left join  ec_lessonalone on ec_lessonalone.lesson_id=ec_collectalone.lesson_id  WHERE ( ec_collectalone.user_id='7'   ) ORDER BY ec_collectalone.collect_id desc  LIMIT 0,5   [ RunTime:0.0250s ]
INFO: [ view_parse ] --START--
INFO: [ template_filter ] --START--
INFO: Run Behavior\ContentReplaceBehavior [ RunTime:0.001000s ]
INFO: [ template_filter ] --END-- [ RunTime:0.001000s ]
NOTIC: [8] Undefined index: course_id D:\xampp\htdocs\jianyinew\Application\Runtime\Cache\Home\7ceb0aef6bfc1a4ee8aa670f860944f6.php 第 68 行.
NOTIC: [8] Undefined index: course_id D:\xampp\htdocs\jianyinew\Application\Runtime\Cache\Home\7ceb0aef6bfc1a4ee8aa670f860944f6.php 第 72 行.
INFO: Run Behavior\ParseTemplateBehavior [ RunTime:0.032000s ]
INFO: [ view_parse ] --END-- [ RunTime:0.032000s ]
INFO: [ view_filter ] --START--
INFO: Run Behavior\WriteHtmlCacheBehavior [ RunTime:0.001000s ]
INFO: [ view_filter ] --END-- [ RunTime:0.001000s ]
INFO: [ app_end ] --START--
INFO: Run Behavior\ShowPageTraceBehavior [ RunTime:0.001000s ]
INFO: [ app_end ] --END-- [ RunTime:0.001000s ]

[ 2017-12-07T11:43:01+08:00 ] 127.0.0.1 /index.php?m=Home&c=collect&a=applyforbranch
INFO: [ app_init ] --START--
INFO: Run Behavior\BuildLiteBehavior [ RunTime:0.000000s ]
INFO: [ app_init ] --END-- [ RunTime:0.000000s ]
INFO: [ app_begin ] --START--
INFO: Run Behavior\ReadHtmlCacheBehavior [ RunTime:0.000000s ]
INFO: [ app_begin ] --END-- [ RunTime:0.000000s ]
SQL: SHOW COLUMNS FROM `ec_applyinfo` [ RunTime:0.0070s ]
SQL: SELECT * FROM `ec_applyinfo` WHERE ( user_id=7 ) LIMIT 1   [ RunTime:0.0050s ]
SQL: SHOW COLUMNS FROM `ec_content` [ RunTime:0.0090s ]
SQL: SELECT * FROM `ec_content` WHERE ( id=2 ) LIMIT 1   [ RunTime:0.0050s ]
SQL: SHOW COLUMNS FROM `ec_user` [ RunTime:0.0140s ]
SQL: SELECT * FROM `ec_user` left join ec_userlevel on ec_userlevel.level_id=ec_user.level   WHERE ( ec_user.user_id=7 ) LIMIT 1   [ RunTime:0.0050s ]
SQL: SHOW COLUMNS FROM `ec_scoreinfo` [ RunTime:0.0050s ]
NOTIC: [8] Undefined variable: where1 D:\xampp\htdocs\jianyinew\Application\Home\Controller\CollectController.class.php 第 131 行.
SQL: SELECT COUNT(*) AS tp_count FROM `ec_scoreinfo` LIMIT 1   [ RunTime:0.0060s ]
INFO: [ view_parse ] --START--
INFO: [ template_filter ] --START--
INFO: Run Behavior\ContentReplaceBehavior [ RunTime:0.000000s ]
INFO: [ template_filter ] --END-- [ RunTime:0.000000s ]
NOTIC: [8] Undefined variable: state D:\xampp\htdocs\jianyinew\Application\Runtime\Cache\Home\95735cdebcd27a4ee3393a71c9f950fc.php 第 250 行.
INFO: Run Behavior\ParseTemplateBehavior [ RunTime:0.034000s ]
INFO: [ view_parse ] --END-- [ RunTime:0.034000s ]
INFO: [ view_filter ] --START--
INFO: Run Behavior\WriteHtmlCacheBehavior [ RunTime:0.001000s ]
INFO: [ view_filter ] --END-- [ RunTime:0.001000s ]
INFO: [ app_end ] --START--
INFO: Run Behavior\ShowPageTraceBehavior [ RunTime:0.002000s ]
INFO: [ app_end ] --END-- [ RunTime:0.002000s ]

[ 2017-12-07T11:43:04+08:00 ] 127.0.0.1 /index.php?m=Home&c=index&a=index
INFO: [ app_init ] --START--
INFO: Run Behavior\BuildLiteBehavior [ RunTime:0.000000s ]
INFO: [ app_init ] --END-- [ RunTime:0.000000s ]
INFO: [ app_begin ] --START--
INFO: Run Behavior\ReadHtmlCacheBehavior [ RunTime:0.000000s ]
INFO: [ app_begin ] --END-- [ RunTime:0.000000s ]
SQL: SHOW COLUMNS FROM `ec_user` [ RunTime:0.0090s ]
SQL: SELECT * FROM `ec_user` WHERE ( user_id=7 ) LIMIT 1   [ RunTime:0.0060s ]
SQL: SHOW COLUMNS FROM `ec_user` [ RunTime:0.0060s ]
SQL: SELECT * FROM `ec_user` WHERE ( user_id=7 ) LIMIT 1   [ RunTime:0.0040s ]
SQL: SELECT * FROM `ec_user` WHERE ( user_id=7 ) LIMIT 1   [ RunTime:0.0040s ]
SQL: SHOW COLUMNS FROM `ec_userlevel` [ RunTime:0.0050s ]
SQL: SELECT * FROM `ec_userlevel` WHERE ( level_learntime<='38700' ) ORDER BY level_learntime desc LIMIT 1   [ RunTime:0.0070s ]
SQL: SHOW COLUMNS FROM `ec_course` [ RunTime:0.0070s ]
SQL: SELECT * FROM `ec_course` WHERE ( course_limittime>1512618184 ) LIMIT 1   [ RunTime:0.0060s ]
SQL: SHOW COLUMNS FROM `ec_focusinfo` [ RunTime:0.0070s ]
SQL: SELECT * FROM `ec_focusinfo` WHERE ( focus_type=2 ) ORDER BY focus_sort desc LIMIT 1   [ RunTime:0.0050s ]
SQL: SELECT ec_user.*,ec_userlevel.level_name,ec_userlevel.level_image,ec_viplevel.vip_image FROM `ec_user` left join ec_userlevel on ec_userlevel.level_id = ec_user.level left join ec_viplevel on ec_viplevel.vip_id = ec_user.vip  WHERE ( ec_user.user_id=7 ) LIMIT 1   [ RunTime:0.0050s ]
SQL: SELECT * FROM `ec_focusinfo` WHERE ( focus_type=1 ) ORDER BY focus_sort desc LIMIT 4   [ RunTime:0.0070s ]
SQL: SELECT ec_course.* FROM `ec_course` left join ec_classify on ec_classify.classify_id = ec_course.classify_id  WHERE ( ec_course.course_isable=1 and ec_classify.classify_id=2 ) LIMIT 3   [ RunTime:0.0060s ]
SQL: SHOW COLUMNS FROM `ec_lesson` [ RunTime:0.0070s ]
SQL: SELECT `lesson_view` FROM `ec_lesson` WHERE ( course_id='18'  ) ORDER BY lesson_id asc LIMIT 1   [ RunTime:0.0060s ]
SQL: SELECT `lesson_view` FROM `ec_lesson` WHERE ( course_id='19'  ) ORDER BY lesson_id asc LIMIT 1   [ RunTime:0.0050s ]
SQL: SELECT `lesson_view` FROM `ec_lesson` WHERE ( course_id='22'  ) ORDER BY lesson_id asc LIMIT 1   [ RunTime:0.0070s ]
SQL: SELECT * FROM `ec_course` WHERE ( course_isable=1 and classify_id=1  ) ORDER BY course_sort desc LIMIT 1,12   [ RunTime:0.0040s ]
SQL: SELECT * FROM `ec_course` WHERE ( course_isable=1 and classify_id=1  ) ORDER BY course_sort desc LIMIT 1   [ RunTime:0.0040s ]
SQL: SHOW COLUMNS FROM `ec_scoreinfo` [ RunTime:0.0050s ]
SQL: SELECT COUNT(*) AS tp_count FROM `ec_scoreinfo` WHERE (  1 and score_addtime >='1512576000' and score_addtime <='1512662399' and user_id='7'  ) LIMIT 1   [ RunTime:0.0050s ]
INFO: [ view_parse ] --START--
INFO: [ template_filter ] --START--
INFO: Run Behavior\ContentReplaceBehavior [ RunTime:0.000000s ]
INFO: [ template_filter ] --END-- [ RunTime:0.000000s ]
NOTIC: [8] Undefined variable: live_info D:\xampp\htdocs\jianyinew\Application\Runtime\Cache\Home\2a94b8bda04ff446dcedd42276fc99ee.php 第 118 行.
INFO: Run Behavior\ParseTemplateBehavior [ RunTime:0.044000s ]
INFO: [ view_parse ] --END-- [ RunTime:0.044000s ]
INFO: [ view_filter ] --START--
INFO: Run Behavior\WriteHtmlCacheBehavior [ RunTime:0.002000s ]
INFO: [ view_filter ] --END-- [ RunTime:0.002000s ]
INFO: [ app_end ] --START--
INFO: Run Behavior\ShowPageTraceBehavior [ RunTime:0.001000s ]
INFO: [ app_end ] --END-- [ RunTime:0.001000s ]

[ 2017-12-07T11:43:07+08:00 ] 127.0.0.1 /index.php?m=Home&c=alreadybuy&a=index
INFO: [ app_init ] --START--
INFO: Run Behavior\BuildLiteBehavior [ RunTime:0.000000s ]
INFO: [ app_init ] --END-- [ RunTime:0.000000s ]
INFO: [ app_begin ] --START--
INFO: Run Behavior\ReadHtmlCacheBehavior [ RunTime:0.001000s ]
INFO: [ app_begin ] --END-- [ RunTime:0.001000s ]
SQL: SHOW COLUMNS FROM `ec_buyinfo` [ RunTime:0.0070s ]
SQL: SELECT COUNT(*) AS tp_count FROM `ec_buyinfo` left join  ec_course on ec_course.course_id=ec_buyinfo.course_id left join  ec_user on ec_user.user_id=ec_buyinfo.user_id  WHERE ( ec_buyinfo.user_id=7 and ec_buyinfo.course_id>0 and ec_buyinfo.buy_flag=2 and ec_buyinfo.buy_endtime>= 1512618187 ) LIMIT 1   [ RunTime:0.0060s ]
SQL: SELECT * FROM `ec_buyinfo` left join  ec_course on ec_course.course_id=ec_buyinfo.course_id left join  ec_user on ec_user.user_id=ec_buyinfo.user_id  WHERE ( ec_buyinfo.user_id=7 and ec_buyinfo.course_id>0 and ec_buyinfo.buy_flag=2 and ec_buyinfo.buy_endtime>= 1512618187 ) ORDER BY ec_buyinfo.buy_id desc  LIMIT 0,5   [ RunTime:0.0130s ]
INFO: [ view_parse ] --START--
INFO: [ template_filter ] --START--
INFO: Run Behavior\ContentReplaceBehavior [ RunTime:0.000000s ]
INFO: [ template_filter ] --END-- [ RunTime:0.000000s ]
INFO: Run Behavior\ParseTemplateBehavior [ RunTime:0.007000s ]
INFO: [ view_parse ] --END-- [ RunTime:0.007000s ]
INFO: [ view_filter ] --START--
INFO: Run Behavior\WriteHtmlCacheBehavior [ RunTime:0.000000s ]
INFO: [ view_filter ] --END-- [ RunTime:0.000000s ]
INFO: [ app_end ] --START--
INFO: Run Behavior\ShowPageTraceBehavior [ RunTime:0.001000s ]
INFO: [ app_end ] --END-- [ RunTime:0.001000s ]

[ 2017-12-07T11:43:07+08:00 ] 127.0.0.1 /index.php?m=Home&c=personal&a=my
INFO: [ app_init ] --START--
INFO: Run Behavior\BuildLiteBehavior [ RunTime:0.000000s ]
INFO: [ app_init ] --END-- [ RunTime:0.000000s ]
INFO: [ app_begin ] --START--
INFO: Run Behavior\ReadHtmlCacheBehavior [ RunTime:0.001000s ]
INFO: [ app_begin ] --END-- [ RunTime:0.001000s ]
NOTIC: [8] Use of undefined constant __ACTION - assumed '__ACTION' D:\xampp\htdocs\jianyinew\Application\Home\Controller\PersonalController.class.php 第 17 行.
SQL: SHOW COLUMNS FROM `ec_user` [ RunTime:0.0100s ]
SQL: SELECT ec_user.learntime,ec_user.avatar,ec_user.nickname,ec_user.vip,ec_user.score,ec_user.level,ec_viplevel.vip_image FROM `ec_user` left join ec_viplevel on ec_viplevel.vip_id = ec_user.vip   WHERE (  1 and ec_user.user_id =7 ) LIMIT 1   [ RunTime:0.0050s ]
SQL: SHOW COLUMNS FROM `ec_userlevel` [ RunTime:0.0110s ]
SQL: SHOW COLUMNS FROM `ec_userlevel` [ RunTime:0.0090s ]
SQL: SELECT * FROM `ec_userlevel`  [ RunTime:0.0110s ]
SQL: SHOW COLUMNS FROM `ec_buyinfo` [ RunTime:0.0090s ]
SQL: SELECT COUNT(*) AS tp_count FROM `ec_buyinfo` WHERE (  user_id ='7' and  buy_flag = 2 and course_id!=0 and buy_endtime>1512618187 ) LIMIT 1   [ RunTime:0.0030s ]
SQL: SELECT `user_id` FROM `ec_user` ORDER BY score desc  [ RunTime:0.0030s ]
SQL: SHOW COLUMNS FROM `ec_scoreinfo` [ RunTime:0.0050s ]
SQL: SELECT COUNT(*) AS tp_count FROM `ec_scoreinfo` WHERE (  1 and score_addtime >='1512576000' and score_addtime <='1512662399' and user_id='7' and scroe_type=2  ) LIMIT 1   [ RunTime:0.0040s ]
SQL: SHOW COLUMNS FROM `ec_setinfo` [ RunTime:0.0100s ]
SQL: SELECT * FROM `ec_setinfo` WHERE ( set_id=4 ) LIMIT 1   [ RunTime:0.0070s ]
SQL: SELECT * FROM `ec_setinfo` WHERE ( set_id=2 ) LIMIT 1   [ RunTime:0.0070s ]
INFO: [ view_parse ] --START--
INFO: [ template_filter ] --START--
INFO: Run Behavior\ContentReplaceBehavior [ RunTime:0.000000s ]
INFO: [ template_filter ] --END-- [ RunTime:0.000000s ]
INFO: Run Behavior\ParseTemplateBehavior [ RunTime:0.017000s ]
INFO: [ view_parse ] --END-- [ RunTime:0.017000s ]
INFO: [ view_filter ] --START--
INFO: Run Behavior\WriteHtmlCacheBehavior [ RunTime:0.001000s ]
INFO: [ view_filter ] --END-- [ RunTime:0.001000s ]
INFO: [ app_end ] --START--
INFO: Run Behavior\ShowPageTraceBehavior [ RunTime:0.001000s ]
INFO: [ app_end ] --END-- [ RunTime:0.002000s ]

[ 2017-12-07T11:43:11+08:00 ] 127.0.0.1 /index.php?m=Home&c=index&a=index
INFO: [ app_init ] --START--
INFO: Run Behavior\BuildLiteBehavior [ RunTime:0.000000s ]
INFO: [ app_init ] --END-- [ RunTime:0.000000s ]
INFO: [ app_begin ] --START--
INFO: Run Behavior\ReadHtmlCacheBehavior [ RunTime:0.001000s ]
INFO: [ app_begin ] --END-- [ RunTime:0.001000s ]
SQL: SHOW COLUMNS FROM `ec_user` [ RunTime:0.0060s ]
SQL: SELECT * FROM `ec_user` WHERE ( user_id=7 ) LIMIT 1   [ RunTime:0.0050s ]
SQL: SHOW COLUMNS FROM `ec_user` [ RunTime:0.0130s ]
SQL: SELECT * FROM `ec_user` WHERE ( user_id=7 ) LIMIT 1   [ RunTime:0.0050s ]
SQL: SELECT * FROM `ec_user` WHERE ( user_id=7 ) LIMIT 1   [ RunTime:0.0040s ]
SQL: SHOW COLUMNS FROM `ec_userlevel` [ RunTime:0.0100s ]
SQL: SELECT * FROM `ec_userlevel` WHERE ( level_learntime<='38700' ) ORDER BY level_learntime desc LIMIT 1   [ RunTime:0.0110s ]
SQL: SHOW COLUMNS FROM `ec_course` [ RunTime:0.0060s ]
SQL: SELECT * FROM `ec_course` WHERE ( course_limittime>1512618191 ) LIMIT 1   [ RunTime:0.0100s ]
SQL: SHOW COLUMNS FROM `ec_focusinfo` [ RunTime:0.0060s ]
SQL: SELECT * FROM `ec_focusinfo` WHERE ( focus_type=2 ) ORDER BY focus_sort desc LIMIT 1   [ RunTime:0.0060s ]
SQL: SELECT ec_user.*,ec_userlevel.level_name,ec_userlevel.level_image,ec_viplevel.vip_image FROM `ec_user` left join ec_userlevel on ec_userlevel.level_id = ec_user.level left join ec_viplevel on ec_viplevel.vip_id = ec_user.vip  WHERE ( ec_user.user_id=7 ) LIMIT 1   [ RunTime:0.0050s ]
SQL: SELECT * FROM `ec_focusinfo` WHERE ( focus_type=1 ) ORDER BY focus_sort desc LIMIT 4   [ RunTime:0.0040s ]
SQL: SELECT ec_course.* FROM `ec_course` left join ec_classify on ec_classify.classify_id = ec_course.classify_id  WHERE ( ec_course.course_isable=1 and ec_classify.classify_id=2 ) LIMIT 3   [ RunTime:0.0060s ]
SQL: SHOW COLUMNS FROM `ec_lesson` [ RunTime:0.0070s ]
SQL: SELECT `lesson_view` FROM `ec_lesson` WHERE ( course_id='18'  ) ORDER BY lesson_id asc LIMIT 1   [ RunTime:0.0050s ]
SQL: SELECT `lesson_view` FROM `ec_lesson` WHERE ( course_id='19'  ) ORDER BY lesson_id asc LIMIT 1   [ RunTime:0.0070s ]
SQL: SELECT `lesson_view` FROM `ec_lesson` WHERE ( course_id='22'  ) ORDER BY lesson_id asc LIMIT 1   [ RunTime:0.0060s ]
SQL: SELECT * FROM `ec_course` WHERE ( course_isable=1 and classify_id=1  ) ORDER BY course_sort desc LIMIT 1,12   [ RunTime:0.0040s ]
SQL: SELECT * FROM `ec_course` WHERE ( course_isable=1 and classify_id=1  ) ORDER BY course_sort desc LIMIT 1   [ RunTime:0.0100s ]
SQL: SHOW COLUMNS FROM `ec_scoreinfo` [ RunTime:0.0270s ]
SQL: SELECT COUNT(*) AS tp_count FROM `ec_scoreinfo` WHERE (  1 and score_addtime >='1512576000' and score_addtime <='1512662399' and user_id='7'  ) LIMIT 1   [ RunTime:0.0050s ]
INFO: [ view_parse ] --START--
INFO: [ template_filter ] --START--
INFO: Run Behavior\ContentReplaceBehavior [ RunTime:0.000000s ]
INFO: [ template_filter ] --END-- [ RunTime:0.000000s ]
NOTIC: [8] Undefined variable: live_info D:\xampp\htdocs\jianyinew\Application\Runtime\Cache\Home\2a94b8bda04ff446dcedd42276fc99ee.php 第 118 行.
INFO: Run Behavior\ParseTemplateBehavior [ RunTime:0.042000s ]
INFO: [ view_parse ] --END-- [ RunTime:0.042000s ]
INFO: [ view_filter ] --START--
INFO: Run Behavior\WriteHtmlCacheBehavior [ RunTime:0.001000s ]
INFO: [ view_filter ] --END-- [ RunTime:0.001000s ]
INFO: [ app_end ] --START--
INFO: Run Behavior\ShowPageTraceBehavior [ RunTime:0.002000s ]
INFO: [ app_end ] --END-- [ RunTime:0.002000s ]

[ 2017-12-07T14:03:38+08:00 ] 127.0.0.1 /index.php?m=Home&c=alreadybuy&a=index
INFO: [ app_init ] --START--
INFO: Run Behavior\BuildLiteBehavior [ RunTime:0.000000s ]
INFO: [ app_init ] --END-- [ RunTime:0.001000s ]
INFO: [ app_begin ] --START--
INFO: Run Behavior\ReadHtmlCacheBehavior [ RunTime:0.000000s ]
INFO: [ app_begin ] --END-- [ RunTime:0.000000s ]
SQL: SHOW COLUMNS FROM `ec_buyinfo` [ RunTime:0.0090s ]
SQL: SELECT COUNT(*) AS tp_count FROM `ec_buyinfo` left join  ec_course on ec_course.course_id=ec_buyinfo.course_id left join  ec_user on ec_user.user_id=ec_buyinfo.user_id  WHERE ( ec_buyinfo.user_id=7 and ec_buyinfo.course_id>0 and ec_buyinfo.buy_flag=2 and ec_buyinfo.buy_endtime>= 1512626617 ) LIMIT 1   [ RunTime:0.0140s ]
SQL: SELECT * FROM `ec_buyinfo` left join  ec_course on ec_course.course_id=ec_buyinfo.course_id left join  ec_user on ec_user.user_id=ec_buyinfo.user_id  WHERE ( ec_buyinfo.user_id=7 and ec_buyinfo.course_id>0 and ec_buyinfo.buy_flag=2 and ec_buyinfo.buy_endtime>= 1512626617 ) ORDER BY ec_buyinfo.buy_id desc  LIMIT 0,5   [ RunTime:0.0160s ]
INFO: [ view_parse ] --START--
INFO: [ template_filter ] --START--
INFO: Run Behavior\ContentReplaceBehavior [ RunTime:0.000000s ]
INFO: [ template_filter ] --END-- [ RunTime:0.000000s ]
INFO: Run Behavior\ParseTemplateBehavior [ RunTime:0.007000s ]
INFO: [ view_parse ] --END-- [ RunTime:0.007000s ]
INFO: [ view_filter ] --START--
INFO: Run Behavior\WriteHtmlCacheBehavior [ RunTime:0.001000s ]
INFO: [ view_filter ] --END-- [ RunTime:0.001000s ]
INFO: [ app_end ] --START--
INFO: Run Behavior\ShowPageTraceBehavior [ RunTime:0.000000s ]
INFO: [ app_end ] --END-- [ RunTime:0.000000s ]

[ 2017-12-07T14:03:39+08:00 ] 127.0.0.1 /index.php?m=Home&c=personal&a=my
INFO: [ app_init ] --START--
INFO: Run Behavior\BuildLiteBehavior [ RunTime:0.000000s ]
INFO: [ app_init ] --END-- [ RunTime:0.000000s ]
INFO: [ app_begin ] --START--
INFO: Run Behavior\ReadHtmlCacheBehavior [ RunTime:0.001000s ]
INFO: [ app_begin ] --END-- [ RunTime:0.001000s ]
NOTIC: [8] Use of undefined constant __ACTION - assumed '__ACTION' D:\xampp\htdocs\jianyinew\Application\Home\Controller\PersonalController.class.php 第 17 行.
SQL: SHOW COLUMNS FROM `ec_user` [ RunTime:0.0190s ]
SQL: SELECT ec_user.learntime,ec_user.avatar,ec_user.nickname,ec_user.vip,ec_user.score,ec_user.level,ec_viplevel.vip_image FROM `ec_user` left join ec_viplevel on ec_viplevel.vip_id = ec_user.vip   WHERE (  1 and ec_user.user_id =7 ) LIMIT 1   [ RunTime:0.0130s ]
SQL: SHOW COLUMNS FROM `ec_userlevel` [ RunTime:0.0130s ]
SQL: SHOW COLUMNS FROM `ec_userlevel` [ RunTime:0.0220s ]
SQL: SELECT * FROM `ec_userlevel`  [ RunTime:0.0250s ]
SQL: SHOW COLUMNS FROM `ec_buyinfo` [ RunTime:0.0150s ]
SQL: SELECT COUNT(*) AS tp_count FROM `ec_buyinfo` WHERE (  user_id ='7' and  buy_flag = 2 and course_id!=0 and buy_endtime>1512626618 ) LIMIT 1   [ RunTime:0.0050s ]
SQL: SELECT `user_id` FROM `ec_user` ORDER BY score desc  [ RunTime:0.0080s ]
SQL: SHOW COLUMNS FROM `ec_scoreinfo` [ RunTime:0.0160s ]
SQL: SELECT COUNT(*) AS tp_count FROM `ec_scoreinfo` WHERE (  1 and score_addtime >='1512576000' and score_addtime <='1512662399' and user_id='7' and scroe_type=2  ) LIMIT 1   [ RunTime:0.0080s ]
SQL: SHOW COLUMNS FROM `ec_setinfo` [ RunTime:0.0170s ]
SQL: SELECT * FROM `ec_setinfo` WHERE ( set_id=4 ) LIMIT 1   [ RunTime:0.0070s ]
SQL: SELECT * FROM `ec_setinfo` WHERE ( set_id=2 ) LIMIT 1   [ RunTime:0.0080s ]
INFO: [ view_parse ] --START--
INFO: [ template_filter ] --START--
INFO: Run Behavior\ContentReplaceBehavior [ RunTime:0.000000s ]
INFO: [ template_filter ] --END-- [ RunTime:0.000000s ]
INFO: Run Behavior\ParseTemplateBehavior [ RunTime:0.020000s ]
INFO: [ view_parse ] --END-- [ RunTime:0.020000s ]
INFO: [ view_filter ] --START--
INFO: Run Behavior\WriteHtmlCacheBehavior [ RunTime:0.001000s ]
INFO: [ view_filter ] --END-- [ RunTime:0.001000s ]
INFO: [ app_end ] --START--
INFO: Run Behavior\ShowPageTraceBehavior [ RunTime:0.001000s ]
INFO: [ app_end ] --END-- [ RunTime:0.001000s ]

[ 2017-12-07T14:31:47+08:00 ] 127.0.0.1 /index.php?m=home&c=user&a=myfatie&user_id=undefined&callback=jsonp1&_=1512628307005
INFO: [ app_init ] --START--
INFO: Run Behavior\BuildLiteBehavior [ RunTime:0.000000s ]
INFO: [ app_init ] --END-- [ RunTime:0.000000s ]
INFO: [ app_begin ] --START--
INFO: Run Behavior\ReadHtmlCacheBehavior [ RunTime:0.001000s ]
INFO: [ app_begin ] --END-- [ RunTime:0.001000s ]
ERR: 无法加载控制器:User

[ 2017-12-07T14:31:49+08:00 ] 127.0.0.1 /index.php?m=home&c=user&a=myfatie&user_id=undefined&callback=jsonp1&_=1512628309134
INFO: [ app_init ] --START--
INFO: Run Behavior\BuildLiteBehavior [ RunTime:0.000000s ]
INFO: [ app_init ] --END-- [ RunTime:0.001000s ]
INFO: [ app_begin ] --START--
INFO: Run Behavior\ReadHtmlCacheBehavior [ RunTime:0.000000s ]
INFO: [ app_begin ] --END-- [ RunTime:0.000000s ]
ERR: 无法加载控制器:User

[ 2017-12-07T14:31:49+08:00 ] 127.0.0.1 /index.php?m=home&c=user&a=myfatie&user_id=undefined&callback=jsonp1&_=1512628309360
INFO: [ app_init ] --START--
INFO: Run Behavior\BuildLiteBehavior [ RunTime:0.000000s ]
INFO: [ app_init ] --END-- [ RunTime:0.000000s ]
INFO: [ app_begin ] --START--
INFO: Run Behavior\ReadHtmlCacheBehavior [ RunTime:0.001000s ]
INFO: [ app_begin ] --END-- [ RunTime:0.001000s ]
ERR: 无法加载控制器:User

[ 2017-12-07T14:31:49+08:00 ] 127.0.0.1 /index.php?m=home&c=user&a=myfatie&user_id=undefined&callback=jsonp1&_=1512628309427
INFO: [ app_init ] --START--
INFO: Run Behavior\BuildLiteBehavior [ RunTime:0.000000s ]
INFO: [ app_init ] --END-- [ RunTime:0.000000s ]
INFO: [ app_begin ] --START--
INFO: Run Behavior\ReadHtmlCacheBehavior [ RunTime:0.001000s ]
INFO: [ app_begin ] --END-- [ RunTime:0.001000s ]
ERR: 无法加载控制器:User

[ 2017-12-07T14:31:49+08:00 ] 127.0.0.1 /index.php?m=home&c=user&a=myfatie&user_id=undefined&callback=jsonp1&_=1512628309518
INFO: [ app_init ] --START--
INFO: Run Behavior\BuildLiteBehavior [ RunTime:0.000000s ]
INFO: [ app_init ] --END-- [ RunTime:0.000000s ]
INFO: [ app_begin ] --START--
INFO: Run Behavior\ReadHtmlCacheBehavior [ RunTime:0.001000s ]
INFO: [ app_begin ] --END-- [ RunTime:0.001000s ]
ERR: 无法加载控制器:User

[ 2017-12-07T14:31:49+08:00 ] 127.0.0.1 /index.php?m=home&c=user&a=myfatie&user_id=undefined&callback=jsonp1&_=1512628309602
INFO: [ app_init ] --START--
INFO: Run Behavior\BuildLiteBehavior [ RunTime:0.000000s ]
INFO: [ app_init ] --END-- [ RunTime:0.001000s ]
INFO: [ app_begin ] --START--
INFO: Run Behavior\ReadHtmlCacheBehavior [ RunTime:0.000000s ]
INFO: [ app_begin ] --END-- [ RunTime:0.000000s ]
ERR: 无法加载控制器:User

[ 2017-12-07T14:31:49+08:00 ] 127.0.0.1 /index.php?m=home&c=user&a=myfatie&user_id=undefined&callback=jsonp1&_=1512628309704
INFO: [ app_init ] --START--
INFO: Run Behavior\BuildLiteBehavior [ RunTime:0.000000s ]
INFO: [ app_init ] --END-- [ RunTime:0.000000s ]
INFO: [ app_begin ] --START--
INFO: Run Behavior\ReadHtmlCacheBehavior [ RunTime:0.001000s ]
INFO: [ app_begin ] --END-- [ RunTime:0.001000s ]
ERR: 无法加载控制器:User

[ 2017-12-07T14:31:49+08:00 ] 127.0.0.1 /index.php?m=home&c=user&a=myfatie&user_id=undefined&callback=jsonp1&_=1512628309785
INFO: [ app_init ] --START--
INFO: Run Behavior\BuildLiteBehavior [ RunTime:0.000000s ]
INFO: [ app_init ] --END-- [ RunTime:0.000000s ]
INFO: [ app_begin ] --START--
INFO: Run Behavior\ReadHtmlCacheBehavior [ RunTime:0.000000s ]
INFO: [ app_begin ] --END-- [ RunTime:0.001000s ]
ERR: 无法加载控制器:User

[ 2017-12-07T14:31:49+08:00 ] 127.0.0.1 /index.php?m=home&c=user&a=myfatie&user_id=undefined&callback=jsonp1&_=1512628309937
INFO: [ app_init ] --START--
INFO: Run Behavior\BuildLiteBehavior [ RunTime:0.000000s ]
INFO: [ app_init ] --END-- [ RunTime:0.001000s ]
INFO: [ app_begin ] --START--
INFO: Run Behavior\ReadHtmlCacheBehavior [ RunTime:0.001000s ]
INFO: [ app_begin ] --END-- [ RunTime:0.001000s ]
ERR: 无法加载控制器:User

[ 2017-12-07T14:31:50+08:00 ] 127.0.0.1 /index.php?m=home&c=user&a=myfatie&user_id=undefined&callback=jsonp1&_=1512628309999
INFO: [ app_init ] --START--
INFO: Run Behavior\BuildLiteBehavior [ RunTime:0.000000s ]
INFO: [ app_init ] --END-- [ RunTime:0.000000s ]
INFO: [ app_begin ] --START--
INFO: Run Behavior\ReadHtmlCacheBehavior [ RunTime:0.001000s ]
INFO: [ app_begin ] --END-- [ RunTime:0.001000s ]
ERR: 无法加载控制器:User

[ 2017-12-07T14:32:17+08:00 ] 127.0.0.1 /index.php?m=home&c=bookinfo&a=myfatie&user_id=undefined&callback=jsonp1&_=1512628337220
INFO: [ app_init ] --START--
INFO: Run Behavior\BuildLiteBehavior [ RunTime:0.000000s ]
INFO: [ app_init ] --END-- [ RunTime:0.000000s ]
INFO: [ app_begin ] --START--
INFO: Run Behavior\ReadHtmlCacheBehavior [ RunTime:0.001000s ]
INFO: [ app_begin ] --END-- [ RunTime:0.001000s ]

[ 2017-12-07T14:32:17+08:00 ] 127.0.0.1 /index.php?m=Home&c=index&a=index
INFO: [ app_init ] --START--
INFO: Run Behavior\BuildLiteBehavior [ RunTime:0.000000s ]
INFO: [ app_init ] --END-- [ RunTime:0.000000s ]
INFO: [ app_begin ] --START--
INFO: Run Behavior\ReadHtmlCacheBehavior [ RunTime:0.001000s ]
INFO: [ app_begin ] --END-- [ RunTime:0.001000s ]
SQL: SHOW COLUMNS FROM `ec_user` [ RunTime:0.0080s ]
SQL: SELECT * FROM `ec_user` WHERE ( user_id=7 ) LIMIT 1   [ RunTime:0.0060s ]
SQL: SHOW COLUMNS FROM `ec_user` [ RunTime:0.0060s ]
SQL: SELECT * FROM `ec_user` WHERE ( user_id=7 ) LIMIT 1   [ RunTime:0.0050s ]
SQL: SELECT * FROM `ec_user` WHERE ( user_id=7 ) LIMIT 1   [ RunTime:0.0060s ]
SQL: SHOW COLUMNS FROM `ec_userlevel` [ RunTime:0.0070s ]
SQL: SELECT * FROM `ec_userlevel` WHERE ( level_learntime<='38700' ) ORDER BY level_learntime desc LIMIT 1   [ RunTime:0.0080s ]
SQL: SHOW COLUMNS FROM `ec_course` [ RunTime:0.0230s ]
SQL: SELECT * FROM `ec_course` WHERE ( course_limittime>1512628337 ) LIMIT 1   [ RunTime:0.0060s ]
SQL: SHOW COLUMNS FROM `ec_focusinfo` [ RunTime:0.0110s ]
SQL: SELECT * FROM `ec_focusinfo` WHERE ( focus_type=2 ) ORDER BY focus_sort desc LIMIT 1   [ RunTime:0.0060s ]
SQL: SELECT ec_user.*,ec_userlevel.level_name,ec_userlevel.level_image,ec_viplevel.vip_image FROM `ec_user` left join ec_userlevel on ec_userlevel.level_id = ec_user.level left join ec_viplevel on ec_viplevel.vip_id = ec_user.vip  WHERE ( ec_user.user_id=7 ) LIMIT 1   [ RunTime:0.0110s ]
SQL: SELECT * FROM `ec_focusinfo` WHERE ( focus_type=1 ) ORDER BY focus_sort desc LIMIT 4   [ RunTime:0.0090s ]
SQL: SELECT ec_course.* FROM `ec_course` left join ec_classify on ec_classify.classify_id = ec_course.classify_id  WHERE ( ec_course.course_isable=1 and ec_classify.classify_id=2 ) LIMIT 3   [ RunTime:0.0090s ]
SQL: SHOW COLUMNS FROM `ec_lesson` [ RunTime:0.0090s ]
SQL: SELECT `lesson_view` FROM `ec_lesson` WHERE ( course_id='18'  ) ORDER BY lesson_id asc LIMIT 1   [ RunTime:0.0060s ]
SQL: SELECT `lesson_view` FROM `ec_lesson` WHERE ( course_id='19'  ) ORDER BY lesson_id asc LIMIT 1   [ RunTime:0.0080s ]
SQL: SELECT `lesson_view` FROM `ec_lesson` WHERE ( course_id='22'  ) ORDER BY lesson_id asc LIMIT 1   [ RunTime:0.0120s ]
SQL: SELECT * FROM `ec_course` WHERE ( course_isable=1 and classify_id=1  ) ORDER BY course_sort desc LIMIT 1,12   [ RunTime:0.0190s ]
SQL: SELECT * FROM `ec_course` WHERE ( course_isable=1 and classify_id=1  ) ORDER BY course_sort desc LIMIT 1   [ RunTime:0.0130s ]
SQL: SHOW COLUMNS FROM `ec_scoreinfo` [ RunTime:0.0250s ]
SQL: SELECT COUNT(*) AS tp_count FROM `ec_scoreinfo` WHERE (  1 and score_addtime >='1512576000' and score_addtime <='1512662399' and user_id='7'  ) LIMIT 1   [ RunTime:0.0050s ]
INFO: [ view_parse ] --START--
INFO: [ template_filter ] --START--
INFO: Run Behavior\ContentReplaceBehavior [ RunTime:0.000000s ]
INFO: [ template_filter ] --END-- [ RunTime:0.000000s ]
NOTIC: [8] Undefined variable: live_info D:\xampp\htdocs\jianyinew\Application\Runtime\Cache\Home\2a94b8bda04ff446dcedd42276fc99ee.php 第 118 行.
INFO: Run Behavior\ParseTemplateBehavior [ RunTime:0.041000s ]
INFO: [ view_parse ] --END-- [ RunTime:0.041000s ]
INFO: [ view_filter ] --START--
INFO: Run Behavior\WriteHtmlCacheBehavior [ RunTime:0.001000s ]
INFO: [ view_filter ] --END-- [ RunTime:0.001000s ]
INFO: [ app_end ] --START--
INFO: Run Behavior\ShowPageTraceBehavior [ RunTime:0.000000s ]
INFO: [ app_end ] --END-- [ RunTime:0.001000s ]

[ 2017-12-07T14:32:45+08:00 ] 127.0.0.1 /index.php?m=home&c=bookinfo&a=wodeyuyue&user_id=undefined&callback=jsonp1&_=1512628364999
INFO: [ app_init ] --START--
INFO: Run Behavior\BuildLiteBehavior [ RunTime:0.000000s ]
INFO: [ app_init ] --END-- [ RunTime:0.000000s ]
INFO: [ app_begin ] --START--
INFO: Run Behavior\ReadHtmlCacheBehavior [ RunTime:0.001000s ]
INFO: [ app_begin ] --END-- [ RunTime:0.001000s ]
SQL: SHOW COLUMNS FROM `ec_signinfo` [ RunTime:0.0150s ]
SQL: SELECT COUNT(*) AS tp_count FROM `ec_signinfo`  left join ec_workinfo as a ON a.work_id = ec_signinfo.work_id  WHERE ( ec_signinfo.pay_flag = 2 and ec_signinfo.user_id=7 ) LIMIT 1   [ RunTime:0.1060s ]
SQL: SELECT a.work_title,a.work_time,a.work_address,ec_signinfo.num FROM `ec_signinfo`  left join ec_workinfo as a ON a.work_id = ec_signinfo.work_id  WHERE ( ec_signinfo.pay_flag = 2 and ec_signinfo.user_id=7 ) ORDER BY ec_signinfo.sign_id desc LIMIT 0,6   [ RunTime:0.0420s ]
INFO: [ view_parse ] --START--
INFO: [ template_filter ] --START--
INFO: Run Behavior\ContentReplaceBehavior [ RunTime:0.000000s ]
INFO: [ template_filter ] --END-- [ RunTime:0.000000s ]
INFO: Run Behavior\ParseTemplateBehavior [ RunTime:0.018000s ]
INFO: [ view_parse ] --END-- [ RunTime:0.018000s ]
INFO: [ view_filter ] --START--
INFO: Run Behavior\WriteHtmlCacheBehavior [ RunTime:0.002000s ]
INFO: [ view_filter ] --END-- [ RunTime:0.002000s ]
INFO: [ app_end ] --START--
INFO: Run Behavior\ShowPageTraceBehavior [ RunTime:0.002000s ]
INFO: [ app_end ] --END-- [ RunTime:0.002000s ]

[ 2017-12-07T14:33:01+08:00 ] 127.0.0.1 /index.php?m=home&c=bookinfo&a=wodeyuyuecallback=jsonp1&_=1512628381045
INFO: [ app_init ] --START--
INFO: Run Behavior\BuildLiteBehavior [ RunTime:0.000000s ]
INFO: [ app_init ] --END-- [ RunTime:0.000000s ]
INFO: [ app_begin ] --START--
INFO: Run Behavior\ReadHtmlCacheBehavior [ RunTime:0.000000s ]
INFO: [ app_begin ] --END-- [ RunTime:0.000000s ]

[ 2017-12-07T14:33:03+08:00 ] 127.0.0.1 /index.php?m=home&c=bookinfo&a=wodeyuyue&callback=jsonp1&_=1512628383517
INFO: [ app_init ] --START--
INFO: Run Behavior\BuildLiteBehavior [ RunTime:0.000000s ]
INFO: [ app_init ] --END-- [ RunTime:0.000000s ]
INFO: [ app_begin ] --START--
INFO: Run Behavior\ReadHtmlCacheBehavior [ RunTime:0.000000s ]
INFO: [ app_begin ] --END-- [ RunTime:0.001000s ]
SQL: SHOW COLUMNS FROM `ec_signinfo` [ RunTime:0.0110s ]
SQL: SELECT COUNT(*) AS tp_count FROM `ec_signinfo`  left join ec_workinfo as a ON a.work_id = ec_signinfo.work_id  WHERE ( ec_signinfo.pay_flag = 2 and ec_signinfo.user_id=7 ) LIMIT 1   [ RunTime:0.0150s ]
SQL: SELECT a.work_title,a.work_time,a.work_address,ec_signinfo.num FROM `ec_signinfo`  left join ec_workinfo as a ON a.work_id = ec_signinfo.work_id  WHERE ( ec_signinfo.pay_flag = 2 and ec_signinfo.user_id=7 ) ORDER BY ec_signinfo.sign_id desc LIMIT 0,6   [ RunTime:0.0270s ]
INFO: [ view_parse ] --START--
INFO: [ template_filter ] --START--
INFO: Run Behavior\ContentReplaceBehavior [ RunTime:0.000000s ]
INFO: [ template_filter ] --END-- [ RunTime:0.000000s ]
INFO: Run Behavior\ParseTemplateBehavior [ RunTime:0.019000s ]
INFO: [ view_parse ] --END-- [ RunTime:0.019000s ]
INFO: [ view_filter ] --START--
INFO: Run Behavior\WriteHtmlCacheBehavior [ RunTime:0.002000s ]
INFO: [ view_filter ] --END-- [ RunTime:0.002000s ]
INFO: [ app_end ] --START--
INFO: Run Behavior\ShowPageTraceBehavior [ RunTime:0.002000s ]
INFO: [ app_end ] --END-- [ RunTime:0.002000s ]

[ 2017-12-07T14:33:29+08:00 ] 127.0.0.1 /index.php?m=home&c=bookinfo&a=wodeyuyue&callback=jsonp1&_=1512628408838
INFO: [ app_init ] --START--
INFO: Run Behavior\BuildLiteBehavior [ RunTime:0.000000s ]
INFO: [ app_init ] --END-- [ RunTime:0.000000s ]
INFO: [ app_begin ] --START--
INFO: Run Behavior\ReadHtmlCacheBehavior [ RunTime:0.000000s ]
INFO: [ app_begin ] --END-- [ RunTime:0.000000s ]
SQL: SHOW COLUMNS FROM `ec_signinfo` [ RunTime:0.0210s ]
SQL: SELECT COUNT(*) AS tp_count FROM `ec_signinfo`  left join ec_workinfo as a ON a.work_id = ec_signinfo.work_id  WHERE ( ec_signinfo.pay_flag = 2 and ec_signinfo.user_id=7 ) LIMIT 1   [ RunTime:0.0090s ]
SQL: SELECT a.work_title,a.work_time,a.work_address,ec_signinfo.num FROM `ec_signinfo`  left join ec_workinfo as a ON a.work_id = ec_signinfo.work_id  WHERE ( ec_signinfo.pay_flag = 2 and ec_signinfo.user_id=7 ) ORDER BY ec_signinfo.sign_id desc LIMIT 0,6   [ RunTime:0.0620s ]
NOTIC: [2] Missing argument 1 for dump(), called in D:\xampp\htdocs\jianyinew\Application\Home\Controller\BookinfoController.class.php on line 90 and defined D:\xampp\htdocs\jianyinew\ThinkPHP\Common\functions.php 第 831 行.
NOTIC: [8] Undefined variable: var D:\xampp\htdocs\jianyinew\ThinkPHP\Common\functions.php 第 842 行.
INFO: [ view_parse ] --START--
INFO: [ template_filter ] --START--
INFO: Run Behavior\ContentReplaceBehavior [ RunTime:0.000000s ]
INFO: [ template_filter ] --END-- [ RunTime:0.000000s ]
INFO: Run Behavior\ParseTemplateBehavior [ RunTime:0.020000s ]
INFO: [ view_parse ] --END-- [ RunTime:0.020000s ]
INFO: [ view_filter ] --START--
INFO: Run Behavior\WriteHtmlCacheBehavior [ RunTime:0.001000s ]
INFO: [ view_filter ] --END-- [ RunTime:0.001000s ]
INFO: [ app_end ] --START--
INFO: Run Behavior\ShowPageTraceBehavior [ RunTime:0.002000s ]
INFO: [ app_end ] --END-- [ RunTime:0.002000s ]

[ 2017-12-07T14:33:29+08:00 ] 127.0.0.1 /index.php?m=home&c=bookinfo&a=wodeyuyue&callback=jsonp1&_=1512628409420
INFO: [ app_init ] --START--
INFO: Run Behavior\BuildLiteBehavior [ RunTime:0.000000s ]
INFO: [ app_init ] --END-- [ RunTime:0.000000s ]
INFO: [ app_begin ] --START--
INFO: Run Behavior\ReadHtmlCacheBehavior [ RunTime:0.001000s ]
INFO: [ app_begin ] --END-- [ RunTime:0.001000s ]
SQL: SHOW COLUMNS FROM `ec_signinfo` [ RunTime:0.0080s ]
SQL: SELECT COUNT(*) AS tp_count FROM `ec_signinfo`  left join ec_workinfo as a ON a.work_id = ec_signinfo.work_id  WHERE ( ec_signinfo.pay_flag = 2 and ec_signinfo.user_id=7 ) LIMIT 1   [ RunTime:0.0100s ]
SQL: SELECT a.work_title,a.work_time,a.work_address,ec_signinfo.num FROM `ec_signinfo`  left join ec_workinfo as a ON a.work_id = ec_signinfo.work_id  WHERE ( ec_signinfo.pay_flag = 2 and ec_signinfo.user_id=7 ) ORDER BY ec_signinfo.sign_id desc LIMIT 0,6   [ RunTime:0.0060s ]
NOTIC: [2] Missing argument 1 for dump(), called in D:\xampp\htdocs\jianyinew\Application\Home\Controller\BookinfoController.class.php on line 90 and defined D:\xampp\htdocs\jianyinew\ThinkPHP\Common\functions.php 第 831 行.
NOTIC: [8] Undefined variable: var D:\xampp\htdocs\jianyinew\ThinkPHP\Common\functions.php 第 842 行.
INFO: [ view_parse ] --START--
INFO: [ template_filter ] --START--
INFO: Run Behavior\ContentReplaceBehavior [ RunTime:0.001000s ]
INFO: [ template_filter ] --END-- [ RunTime:0.001000s ]
INFO: Run Behavior\ParseTemplateBehavior [ RunTime:0.018000s ]
INFO: [ view_parse ] --END-- [ RunTime:0.018000s ]
INFO: [ view_filter ] --START--
INFO: Run Behavior\WriteHtmlCacheBehavior [ RunTime:0.001000s ]
INFO: [ view_filter ] --END-- [ RunTime:0.001000s ]
INFO: [ app_end ] --START--
INFO: Run Behavior\ShowPageTraceBehavior [ RunTime:0.001000s ]
INFO: [ app_end ] --END-- [ RunTime:0.001000s ]

[ 2017-12-07T14:33:29+08:00 ] 127.0.0.1 /index.php?m=home&c=bookinfo&a=wodeyuyue&callback=jsonp1&_=1512628409788
INFO: [ app_init ] --START--
INFO: Run Behavior\BuildLiteBehavior [ RunTime:0.000000s ]
INFO: [ app_init ] --END-- [ RunTime:0.001000s ]
INFO: [ app_begin ] --START--
INFO: Run Behavior\ReadHtmlCacheBehavior [ RunTime:0.001000s ]
INFO: [ app_begin ] --END-- [ RunTime:0.001000s ]
SQL: SHOW COLUMNS FROM `ec_signinfo` [ RunTime:0.0070s ]
SQL: SELECT COUNT(*) AS tp_count FROM `ec_signinfo`  left join ec_workinfo as a ON a.work_id = ec_signinfo.work_id  WHERE ( ec_signinfo.pay_flag = 2 and ec_signinfo.user_id=7 ) LIMIT 1   [ RunTime:0.0100s ]
SQL: SELECT a.work_title,a.work_time,a.work_address,ec_signinfo.num FROM `ec_signinfo`  left join ec_workinfo as a ON a.work_id = ec_signinfo.work_id  WHERE ( ec_signinfo.pay_flag = 2 and ec_signinfo.user_id=7 ) ORDER BY ec_signinfo.sign_id desc LIMIT 0,6   [ RunTime:0.0110s ]
NOTIC: [2] Missing argument 1 for dump(), called in D:\xampp\htdocs\jianyinew\Application\Home\Controller\BookinfoController.class.php on line 90 and defined D:\xampp\htdocs\jianyinew\ThinkPHP\Common\functions.php 第 831 行.
NOTIC: [8] Undefined variable: var D:\xampp\htdocs\jianyinew\ThinkPHP\Common\functions.php 第 842 行.
INFO: [ view_parse ] --START--
INFO: [ template_filter ] --START--
INFO: Run Behavior\ContentReplaceBehavior [ RunTime:0.001000s ]
INFO: [ template_filter ] --END-- [ RunTime:0.001000s ]
INFO: Run Behavior\ParseTemplateBehavior [ RunTime:0.018000s ]
INFO: [ view_parse ] --END-- [ RunTime:0.018000s ]
INFO: [ view_filter ] --START--
INFO: Run Behavior\WriteHtmlCacheBehavior [ RunTime:0.001000s ]
INFO: [ view_filter ] --END-- [ RunTime:0.001000s ]
INFO: [ app_end ] --START--
INFO: Run Behavior\ShowPageTraceBehavior [ RunTime:0.002000s ]
INFO: [ app_end ] --END-- [ RunTime:0.002000s ]

[ 2017-12-07T14:37:13+08:00 ] 127.0.0.1 /index.php?m=home&c=bookinfo&a=wodeyuyue&callback=jsonp1&_=1512628632578
INFO: [ app_init ] --START--
INFO: Run Behavior\BuildLiteBehavior [ RunTime:0.000000s ]
INFO: [ app_init ] --END-- [ RunTime:0.000000s ]
INFO: [ app_begin ] --START--
INFO: Run Behavior\ReadHtmlCacheBehavior [ RunTime:0.000000s ]
INFO: [ app_begin ] --END-- [ RunTime:0.001000s ]
SQL: SHOW COLUMNS FROM `ec_signinfo` [ RunTime:0.0340s ]
SQL: SELECT COUNT(*) AS tp_count FROM `ec_signinfo`  left join ec_workinfo as a ON a.work_id = ec_signinfo.work_id  WHERE ( ec_signinfo.pay_flag = 2 and ec_signinfo.user_id=7 ) LIMIT 1   [ RunTime:0.0550s ]
SQL: SELECT a.work_title,a.work_time,a.work_address,ec_signinfo.num FROM `ec_signinfo`  left join ec_workinfo as a ON a.work_id = ec_signinfo.work_id  WHERE ( ec_signinfo.pay_flag = 2 and ec_signinfo.user_id=7 ) ORDER BY ec_signinfo.sign_id desc LIMIT 0,6   [ RunTime:0.3150s ]
NOTIC: [2] Missing argument 1 for dump(), called in D:\xampp\htdocs\jianyinew\Application\Home\Controller\BookinfoController.class.php on line 90 and defined D:\xampp\htdocs\jianyinew\ThinkPHP\Common\functions.php 第 831 行.
NOTIC: [8] Undefined variable: var D:\xampp\htdocs\jianyinew\ThinkPHP\Common\functions.php 第 842 行.
INFO: [ view_parse ] --START--
INFO: [ template_filter ] --START--
INFO: Run Behavior\ContentReplaceBehavior [ RunTime:0.000000s ]
INFO: [ template_filter ] --END-- [ RunTime:0.000000s ]
INFO: Run Behavior\ParseTemplateBehavior [ RunTime:0.020000s ]
INFO: [ view_parse ] --END-- [ RunTime:0.020000s ]
INFO: [ view_filter ] --START--
INFO: Run Behavior\WriteHtmlCacheBehavior [ RunTime:0.001000s ]
INFO: [ view_filter ] --END-- [ RunTime:0.001000s ]
INFO: [ app_end ] --START--
INFO: Run Behavior\ShowPageTraceBehavior [ RunTime:0.001000s ]
INFO: [ app_end ] --END-- [ RunTime:0.001000s ]

[ 2017-12-07T14:38:54+08:00 ] 127.0.0.1 /index.php?m=home&c=bookinfo&a=wodeyuyue&callback=jsonp1&_=1512628732219
INFO: [ app_init ] --START--
INFO: Run Behavior\BuildLiteBehavior [ RunTime:0.000000s ]
INFO: [ app_init ] --END-- [ RunTime:0.000000s ]
INFO: [ app_begin ] --START--
INFO: Run Behavior\ReadHtmlCacheBehavior [ RunTime:0.000000s ]
INFO: [ app_begin ] --END-- [ RunTime:0.000000s ]
SQL: SHOW COLUMNS FROM `ec_signinfo` [ RunTime:0.0170s ]
SQL: SELECT COUNT(*) AS tp_count FROM `ec_signinfo`  left join ec_workinfo as a ON a.work_id = ec_signinfo.work_id  WHERE ( ec_signinfo.pay_flag = 2 and ec_signinfo.user_id=7 ) LIMIT 1   [ RunTime:0.0790s ]
SQL: SELECT a.work_title,a.work_time,a.work_address,ec_signinfo.num FROM `ec_signinfo`  left join ec_workinfo as a ON a.work_id = ec_signinfo.work_id  WHERE ( ec_signinfo.pay_flag = 2 and ec_signinfo.user_id=7 ) ORDER BY ec_signinfo.sign_id desc LIMIT 0,6   [ RunTime:0.0780s ]
NOTIC: [8] Undefined variable: status D:\xampp\htdocs\jianyinew\Application\Home\Controller\BookinfoController.class.php 第 88 行.
NOTIC: [8] Undefined variable: msg D:\xampp\htdocs\jianyinew\Application\Home\Controller\BookinfoController.class.php 第 88 行.

[ 2017-12-07T14:39:00+08:00 ] 127.0.0.1 /index.php?m=home&c=bookinfo&a=wodeyuyue&callback=jsonp1&_=1512628740655
INFO: [ app_init ] --START--
INFO: Run Behavior\BuildLiteBehavior [ RunTime:0.000000s ]
INFO: [ app_init ] --END-- [ RunTime:0.000000s ]
INFO: [ app_begin ] --START--
INFO: Run Behavior\ReadHtmlCacheBehavior [ RunTime:0.000000s ]
INFO: [ app_begin ] --END-- [ RunTime:0.000000s ]
SQL: SHOW COLUMNS FROM `ec_signinfo` [ RunTime:0.0130s ]
SQL: SELECT COUNT(*) AS tp_count FROM `ec_signinfo`  left join ec_workinfo as a ON a.work_id = ec_signinfo.work_id  WHERE ( ec_signinfo.pay_flag = 2 and ec_signinfo.user_id=7 ) LIMIT 1   [ RunTime:0.0180s ]
SQL: SELECT a.work_title,a.work_time,a.work_address,ec_signinfo.num FROM `ec_signinfo`  left join ec_workinfo as a ON a.work_id = ec_signinfo.work_id  WHERE ( ec_signinfo.pay_flag = 2 and ec_signinfo.user_id=7 ) ORDER BY ec_signinfo.sign_id desc LIMIT 0,6   [ RunTime:0.0260s ]
NOTIC: [8] Undefined variable: status D:\xampp\htdocs\jianyinew\Application\Home\Controller\BookinfoController.class.php 第 88 行.
NOTIC: [8] Undefined variable: msg D:\xampp\htdocs\jianyinew\Application\Home\Controller\BookinfoController.class.php 第 88 行.

[ 2017-12-07T14:39:11+08:00 ] 127.0.0.1 /index.php?m=home&c=bookinfo&a=wodeyuyue&callback=jsonp1&_=1512628751074
INFO: [ app_init ] --START--
INFO: Run Behavior\BuildLiteBehavior [ RunTime:0.000000s ]
INFO: [ app_init ] --END-- [ RunTime:0.000000s ]
INFO: [ app_begin ] --START--
INFO: Run Behavior\ReadHtmlCacheBehavior [ RunTime:0.000000s ]
INFO: [ app_begin ] --END-- [ RunTime:0.000000s ]
SQL: SHOW COLUMNS FROM `ec_signinfo` [ RunTime:0.0600s ]
SQL: SELECT COUNT(*) AS tp_count FROM `ec_signinfo`  left join ec_workinfo as a ON a.work_id = ec_signinfo.work_id  WHERE ( ec_signinfo.pay_flag = 2 and ec_signinfo.user_id=7 ) LIMIT 1   [ RunTime:0.0480s ]
SQL: SELECT a.work_title,a.work_time,a.work_address,ec_signinfo.num FROM `ec_signinfo`  left join ec_workinfo as a ON a.work_id = ec_signinfo.work_id  WHERE ( ec_signinfo.pay_flag = 2 and ec_signinfo.user_id=7 ) ORDER BY ec_signinfo.sign_id desc LIMIT 0,6   [ RunTime:0.0580s ]
NOTIC: [8] Undefined variable: status D:\xampp\htdocs\jianyinew\Application\Home\Controller\BookinfoController.class.php 第 88 行.
NOTIC: [8] Undefined variable: msg D:\xampp\htdocs\jianyinew\Application\Home\Controller\BookinfoController.class.php 第 88 行.

[ 2017-12-07T14:39:14+08:00 ] 127.0.0.1 /index.php?m=home&c=bookinfo&a=wodeyuyue&callback=jsonp1&_=1512628754732
INFO: [ app_init ] --START--
INFO: Run Behavior\BuildLiteBehavior [ RunTime:0.000000s ]
INFO: [ app_init ] --END-- [ RunTime:0.000000s ]
INFO: [ app_begin ] --START--
INFO: Run Behavior\ReadHtmlCacheBehavior [ RunTime:0.001000s ]
INFO: [ app_begin ] --END-- [ RunTime:0.001000s ]
SQL: SHOW COLUMNS FROM `ec_signinfo` [ RunTime:0.0250s ]
SQL: SELECT COUNT(*) AS tp_count FROM `ec_signinfo`  left join ec_workinfo as a ON a.work_id = ec_signinfo.work_id  WHERE ( ec_signinfo.pay_flag = 2 and ec_signinfo.user_id=7 ) LIMIT 1   [ RunTime:0.0290s ]
SQL: SELECT a.work_title,a.work_time,a.work_address,ec_signinfo.num FROM `ec_signinfo`  left join ec_workinfo as a ON a.work_id = ec_signinfo.work_id  WHERE ( ec_signinfo.pay_flag = 2 and ec_signinfo.user_id=7 ) ORDER BY ec_signinfo.sign_id desc LIMIT 0,6   [ RunTime:0.0070s ]
NOTIC: [8] Undefined variable: status D:\xampp\htdocs\jianyinew\Application\Home\Controller\BookinfoController.class.php 第 88 行.
NOTIC: [8] Undefined variable: msg D:\xampp\htdocs\jianyinew\Application\Home\Controller\BookinfoController.class.php 第 88 行.

[ 2017-12-07T14:39:43+08:00 ] 127.0.0.1 /index.php?m=home&c=bookinfo&a=wodeyuyue&callback=jsonp1&_=1512628782889
INFO: [ app_init ] --START--
INFO: Run Behavior\BuildLiteBehavior [ RunTime:0.000000s ]
INFO: [ app_init ] --END-- [ RunTime:0.001000s ]
INFO: [ app_begin ] --START--
INFO: Run Behavior\ReadHtmlCacheBehavior [ RunTime:0.000000s ]
INFO: [ app_begin ] --END-- [ RunTime:0.001000s ]
SQL: SHOW COLUMNS FROM `ec_signinfo` [ RunTime:0.0800s ]
SQL: SELECT COUNT(*) AS tp_count FROM `ec_signinfo`  left join ec_workinfo as a ON a.work_id = ec_signinfo.work_id  WHERE ( ec_signinfo.pay_flag = 2 and ec_signinfo.user_id=6 ) LIMIT 1   [ RunTime:0.0060s ]
SQL: SELECT a.work_title,a.work_time,a.work_address,ec_signinfo.num FROM `ec_signinfo`  left join ec_workinfo as a ON a.work_id = ec_signinfo.work_id  WHERE ( ec_signinfo.pay_flag = 2 and ec_signinfo.user_id=6 ) ORDER BY ec_signinfo.sign_id desc LIMIT 0,6   [ RunTime:0.0050s ]
NOTIC: [8] Undefined variable: status D:\xampp\htdocs\jianyinew\Application\Home\Controller\BookinfoController.class.php 第 88 行.
NOTIC: [8] Undefined variable: msg D:\xampp\htdocs\jianyinew\Application\Home\Controller\BookinfoController.class.php 第 88 行.

[ 2017-12-07T14:40:59+08:00 ] 127.0.0.1 /index.php?m=home&c=bookinfo&a=wodeyuyue&callback=jsonp1&_=1512628859332
INFO: [ app_init ] --START--
INFO: Run Behavior\BuildLiteBehavior [ RunTime:0.000000s ]
INFO: [ app_init ] --END-- [ RunTime:0.001000s ]
INFO: [ app_begin ] --START--
INFO: Run Behavior\ReadHtmlCacheBehavior [ RunTime:0.000000s ]
INFO: [ app_begin ] --END-- [ RunTime:0.000000s ]
SQL: SHOW COLUMNS FROM `ec_payinfo` [ RunTime:0.0070s ]
SQL: SELECT * FROM `ec_payinfo`  [ RunTime:0.0090s ]
NOTIC: [8] Undefined variable: status D:\xampp\htdocs\jianyinew\Application\Home\Controller\BookinfoController.class.php 第 71 行.
NOTIC: [8] Undefined variable: msg D:\xampp\htdocs\jianyinew\Application\Home\Controller\BookinfoController.class.php 第 71 行.

[ 2017-12-07T14:41:42+08:00 ] 127.0.0.1 /index.php?m=home&c=bookinfo&a=wodeyuyue&callback=jsonp1&_=1512628902345
INFO: [ app_init ] --START--
INFO: Run Behavior\BuildLiteBehavior [ RunTime:0.000000s ]
INFO: [ app_init ] --END-- [ RunTime:0.000000s ]
INFO: [ app_begin ] --START--
INFO: Run Behavior\ReadHtmlCacheBehavior [ RunTime:0.001000s ]
INFO: [ app_begin ] --END-- [ RunTime:0.001000s ]
SQL: SHOW COLUMNS FROM `ec_payinfo` [ RunTime:0.0070s ]
SQL: SELECT * FROM `ec_payinfo`  [ RunTime:0.0090s ]

[ 2017-12-07T14:42:01+08:00 ] 127.0.0.1 /index.php?m=home&c=bookinfo&a=wodeyuyue&callback=jsonp1&_=1512628921089
INFO: [ app_init ] --START--
INFO: Run Behavior\BuildLiteBehavior [ RunTime:0.000000s ]
INFO: [ app_init ] --END-- [ RunTime:0.000000s ]
INFO: [ app_begin ] --START--
INFO: Run Behavior\ReadHtmlCacheBehavior [ RunTime:0.000000s ]
INFO: [ app_begin ] --END-- [ RunTime:0.000000s ]
SQL: SHOW COLUMNS FROM `ec_payinfo` [ RunTime:0.0460s ]
SQL: SELECT * FROM `ec_payinfo`  [ RunTime:0.0320s ]

[ 2017-12-07T14:42:11+08:00 ] 127.0.0.1 /index.php?m=home&c=bookinfo&a=wodeyuyue&callback=jsonp1&_=1512628931366
INFO: [ app_init ] --START--
INFO: Run Behavior\BuildLiteBehavior [ RunTime:0.000000s ]
INFO: [ app_init ] --END-- [ RunTime:0.000000s ]
INFO: [ app_begin ] --START--
INFO: Run Behavior\ReadHtmlCacheBehavior [ RunTime:0.001000s ]
INFO: [ app_begin ] --END-- [ RunTime:0.001000s ]
SQL: SHOW COLUMNS FROM `ec_payinfo` [ RunTime:0.0070s ]
SQL: SELECT * FROM `ec_payinfo`  [ RunTime:0.0100s ]

[ 2017-12-07T14:42:18+08:00 ] 127.0.0.1 /index.php?m=home&c=bookinfo&a=wodeyuyue&callback=jsonp1&_=1512628938179
INFO: [ app_init ] --START--
INFO: Run Behavior\BuildLiteBehavior [ RunTime:0.000000s ]
INFO: [ app_init ] --END-- [ RunTime:0.000000s ]
INFO: [ app_begin ] --START--
INFO: Run Behavior\ReadHtmlCacheBehavior [ RunTime:0.000000s ]
INFO: [ app_begin ] --END-- [ RunTime:0.000000s ]
SQL: SHOW COLUMNS FROM `ec_payinfo` [ RunTime:0.0110s ]
SQL: SELECT * FROM `ec_payinfo`  [ RunTime:0.0070s ]

[ 2017-12-07T14:42:41+08:00 ] 127.0.0.1 /index.php?m=home&c=bookinfo&a=wodeyuyue&callback=jsonp1&_=1512628960933
INFO: [ app_init ] --START--
INFO: Run Behavior\BuildLiteBehavior [ RunTime:0.000000s ]
INFO: [ app_init ] --END-- [ RunTime:0.000000s ]
INFO: [ app_begin ] --START--
INFO: Run Behavior\ReadHtmlCacheBehavior [ RunTime:0.001000s ]
INFO: [ app_begin ] --END-- [ RunTime:0.001000s ]
SQL: SHOW COLUMNS FROM `ec_payinfo` [ RunTime:0.0060s ]
SQL: SELECT * FROM `ec_payinfo`  [ RunTime:0.0050s ]

