[ 2017-09-27T15:37:59+08:00 ] 192.168.2.106 /jianyinew/uploadfile/image/20170918/20170918170244_89922.jpg
INFO: [ app_init ] --START--
INFO: Run Behavior\BuildLiteBehavior [ RunTime:0.000000s ]
INFO: [ app_init ] --END-- [ RunTime:0.000000s ]
ERR: 无法加载模块:Jianyinew

[ 2017-09-27T15:37:59+08:00 ] 192.168.2.106 /jianyinew/uploadfile/image/20170918/20170918170244_89922.jpg
INFO: [ app_init ] --START--
INFO: Run Behavior\BuildLiteBehavior [ RunTime:0.000000s ]
INFO: [ app_init ] --END-- [ RunTime:0.000000s ]
ERR: 无法加载模块:Jianyinew

[ 2017-09-27T16:37:10+08:00 ] 192.168.2.129 /jianyinew/uploadfile/image/20170916/20170916101505_19220.jpg
INFO: [ app_init ] --START--
INFO: Run Behavior\BuildLiteBehavior [ RunTime:0.000000s ]
INFO: [ app_init ] --END-- [ RunTime:0.000000s ]
ERR: 无法加载模块:Jianyinew

[ 2017-09-27T16:37:10+08:00 ] 192.168.2.129 /jianyinew/uploadfile/image/20170916/20170916100441_52171.jpg
INFO: [ app_init ] --START--
INFO: Run Behavior\BuildLiteBehavior [ RunTime:0.000000s ]
INFO: [ app_init ] --END-- [ RunTime:0.000000s ]
ERR: 无法加载模块:Jianyinew

[ 2017-09-27T17:59:42+08:00 ] 192.168.2.104 /jianyinew/uploadfile/image/20170916/20170916100441_52171.jpg
INFO: [ app_init ] --START--
INFO: Run Behavior\BuildLiteBehavior [ RunTime:0.000000s ]
INFO: [ app_init ] --END-- [ RunTime:0.000000s ]
ERR: 无法加载模块:Jianyinew

[ 2017-09-27T17:59:42+08:00 ] 192.168.2.104 /jianyinew/uploadfile/image/20170916/20170916101505_19220.jpg
INFO: [ app_init ] --START--
INFO: Run Behavior\BuildLiteBehavior [ RunTime:0.000000s ]
INFO: [ app_init ] --END-- [ RunTime:0.000000s ]
ERR: 无法加载模块:Jianyinew

[ 2017-09-27T17:59:42+08:00 ] 192.168.2.104 /jianyinew/public/home/images/touxiang.jpg
INFO: [ app_init ] --START--
INFO: Run Behavior\BuildLiteBehavior [ RunTime:0.000000s ]
INFO: [ app_init ] --END-- [ RunTime:0.000000s ]
ERR: 无法加载模块:Jianyinew

