[ 2017-08-31T09:16:00+08:00 ] 192.168.2.2 /jianyi/uploadfile/image/20170828/20170828173140_29701.jpg
INFO: [ app_init ] --START--
INFO: Run Behavior\BuildLiteBehavior [ RunTime:0.000000s ]
INFO: [ app_init ] --END-- [ RunTime:0.000000s ]
ERR: 无法加载模块:Uploadfile

[ 2017-08-31T09:16:00+08:00 ] 192.168.2.2 /jianyi/uploadfile/image/20170828/20170828174215_14759.png
INFO: [ app_init ] --START--
INFO: Run Behavior\BuildLiteBehavior [ RunTime:0.000000s ]
INFO: [ app_init ] --END-- [ RunTime:0.000000s ]
ERR: 无法加载模块:Uploadfile

[ 2017-08-31T09:18:39+08:00 ] 192.168.2.2 /jianyi/uploadfile/image/20170828/20170828174215_14759.png
INFO: [ app_init ] --START--
INFO: Run Behavior\BuildLiteBehavior [ RunTime:0.000000s ]
INFO: [ app_init ] --END-- [ RunTime:0.000000s ]
ERR: 无法加载模块:Uploadfile

[ 2017-08-31T09:18:39+08:00 ] 192.168.2.2 /jianyi/uploadfile/image/20170828/20170828173140_29701.jpg
INFO: [ app_init ] --START--
INFO: Run Behavior\BuildLiteBehavior [ RunTime:0.000000s ]
INFO: [ app_init ] --END-- [ RunTime:0.000000s ]
ERR: 无法加载模块:Uploadfile

[ 2017-08-31T09:18:43+08:00 ] 192.168.2.2 /jianyi/uploadfile/image/20170828/20170828174215_14759.png
INFO: [ app_init ] --START--
INFO: Run Behavior\BuildLiteBehavior [ RunTime:0.000000s ]
INFO: [ app_init ] --END-- [ RunTime:0.000000s ]
ERR: 无法加载模块:Uploadfile

[ 2017-08-31T09:18:43+08:00 ] 192.168.2.2 /jianyi/uploadfile/image/20170828/20170828173140_29701.jpg
INFO: [ app_init ] --START--
INFO: Run Behavior\BuildLiteBehavior [ RunTime:0.000000s ]
INFO: [ app_init ] --END-- [ RunTime:0.000000s ]
ERR: 无法加载模块:Uploadfile

[ 2017-08-31T09:19:32+08:00 ] 192.168.2.2 /jianyi/uploadfile/image/20170828/20170828174215_14759.png
INFO: [ app_init ] --START--
INFO: Run Behavior\BuildLiteBehavior [ RunTime:0.000000s ]
INFO: [ app_init ] --END-- [ RunTime:0.000000s ]
ERR: 无法加载模块:Uploadfile

[ 2017-08-31T09:19:32+08:00 ] 192.168.2.2 /jianyi/uploadfile/image/20170828/20170828173140_29701.jpg
INFO: [ app_init ] --START--
INFO: Run Behavior\BuildLiteBehavior [ RunTime:0.000000s ]
INFO: [ app_init ] --END-- [ RunTime:0.001000s ]
ERR: 无法加载模块:Uploadfile

[ 2017-08-31T09:20:49+08:00 ] 192.168.2.2 /jianyi/uploadfile/image/20170828/20170828174215_14759.png
INFO: [ app_init ] --START--
INFO: Run Behavior\BuildLiteBehavior [ RunTime:0.000000s ]
INFO: [ app_init ] --END-- [ RunTime:0.000000s ]
ERR: 无法加载模块:Uploadfile

[ 2017-08-31T09:20:49+08:00 ] 192.168.2.2 /jianyi/uploadfile/image/20170828/20170828173140_29701.jpg
INFO: [ app_init ] --START--
INFO: Run Behavior\BuildLiteBehavior [ RunTime:0.000000s ]
INFO: [ app_init ] --END-- [ RunTime:0.001000s ]
ERR: 无法加载模块:Uploadfile

[ 2017-08-31T09:24:22+08:00 ] 192.168.2.108 /jianyi/uploadfile/image/20170828/20170828174215_14759.png
INFO: [ app_init ] --START--
INFO: Run Behavior\BuildLiteBehavior [ RunTime:0.000000s ]
INFO: [ app_init ] --END-- [ RunTime:0.002000s ]
ERR: 无法加载模块:Uploadfile

[ 2017-08-31T09:24:22+08:00 ] 192.168.2.108 /jianyi/uploadfile/image/20170828/20170828173140_29701.jpg
INFO: [ app_init ] --START--
INFO: Run Behavior\BuildLiteBehavior [ RunTime:0.000000s ]
INFO: [ app_init ] --END-- [ RunTime:0.001000s ]
ERR: 无法加载模块:Uploadfile

[ 2017-08-31T09:27:12+08:00 ] 192.168.2.108 /jianyi/uploadfile/image/20170828/20170828174215_14759.png
INFO: [ app_init ] --START--
INFO: Run Behavior\BuildLiteBehavior [ RunTime:0.000000s ]
INFO: [ app_init ] --END-- [ RunTime:0.000000s ]
ERR: 无法加载模块:Uploadfile

[ 2017-08-31T09:27:12+08:00 ] 192.168.2.108 /jianyi/uploadfile/image/20170828/20170828173140_29701.jpg
INFO: [ app_init ] --START--
INFO: Run Behavior\BuildLiteBehavior [ RunTime:0.000000s ]
INFO: [ app_init ] --END-- [ RunTime:0.001000s ]
ERR: 无法加载模块:Uploadfile

[ 2017-08-31T09:27:15+08:00 ] 192.168.2.108 /jianyi/uploadfile/image/20170828/20170828174215_14759.png
INFO: [ app_init ] --START--
INFO: Run Behavior\BuildLiteBehavior [ RunTime:0.000000s ]
INFO: [ app_init ] --END-- [ RunTime:0.001000s ]
ERR: 无法加载模块:Uploadfile

[ 2017-08-31T09:27:15+08:00 ] 192.168.2.108 /jianyi/uploadfile/image/20170828/20170828173140_29701.jpg
INFO: [ app_init ] --START--
INFO: Run Behavior\BuildLiteBehavior [ RunTime:0.000000s ]
INFO: [ app_init ] --END-- [ RunTime:0.002000s ]
ERR: 无法加载模块:Uploadfile

[ 2017-08-31T09:27:16+08:00 ] 192.168.2.108 /jianyi/uploadfile/image/20170828/20170828173140_29701.jpg
INFO: [ app_init ] --START--
INFO: Run Behavior\BuildLiteBehavior [ RunTime:0.000000s ]
INFO: [ app_init ] --END-- [ RunTime:0.000000s ]
ERR: 无法加载模块:Uploadfile

[ 2017-08-31T09:27:16+08:00 ] 192.168.2.108 /jianyi/uploadfile/image/20170828/20170828174215_14759.png
INFO: [ app_init ] --START--
INFO: Run Behavior\BuildLiteBehavior [ RunTime:0.000000s ]
INFO: [ app_init ] --END-- [ RunTime:0.001000s ]
ERR: 无法加载模块:Uploadfile

[ 2017-08-31T09:27:16+08:00 ] 192.168.2.108 /jianyi/uploadfile/image/20170828/20170828174215_14759.png
INFO: [ app_init ] --START--
INFO: Run Behavior\BuildLiteBehavior [ RunTime:0.000000s ]
INFO: [ app_init ] --END-- [ RunTime:0.001000s ]
ERR: 无法加载模块:Uploadfile

[ 2017-08-31T09:27:16+08:00 ] 192.168.2.108 /jianyi/uploadfile/image/20170828/20170828173140_29701.jpg
INFO: [ app_init ] --START--
INFO: Run Behavior\BuildLiteBehavior [ RunTime:0.000000s ]
INFO: [ app_init ] --END-- [ RunTime:0.001000s ]
ERR: 无法加载模块:Uploadfile

[ 2017-08-31T09:27:17+08:00 ] 192.168.2.108 /jianyi/uploadfile/image/20170828/20170828174215_14759.png
INFO: [ app_init ] --START--
INFO: Run Behavior\BuildLiteBehavior [ RunTime:0.000000s ]
INFO: [ app_init ] --END-- [ RunTime:0.001000s ]
ERR: 无法加载模块:Uploadfile

[ 2017-08-31T09:27:17+08:00 ] 192.168.2.108 /jianyi/uploadfile/image/20170828/20170828173140_29701.jpg
INFO: [ app_init ] --START--
INFO: Run Behavior\BuildLiteBehavior [ RunTime:0.000000s ]
INFO: [ app_init ] --END-- [ RunTime:0.001000s ]
ERR: 无法加载模块:Uploadfile

[ 2017-08-31T09:27:17+08:00 ] 192.168.2.108 /jianyi/uploadfile/image/20170828/20170828173140_29701.jpg
INFO: [ app_init ] --START--
INFO: Run Behavior\BuildLiteBehavior [ RunTime:0.000000s ]
INFO: [ app_init ] --END-- [ RunTime:0.000000s ]
ERR: 无法加载模块:Uploadfile

[ 2017-08-31T09:27:17+08:00 ] 192.168.2.108 /jianyi/uploadfile/image/20170828/20170828174215_14759.png
INFO: [ app_init ] --START--
INFO: Run Behavior\BuildLiteBehavior [ RunTime:0.000000s ]
INFO: [ app_init ] --END-- [ RunTime:0.001000s ]
ERR: 无法加载模块:Uploadfile

[ 2017-08-31T09:27:22+08:00 ] 192.168.2.108 /jianyi/uploadfile/image/20170828/20170828174215_14759.png
INFO: [ app_init ] --START--
INFO: Run Behavior\BuildLiteBehavior [ RunTime:0.000000s ]
INFO: [ app_init ] --END-- [ RunTime:0.000000s ]
ERR: 无法加载模块:Uploadfile

[ 2017-08-31T09:27:22+08:00 ] 192.168.2.108 /jianyi/uploadfile/image/20170828/20170828173140_29701.jpg
INFO: [ app_init ] --START--
INFO: Run Behavior\BuildLiteBehavior [ RunTime:0.000000s ]
INFO: [ app_init ] --END-- [ RunTime:0.000000s ]
ERR: 无法加载模块:Uploadfile

[ 2017-08-31T09:27:26+08:00 ] 192.168.2.108 /jianyi/uploadfile/image/20170828/20170828173140_29701.jpg
INFO: [ app_init ] --START--
INFO: Run Behavior\BuildLiteBehavior [ RunTime:0.000000s ]
INFO: [ app_init ] --END-- [ RunTime:0.001000s ]
ERR: 无法加载模块:Uploadfile

[ 2017-08-31T09:27:26+08:00 ] 192.168.2.108 /jianyi/uploadfile/image/20170828/20170828174215_14759.png
INFO: [ app_init ] --START--
INFO: Run Behavior\BuildLiteBehavior [ RunTime:0.000000s ]
INFO: [ app_init ] --END-- [ RunTime:0.001000s ]
ERR: 无法加载模块:Uploadfile

[ 2017-08-31T09:28:03+08:00 ] 192.168.2.108 /jianyi/uploadfile/image/20170828/20170828173140_29701.jpg
INFO: [ app_init ] --START--
INFO: Run Behavior\BuildLiteBehavior [ RunTime:0.000000s ]
INFO: [ app_init ] --END-- [ RunTime:0.002000s ]
ERR: 无法加载模块:Uploadfile

[ 2017-08-31T09:28:03+08:00 ] 192.168.2.108 /jianyi/uploadfile/image/20170828/20170828174215_14759.png
INFO: [ app_init ] --START--
INFO: Run Behavior\BuildLiteBehavior [ RunTime:0.000000s ]
INFO: [ app_init ] --END-- [ RunTime:0.001000s ]
ERR: 无法加载模块:Uploadfile

[ 2017-08-31T09:28:17+08:00 ] 192.168.2.2 /jianyi/uploadfile/image/20170828/20170828174215_14759.png
INFO: [ app_init ] --START--
INFO: Run Behavior\BuildLiteBehavior [ RunTime:0.000000s ]
INFO: [ app_init ] --END-- [ RunTime:0.001000s ]
ERR: 无法加载模块:Uploadfile

[ 2017-08-31T09:28:17+08:00 ] 192.168.2.2 /jianyi/uploadfile/image/20170828/20170828173140_29701.jpg
INFO: [ app_init ] --START--
INFO: Run Behavior\BuildLiteBehavior [ RunTime:0.001000s ]
INFO: [ app_init ] --END-- [ RunTime:0.001000s ]
ERR: 无法加载模块:Uploadfile

[ 2017-08-31T09:28:21+08:00 ] 192.168.2.2 /jianyi/uploadfile/image/20170828/20170828174215_14759.png
INFO: [ app_init ] --START--
INFO: Run Behavior\BuildLiteBehavior [ RunTime:0.000000s ]
INFO: [ app_init ] --END-- [ RunTime:0.000000s ]
ERR: 无法加载模块:Uploadfile

[ 2017-08-31T09:28:21+08:00 ] 192.168.2.2 /jianyi/uploadfile/image/20170828/20170828173140_29701.jpg
INFO: [ app_init ] --START--
INFO: Run Behavior\BuildLiteBehavior [ RunTime:0.000000s ]
INFO: [ app_init ] --END-- [ RunTime:0.001000s ]
ERR: 无法加载模块:Uploadfile

[ 2017-08-31T09:28:58+08:00 ] 192.168.2.108 /jianyi/uploadfile/image/20170828/20170828174215_14759.png
INFO: [ app_init ] --START--
INFO: Run Behavior\BuildLiteBehavior [ RunTime:0.000000s ]
INFO: [ app_init ] --END-- [ RunTime:0.001000s ]
ERR: 无法加载模块:Uploadfile

[ 2017-08-31T09:28:58+08:00 ] 192.168.2.108 /jianyi/uploadfile/image/20170828/20170828173140_29701.jpg
INFO: [ app_init ] --START--
INFO: Run Behavior\BuildLiteBehavior [ RunTime:0.000000s ]
INFO: [ app_init ] --END-- [ RunTime:0.001000s ]
ERR: 无法加载模块:Uploadfile

[ 2017-08-31T09:29:04+08:00 ] 192.168.2.108 /jianyi/uploadfile/image/20170828/20170828174215_14759.png
INFO: [ app_init ] --START--
INFO: Run Behavior\BuildLiteBehavior [ RunTime:0.000000s ]
INFO: [ app_init ] --END-- [ RunTime:0.000000s ]
ERR: 无法加载模块:Uploadfile

[ 2017-08-31T09:29:04+08:00 ] 192.168.2.108 /jianyi/uploadfile/image/20170828/20170828173140_29701.jpg
INFO: [ app_init ] --START--
INFO: Run Behavior\BuildLiteBehavior [ RunTime:0.000000s ]
INFO: [ app_init ] --END-- [ RunTime:0.001000s ]
ERR: 无法加载模块:Uploadfile

[ 2017-08-31T09:31:54+08:00 ] 192.168.2.108 /jianyi/uploadfile/image/20170828/20170828174215_14759.png
INFO: [ app_init ] --START--
INFO: Run Behavior\BuildLiteBehavior [ RunTime:0.000000s ]
INFO: [ app_init ] --END-- [ RunTime:0.000000s ]
ERR: 无法加载模块:Uploadfile

[ 2017-08-31T09:31:54+08:00 ] 192.168.2.108 /jianyi/uploadfile/image/20170828/20170828173140_29701.jpg
INFO: [ app_init ] --START--
INFO: Run Behavior\BuildLiteBehavior [ RunTime:0.000000s ]
INFO: [ app_init ] --END-- [ RunTime:0.000000s ]
ERR: 无法加载模块:Uploadfile

[ 2017-08-31T09:32:38+08:00 ] 192.168.2.108 /jianyi/uploadfile/image/20170828/20170828173140_29701.jpg
INFO: [ app_init ] --START--
INFO: Run Behavior\BuildLiteBehavior [ RunTime:0.000000s ]
INFO: [ app_init ] --END-- [ RunTime:0.001000s ]
ERR: 无法加载模块:Uploadfile

[ 2017-08-31T09:32:38+08:00 ] 192.168.2.108 /jianyi/uploadfile/image/20170828/20170828174215_14759.png
INFO: [ app_init ] --START--
INFO: Run Behavior\BuildLiteBehavior [ RunTime:0.000000s ]
INFO: [ app_init ] --END-- [ RunTime:0.000000s ]
ERR: 无法加载模块:Uploadfile

[ 2017-08-31T09:33:22+08:00 ] 192.168.2.108 /jianyi/uploadfile/image/20170828/20170828173140_29701.jpg
INFO: [ app_init ] --START--
INFO: Run Behavior\BuildLiteBehavior [ RunTime:0.000000s ]
INFO: [ app_init ] --END-- [ RunTime:0.000000s ]
ERR: 无法加载模块:Uploadfile

[ 2017-08-31T09:33:22+08:00 ] 192.168.2.108 /jianyi/uploadfile/image/20170828/20170828174215_14759.png
INFO: [ app_init ] --START--
INFO: Run Behavior\BuildLiteBehavior [ RunTime:0.000000s ]
INFO: [ app_init ] --END-- [ RunTime:0.001000s ]
ERR: 无法加载模块:Uploadfile

[ 2017-08-31T09:33:24+08:00 ] 192.168.2.108 /jianyi/uploadfile/image/20170828/20170828174215_14759.png
INFO: [ app_init ] --START--
INFO: Run Behavior\BuildLiteBehavior [ RunTime:0.000000s ]
INFO: [ app_init ] --END-- [ RunTime:0.000000s ]
ERR: 无法加载模块:Uploadfile

[ 2017-08-31T09:33:24+08:00 ] 192.168.2.108 /jianyi/uploadfile/image/20170828/20170828173140_29701.jpg
INFO: [ app_init ] --START--
INFO: Run Behavior\BuildLiteBehavior [ RunTime:0.000000s ]
INFO: [ app_init ] --END-- [ RunTime:0.001000s ]
ERR: 无法加载模块:Uploadfile

[ 2017-08-31T09:35:20+08:00 ] 192.168.2.2 /jianyi/uploadfile/image/20170828/20170828173140_29701.jpg
INFO: [ app_init ] --START--
INFO: Run Behavior\BuildLiteBehavior [ RunTime:0.000000s ]
INFO: [ app_init ] --END-- [ RunTime:0.001000s ]
ERR: 无法加载模块:Uploadfile

[ 2017-08-31T09:35:20+08:00 ] 192.168.2.2 /jianyi/uploadfile/image/20170828/20170828174215_14759.png
INFO: [ app_init ] --START--
INFO: Run Behavior\BuildLiteBehavior [ RunTime:0.001000s ]
INFO: [ app_init ] --END-- [ RunTime:0.001000s ]
ERR: 无法加载模块:Uploadfile

[ 2017-08-31T09:35:26+08:00 ] 192.168.2.2 /jianyi/uploadfile/image/20170828/20170828173140_29701.jpg
INFO: [ app_init ] --START--
INFO: Run Behavior\BuildLiteBehavior [ RunTime:0.000000s ]
INFO: [ app_init ] --END-- [ RunTime:0.001000s ]
ERR: 无法加载模块:Uploadfile

[ 2017-08-31T09:35:26+08:00 ] 192.168.2.2 /jianyi/uploadfile/image/20170828/20170828174215_14759.png
INFO: [ app_init ] --START--
INFO: Run Behavior\BuildLiteBehavior [ RunTime:0.000000s ]
INFO: [ app_init ] --END-- [ RunTime:0.000000s ]
ERR: 无法加载模块:Uploadfile

[ 2017-08-31T09:36:15+08:00 ] 192.168.2.2 /jianyi/uploadfile/image/20170828/20170828174215_14759.png
INFO: [ app_init ] --START--
INFO: Run Behavior\BuildLiteBehavior [ RunTime:0.000000s ]
INFO: [ app_init ] --END-- [ RunTime:0.001000s ]
ERR: 无法加载模块:Uploadfile

[ 2017-08-31T09:36:15+08:00 ] 192.168.2.2 /jianyi/uploadfile/image/20170828/20170828173140_29701.jpg
INFO: [ app_init ] --START--
INFO: Run Behavior\BuildLiteBehavior [ RunTime:0.000000s ]
INFO: [ app_init ] --END-- [ RunTime:0.000000s ]
ERR: 无法加载模块:Uploadfile

[ 2017-08-31T09:43:20+08:00 ] 192.168.2.2 /jianyi/uploadfile/image/20170828/20170828174215_14759.png
INFO: [ app_init ] --START--
INFO: Run Behavior\BuildLiteBehavior [ RunTime:0.000000s ]
INFO: [ app_init ] --END-- [ RunTime:0.001000s ]
ERR: 无法加载模块:Uploadfile

[ 2017-08-31T09:43:20+08:00 ] 192.168.2.2 /jianyi/uploadfile/image/20170828/20170828173140_29701.jpg
INFO: [ app_init ] --START--
INFO: Run Behavior\BuildLiteBehavior [ RunTime:0.000000s ]
INFO: [ app_init ] --END-- [ RunTime:0.000000s ]
ERR: 无法加载模块:Uploadfile

[ 2017-08-31T10:04:19+08:00 ] 192.168.2.2 /jianyi/uploadfile/image/20170828/20170828173140_29701.jpg
INFO: [ app_init ] --START--
INFO: Run Behavior\BuildLiteBehavior [ RunTime:0.000000s ]
INFO: [ app_init ] --END-- [ RunTime:0.001000s ]
ERR: 无法加载模块:Uploadfile

[ 2017-08-31T10:04:19+08:00 ] 192.168.2.2 /jianyi/uploadfile/image/20170828/20170828174215_14759.png
INFO: [ app_init ] --START--
INFO: Run Behavior\BuildLiteBehavior [ RunTime:0.000000s ]
INFO: [ app_init ] --END-- [ RunTime:0.001000s ]
ERR: 无法加载模块:Uploadfile

[ 2017-08-31T10:04:21+08:00 ] 192.168.2.2 /jianyi/uploadfile/image/20170828/20170828174215_14759.png
INFO: [ app_init ] --START--
INFO: Run Behavior\BuildLiteBehavior [ RunTime:0.000000s ]
INFO: [ app_init ] --END-- [ RunTime:0.000000s ]
ERR: 无法加载模块:Uploadfile

[ 2017-08-31T10:04:21+08:00 ] 192.168.2.2 /jianyi/uploadfile/image/20170828/20170828173140_29701.jpg
INFO: [ app_init ] --START--
INFO: Run Behavior\BuildLiteBehavior [ RunTime:0.000000s ]
INFO: [ app_init ] --END-- [ RunTime:0.001000s ]
ERR: 无法加载模块:Uploadfile

[ 2017-08-31T10:04:50+08:00 ] 192.168.2.2 /jianyi/uploadfile/image/20170828/20170828174215_14759.png
INFO: [ app_init ] --START--
INFO: Run Behavior\BuildLiteBehavior [ RunTime:0.000000s ]
INFO: [ app_init ] --END-- [ RunTime:0.000000s ]
ERR: 无法加载模块:Uploadfile

[ 2017-08-31T10:04:50+08:00 ] 192.168.2.2 /jianyi/uploadfile/image/20170828/20170828173140_29701.jpg
INFO: [ app_init ] --START--
INFO: Run Behavior\BuildLiteBehavior [ RunTime:0.000000s ]
INFO: [ app_init ] --END-- [ RunTime:0.000000s ]
ERR: 无法加载模块:Uploadfile

[ 2017-08-31T10:06:14+08:00 ] 192.168.2.124 /jianyi/uploadfile/image/20170828/20170828174215_14759.png
INFO: [ app_init ] --START--
INFO: Run Behavior\BuildLiteBehavior [ RunTime:0.000000s ]
INFO: [ app_init ] --END-- [ RunTime:0.001000s ]
ERR: 无法加载模块:Uploadfile

[ 2017-08-31T10:06:14+08:00 ] 192.168.2.124 /jianyi/uploadfile/image/20170828/20170828173140_29701.jpg
INFO: [ app_init ] --START--
INFO: Run Behavior\BuildLiteBehavior [ RunTime:0.000000s ]
INFO: [ app_init ] --END-- [ RunTime:0.001000s ]
ERR: 无法加载模块:Uploadfile

[ 2017-08-31T10:07:31+08:00 ] 192.168.2.124 /jianyi/uploadfile/image/20170828/20170828174215_14759.png
INFO: [ app_init ] --START--
INFO: Run Behavior\BuildLiteBehavior [ RunTime:0.000000s ]
INFO: [ app_init ] --END-- [ RunTime:0.001000s ]
ERR: 无法加载模块:Uploadfile

[ 2017-08-31T10:07:31+08:00 ] 192.168.2.124 /jianyi/uploadfile/image/20170828/20170828173140_29701.jpg
INFO: [ app_init ] --START--
INFO: Run Behavior\BuildLiteBehavior [ RunTime:0.000000s ]
INFO: [ app_init ] --END-- [ RunTime:0.002000s ]
ERR: 无法加载模块:Uploadfile

[ 2017-08-31T10:07:33+08:00 ] 192.168.2.124 /jianyi/uploadfile/image/20170828/20170828174215_14759.png
INFO: [ app_init ] --START--
INFO: Run Behavior\BuildLiteBehavior [ RunTime:0.000000s ]
INFO: [ app_init ] --END-- [ RunTime:0.003000s ]
ERR: 无法加载模块:Uploadfile

[ 2017-08-31T10:07:33+08:00 ] 192.168.2.124 /jianyi/uploadfile/image/20170828/20170828173140_29701.jpg
INFO: [ app_init ] --START--
INFO: Run Behavior\BuildLiteBehavior [ RunTime:0.000000s ]
INFO: [ app_init ] --END-- [ RunTime:0.001000s ]
ERR: 无法加载模块:Uploadfile

