[ 2017-08-30T14:12:20+08:00 ] 192.168.2.118 /jianyi/uploadfile/image/20170828/20170828173140_29701.jpg
INFO: [ app_init ] --START--
INFO: Run Behavior\BuildLiteBehavior [ RunTime:0.000000s ]
INFO: [ app_init ] --END-- [ RunTime:0.058000s ]
ERR: 无法加载模块:Uploadfile

[ 2017-08-30T14:12:20+08:00 ] 192.168.2.118 /jianyi/uploadfile/image/20170828/20170828174215_14759.png
INFO: [ app_init ] --START--
INFO: Run Behavior\BuildLiteBehavior [ RunTime:0.000000s ]
INFO: [ app_init ] --END-- [ RunTime:0.037000s ]
ERR: 无法加载模块:Uploadfile

[ 2017-08-30T14:21:24+08:00 ] 192.168.2.118 /jianyi/uploadfile/image/20170828/20170828174215_14759.png
INFO: [ app_init ] --START--
INFO: Run Behavior\BuildLiteBehavior [ RunTime:0.000000s ]
INFO: [ app_init ] --END-- [ RunTime:0.000000s ]
ERR: 无法加载模块:Uploadfile

[ 2017-08-30T14:21:24+08:00 ] 192.168.2.118 /jianyi/uploadfile/image/20170828/20170828173140_29701.jpg
INFO: [ app_init ] --START--
INFO: Run Behavior\BuildLiteBehavior [ RunTime:0.000000s ]
INFO: [ app_init ] --END-- [ RunTime:0.001000s ]
ERR: 无法加载模块:Uploadfile

[ 2017-08-30T14:48:55+08:00 ] 192.168.2.129 /jianyi/uploadfile/image/20170828/20170828174215_14759.png
INFO: [ app_init ] --START--
INFO: Run Behavior\BuildLiteBehavior [ RunTime:0.000000s ]
INFO: [ app_init ] --END-- [ RunTime:0.001000s ]
ERR: 无法加载模块:Uploadfile

[ 2017-08-30T14:48:55+08:00 ] 192.168.2.129 /jianyi/uploadfile/image/20170828/20170828173140_29701.jpg
INFO: [ app_init ] --START--
INFO: Run Behavior\BuildLiteBehavior [ RunTime:0.000000s ]
INFO: [ app_init ] --END-- [ RunTime:0.000000s ]
ERR: 无法加载模块:Uploadfile

[ 2017-08-30T15:00:55+08:00 ] 192.168.2.155 /jianyi/uploadfile/image/20170828/20170828174215_14759.png
INFO: [ app_init ] --START--
INFO: Run Behavior\BuildLiteBehavior [ RunTime:0.000000s ]
INFO: [ app_init ] --END-- [ RunTime:0.001000s ]
ERR: 无法加载模块:Uploadfile

[ 2017-08-30T15:00:56+08:00 ] 192.168.2.155 /jianyi/uploadfile/image/20170828/20170828173140_29701.jpg
INFO: [ app_init ] --START--
INFO: Run Behavior\BuildLiteBehavior [ RunTime:0.000000s ]
INFO: [ app_init ] --END-- [ RunTime:0.001000s ]
ERR: 无法加载模块:Uploadfile

[ 2017-08-30T18:26:44+08:00 ] 192.168.2.121 /jianyi/uploadfile/image/20170828/20170828174215_14759.png
INFO: [ app_init ] --START--
INFO: Run Behavior\BuildLiteBehavior [ RunTime:0.000000s ]
INFO: [ app_init ] --END-- [ RunTime:0.001000s ]
ERR: 无法加载模块:Uploadfile

[ 2017-08-30T18:26:44+08:00 ] 192.168.2.121 /jianyi/uploadfile/image/20170828/20170828173140_29701.jpg
INFO: [ app_init ] --START--
INFO: Run Behavior\BuildLiteBehavior [ RunTime:0.000000s ]
INFO: [ app_init ] --END-- [ RunTime:0.001000s ]
ERR: 无法加载模块:Uploadfile

[ 2017-08-30T18:44:39+08:00 ] 192.168.2.155 /jianyi/uploadfile/image/20170828/20170828174215_14759.png
INFO: [ app_init ] --START--
INFO: Run Behavior\BuildLiteBehavior [ RunTime:0.000000s ]
INFO: [ app_init ] --END-- [ RunTime:0.000000s ]
ERR: 无法加载模块:Uploadfile

[ 2017-08-30T18:44:39+08:00 ] 192.168.2.155 /jianyi/uploadfile/image/20170828/20170828173140_29701.jpg
INFO: [ app_init ] --START--
INFO: Run Behavior\BuildLiteBehavior [ RunTime:0.000000s ]
INFO: [ app_init ] --END-- [ RunTime:0.000000s ]
ERR: 无法加载模块:Uploadfile

