[ 2017-11-30T10:32:23+08:00 ] 127.0.0.1 /ebook/uploadfile/image/20171130/20171130093536_55686.jpg
INFO: [ app_init ] --START--
INFO: Run Behavior\BuildLiteBehavior [ RunTime:0.000000s ]
INFO: [ app_init ] --END-- [ RunTime:0.009000s ]
ERR: 无法加载模块:Ebook

[ 2017-11-30T10:32:28+08:00 ] 127.0.0.1 /ebook/uploadfile/image/20171130/20171130093536_55686.jpg
INFO: [ app_init ] --START--
INFO: Run Behavior\BuildLiteBehavior [ RunTime:0.000000s ]
INFO: [ app_init ] --END-- [ RunTime:0.000000s ]
ERR: 无法加载模块:Ebook

[ 2017-11-30T10:32:30+08:00 ] 127.0.0.1 /ebook/uploadfile/image/20171130/20171130093536_55686.jpg
INFO: [ app_init ] --START--
INFO: Run Behavior\BuildLiteBehavior [ RunTime:0.000000s ]
INFO: [ app_init ] --END-- [ RunTime:0.001000s ]
ERR: 无法加载模块:Ebook

[ 2017-11-30T14:39:56+08:00 ] 127.0.0.1 /favicon.ico
INFO: [ app_init ] --START--
INFO: Run Behavior\BuildLiteBehavior [ RunTime:0.000000s ]
INFO: [ app_init ] --END-- [ RunTime:0.001000s ]
ERR: 无法加载模块:Favicon

