[ 2017-12-13T11:49:10+08:00 ] 192.168.2.118 /chunwang/index.php?m=home&c=work&a=getworkinfo&str=2&group_id=5&callback=jQuery111006096249071415514_1513136788000&_=1513136788001
INFO: [ app_init ] --START--
INFO: Run Behavior\BuildLiteBehavior [ RunTime:0.000000s ]
INFO: [ app_init ] --END-- [ RunTime:0.000000s ]
ERR: 无法加载模块:Chunwang

[ 2017-12-13T11:49:10+08:00 ] 192.168.2.118 /chunwang/index.php?m=home&c=work&a=getmatterb&callback=jQuery111006096249071415514_1513136788002&_=1513136788003
INFO: [ app_init ] --START--
INFO: Run Behavior\BuildLiteBehavior [ RunTime:0.000000s ]
INFO: [ app_init ] --END-- [ RunTime:0.001000s ]
ERR: 无法加载模块:Chunwang

[ 2017-12-13T11:49:14+08:00 ] 192.168.2.118 /chunwang/index.php?m=home&c=work&a=get_class&callback=jQuery111004295669237617403_1513136792012&_=1513136792013
INFO: [ app_init ] --START--
INFO: Run Behavior\BuildLiteBehavior [ RunTime:0.000000s ]
INFO: [ app_init ] --END-- [ RunTime:0.000000s ]
ERR: 无法加载模块:Chunwang

[ 2017-12-13T11:49:14+08:00 ] 192.168.2.118 /chunwang/index.php?m=home&c=work&a=getworkinfomorewp&group_id=undefined&user_id=undefined&callback=jQuery111004295669237617403_1513136792014&_=1513136792015
INFO: [ app_init ] --START--
INFO: Run Behavior\BuildLiteBehavior [ RunTime:0.000000s ]
INFO: [ app_init ] --END-- [ RunTime:0.001000s ]
ERR: 无法加载模块:Chunwang

[ 2017-12-13T13:31:59+08:00 ] 192.168.2.118 /chunwang/index.php?m=home&c=work&a=get_class&callback=jQuery111009400165358092636_1513142956448&_=1513142956449
INFO: [ app_init ] --START--
INFO: Run Behavior\BuildLiteBehavior [ RunTime:0.000000s ]
INFO: [ app_init ] --END-- [ RunTime:0.001000s ]
ERR: 无法加载模块:Chunwang

[ 2017-12-13T13:31:59+08:00 ] 192.168.2.118 /chunwang/index.php?m=home&c=work&a=getworkinfomorewp&group_id=undefined&user_id=undefined&callback=jQuery111009400165358092636_1513142956450&_=1513142956451
INFO: [ app_init ] --START--
INFO: Run Behavior\BuildLiteBehavior [ RunTime:0.000000s ]
INFO: [ app_init ] --END-- [ RunTime:0.001000s ]
ERR: 无法加载模块:Chunwang

[ 2017-12-13T13:32:05+08:00 ] 192.168.2.118 /chunwang/index.php?m=home&c=work&a=getworkinfo&str=2&group_id=5&callback=jQuery1110024615077720955014_1513142962676&_=1513142962677
INFO: [ app_init ] --START--
INFO: Run Behavior\BuildLiteBehavior [ RunTime:0.000000s ]
INFO: [ app_init ] --END-- [ RunTime:0.000000s ]
ERR: 无法加载模块:Chunwang

[ 2017-12-13T13:32:05+08:00 ] 192.168.2.118 /chunwang/index.php?m=home&c=work&a=getmatterb&callback=jQuery1110024615077720955014_1513142962678&_=1513142962679
INFO: [ app_init ] --START--
INFO: Run Behavior\BuildLiteBehavior [ RunTime:0.000000s ]
INFO: [ app_init ] --END-- [ RunTime:0.000000s ]
ERR: 无法加载模块:Chunwang

