接受消息到的消息为：<xml><ToUserName><![CDATA[gh_bc9296f316c6]]></ToUserName>
<FromUserName><![CDATA[oSXea0hMvipl6MWoA0nPA2hKhVqQ]]></FromUserName>
<CreateTime>1506390023</CreateTime>
<MsgType><![CDATA[event]]></MsgType>
<Event><![CDATA[VIEW]]></Event>
<EventKey><![CDATA[http://weixingc.ylii.org.cn/jianyinew/index.php/home/school/index]]></EventKey>
<MenuId>693886959</MenuId>
</xml>[2017-09-26 09:40:25]
接受消息，消息类型为：event[2017-09-26 09:40:25]
回应消息，消息为：[2017-09-26 09:40:25]
接受消息到的消息为：<xml><ToUserName><![CDATA[gh_bc9296f316c6]]></ToUserName>
<FromUserName><![CDATA[oSXea0tYl_V4uYlu_MboSTlgW_3A]]></FromUserName>
<CreateTime>1506390144</CreateTime>
<MsgType><![CDATA[event]]></MsgType>
<Event><![CDATA[VIEW]]></Event>
<EventKey><![CDATA[http://weixingc.ylii.org.cn/jianyinew/index.php/home/school/index]]></EventKey>
<MenuId>693886959</MenuId>
</xml>[2017-09-26 09:42:25]
接受消息，消息类型为：event[2017-09-26 09:42:25]
回应消息，消息为：[2017-09-26 09:42:25]
接受消息到的消息为：<xml><ToUserName><![CDATA[gh_bc9296f316c6]]></ToUserName>
<FromUserName><![CDATA[oSXea0hMvipl6MWoA0nPA2hKhVqQ]]></FromUserName>
<CreateTime>1506391007</CreateTime>
<MsgType><![CDATA[event]]></MsgType>
<Event><![CDATA[VIEW]]></Event>
<EventKey><![CDATA[http://weixingc.ylii.org.cn/jianyinew/index.php/home/index/index]]></EventKey>
<MenuId>693886959</MenuId>
</xml>[2017-09-26 09:56:48]
接受消息，消息类型为：event[2017-09-26 09:56:48]
回应消息，消息为：[2017-09-26 09:56:48]
接受消息到的消息为：<xml><ToUserName><![CDATA[gh_bc9296f316c6]]></ToUserName>
<FromUserName><![CDATA[oSXea0rmvuhm4uicHnQ0GLo-cEH0]]></FromUserName>
<CreateTime>1506475820</CreateTime>
<MsgType><![CDATA[event]]></MsgType>
<Event><![CDATA[VIEW]]></Event>
<EventKey><![CDATA[http://weixingc.ylii.org.cn/jianyinew/index.php/home/school/index]]></EventKey>
<MenuId>693886959</MenuId>
</xml>[2017-09-27 09:30:21]
接受消息，消息类型为：event[2017-09-27 09:30:21]
回应消息，消息为：[2017-09-27 09:30:21]
接受消息到的消息为：<xml><ToUserName><![CDATA[gh_bc9296f316c6]]></ToUserName>
<FromUserName><![CDATA[oSXea0lNkz2-1MJFbB6lnrE_NN9o]]></FromUserName>
<CreateTime>1506475905</CreateTime>
<MsgType><![CDATA[event]]></MsgType>
<Event><![CDATA[VIEW]]></Event>
<EventKey><![CDATA[http://weixingc.ylii.org.cn/jianyinew/index.php/home/index/index]]></EventKey>
<MenuId>693886959</MenuId>
</xml>[2017-09-27 09:31:45]
接受消息，消息类型为：event[2017-09-27 09:31:45]
回应消息，消息为：[2017-09-27 09:31:45]
接受消息到的消息为：[2017-09-27 10:02:10]
接受消息到的消息为：[2017-09-27 10:02:11]
接受消息到的消息为：[2017-09-27 10:02:36]
接受消息到的消息为：[2017-09-27 13:16:48]
接受消息到的消息为：[2017-09-27 13:16:58]
接受消息到的消息为：[2017-09-29 14:14:22]
接受消息到的消息为：[2017-09-29 17:48:39]
接受消息到的消息为：[2017-09-30 08:53:22]
