接受消息到的消息为：<xml><ToUserName><![CDATA[gh_bc9296f316c6]]></ToUserName>
<FromUserName><![CDATA[oSXea0hMvipl6MWoA0nPA2hKhVqQ]]></FromUserName>
<CreateTime>1506065608</CreateTime>
<MsgType><![CDATA[event]]></MsgType>
<Event><![CDATA[VIEW]]></Event>
<EventKey><![CDATA[http://weixingc.ylii.org.cn/jianyinew/index.php/home/index/index]]></EventKey>
<MenuId>693850316</MenuId>
</xml>[2017-09-22 15:33:29]
接受消息，消息类型为：event[2017-09-22 15:33:29]
回应消息，消息为：[2017-09-22 15:33:29]
接受消息到的消息为：<xml><ToUserName><![CDATA[gh_bc9296f316c6]]></ToUserName>
<FromUserName><![CDATA[oSXea0hMvipl6MWoA0nPA2hKhVqQ]]></FromUserName>
<CreateTime>1506065622</CreateTime>
<MsgType><![CDATA[event]]></MsgType>
<Event><![CDATA[VIEW]]></Event>
<EventKey><![CDATA[http://weixingc.ylii.org.cn/jianyinew/index.php/home/index/index]]></EventKey>
<MenuId>693850316</MenuId>
</xml>[2017-09-22 15:33:42]
接受消息，消息类型为：event[2017-09-22 15:33:42]
回应消息，消息为：[2017-09-22 15:33:42]
接受消息到的消息为：<xml><ToUserName><![CDATA[gh_bc9296f316c6]]></ToUserName>
<FromUserName><![CDATA[oSXea0hMvipl6MWoA0nPA2hKhVqQ]]></FromUserName>
<CreateTime>1506065634</CreateTime>
<MsgType><![CDATA[event]]></MsgType>
<Event><![CDATA[VIEW]]></Event>
<EventKey><![CDATA[http://weixingc.ylii.org.cn/jianyinew/index.php/home/index/index]]></EventKey>
<MenuId>693850316</MenuId>
</xml>[2017-09-22 15:33:54]
接受消息，消息类型为：event[2017-09-22 15:33:54]
回应消息，消息为：[2017-09-22 15:33:54]
接受消息到的消息为：<xml><ToUserName><![CDATA[gh_bc9296f316c6]]></ToUserName>
<FromUserName><![CDATA[oSXea0hMvipl6MWoA0nPA2hKhVqQ]]></FromUserName>
<CreateTime>1506066011</CreateTime>
<MsgType><![CDATA[event]]></MsgType>
<Event><![CDATA[VIEW]]></Event>
<EventKey><![CDATA[http://weixingc.ylii.org.cn/jianyinew/index.php/home/index/index]]></EventKey>
<MenuId>693850316</MenuId>
</xml>[2017-09-22 15:40:11]
接受消息，消息类型为：event[2017-09-22 15:40:11]
回应消息，消息为：[2017-09-22 15:40:11]
接受消息到的消息为：<xml><ToUserName><![CDATA[gh_bc9296f316c6]]></ToUserName>
<FromUserName><![CDATA[oSXea0hMvipl6MWoA0nPA2hKhVqQ]]></FromUserName>
<CreateTime>1506066258</CreateTime>
<MsgType><![CDATA[event]]></MsgType>
<Event><![CDATA[VIEW]]></Event>
<EventKey><![CDATA[http://weixingc.ylii.org.cn/jianyinew/index.php/home/index/index]]></EventKey>
<MenuId>693850316</MenuId>
</xml>[2017-09-22 15:44:19]
接受消息，消息类型为：event[2017-09-22 15:44:19]
回应消息，消息为：[2017-09-22 15:44:19]
接受消息到的消息为：<xml><ToUserName><![CDATA[gh_bc9296f316c6]]></ToUserName>
<FromUserName><![CDATA[oSXea0hMvipl6MWoA0nPA2hKhVqQ]]></FromUserName>
<CreateTime>1506066325</CreateTime>
<MsgType><![CDATA[event]]></MsgType>
<Event><![CDATA[VIEW]]></Event>
<EventKey><![CDATA[http://weixingc.ylii.org.cn/jianyinew/index.php/home/index/index]]></EventKey>
<MenuId>693850316</MenuId>
</xml>[2017-09-22 15:45:25]
接受消息，消息类型为：event[2017-09-22 15:45:25]
回应消息，消息为：[2017-09-22 15:45:25]
接受消息到的消息为：<xml><ToUserName><![CDATA[gh_bc9296f316c6]]></ToUserName>
<FromUserName><![CDATA[oSXea0hMvipl6MWoA0nPA2hKhVqQ]]></FromUserName>
<CreateTime>1506066381</CreateTime>
<MsgType><![CDATA[event]]></MsgType>
<Event><![CDATA[VIEW]]></Event>
<EventKey><![CDATA[http://weixingc.ylii.org.cn/jianyinew/index.php/home/index/index]]></EventKey>
<MenuId>693850316</MenuId>
</xml>[2017-09-22 15:46:22]
接受消息，消息类型为：event[2017-09-22 15:46:22]
回应消息，消息为：[2017-09-22 15:46:22]
接受消息到的消息为：<xml><ToUserName><![CDATA[gh_bc9296f316c6]]></ToUserName>
<FromUserName><![CDATA[oSXea0hMvipl6MWoA0nPA2hKhVqQ]]></FromUserName>
<CreateTime>1506066398</CreateTime>
<MsgType><![CDATA[event]]></MsgType>
<Event><![CDATA[VIEW]]></Event>
<EventKey><![CDATA[http://weixingc.ylii.org.cn/jianyinew/index.php/home/index/index]]></EventKey>
<MenuId>693850316</MenuId>
</xml>[2017-09-22 15:46:38]
接受消息，消息类型为：event[2017-09-22 15:46:38]
回应消息，消息为：[2017-09-22 15:46:38]
接受消息到的消息为：<xml><ToUserName><![CDATA[gh_bc9296f316c6]]></ToUserName>
<FromUserName><![CDATA[oSXea0hMvipl6MWoA0nPA2hKhVqQ]]></FromUserName>
<CreateTime>1506066820</CreateTime>
<MsgType><![CDATA[event]]></MsgType>
<Event><![CDATA[VIEW]]></Event>
<EventKey><![CDATA[http://weixingc.ylii.org.cn/jianyinew/index.php/home/index/index]]></EventKey>
<MenuId>693850316</MenuId>
</xml>[2017-09-22 15:53:40]
接受消息，消息类型为：event[2017-09-22 15:53:40]
回应消息，消息为：[2017-09-22 15:53:40]
接受消息到的消息为：<xml><ToUserName><![CDATA[gh_bc9296f316c6]]></ToUserName>
<FromUserName><![CDATA[oSXea0hMvipl6MWoA0nPA2hKhVqQ]]></FromUserName>
<CreateTime>1506066838</CreateTime>
<MsgType><![CDATA[event]]></MsgType>
<Event><![CDATA[VIEW]]></Event>
<EventKey><![CDATA[http://weixingc.ylii.org.cn/jianyinew/index.php/home/index/index]]></EventKey>
<MenuId>693850316</MenuId>
</xml>[2017-09-22 15:53:59]
接受消息，消息类型为：event[2017-09-22 15:53:59]
回应消息，消息为：[2017-09-22 15:53:59]
接受消息到的消息为：<xml><ToUserName><![CDATA[gh_bc9296f316c6]]></ToUserName>
<FromUserName><![CDATA[oSXea0hMvipl6MWoA0nPA2hKhVqQ]]></FromUserName>
<CreateTime>1506067635</CreateTime>
<MsgType><![CDATA[event]]></MsgType>
<Event><![CDATA[VIEW]]></Event>
<EventKey><![CDATA[http://weixingc.ylii.org.cn/jianyinew/index.php/home/index/index]]></EventKey>
<MenuId>693850316</MenuId>
</xml>[2017-09-22 16:07:16]
接受消息，消息类型为：event[2017-09-22 16:07:16]
回应消息，消息为：[2017-09-22 16:07:16]
接受消息到的消息为：<xml><ToUserName><![CDATA[gh_bc9296f316c6]]></ToUserName>
<FromUserName><![CDATA[oSXea0hMvipl6MWoA0nPA2hKhVqQ]]></FromUserName>
<CreateTime>1506073354</CreateTime>
<MsgType><![CDATA[event]]></MsgType>
<Event><![CDATA[VIEW]]></Event>
<EventKey><![CDATA[http://weixingc.ylii.org.cn/jianyinew/index.php/home/index/index]]></EventKey>
<MenuId>693850316</MenuId>
</xml>[2017-09-22 17:42:34]
接受消息，消息类型为：event[2017-09-22 17:42:34]
回应消息，消息为：[2017-09-22 17:42:34]
接受消息到的消息为：<xml><ToUserName><![CDATA[gh_bc9296f316c6]]></ToUserName>
<FromUserName><![CDATA[oSXea0hMvipl6MWoA0nPA2hKhVqQ]]></FromUserName>
<CreateTime>1506073415</CreateTime>
<MsgType><![CDATA[event]]></MsgType>
<Event><![CDATA[VIEW]]></Event>
<EventKey><![CDATA[http://weixingc.ylii.org.cn/jianyinew/index.php/home/index/index]]></EventKey>
<MenuId>693850316</MenuId>
</xml>[2017-09-22 17:43:35]
接受消息，消息类型为：event[2017-09-22 17:43:35]
回应消息，消息为：[2017-09-22 17:43:35]
接受消息到的消息为：<xml><ToUserName><![CDATA[gh_bc9296f316c6]]></ToUserName>
<FromUserName><![CDATA[oSXea0g_W94otKcIyh2jZ5-_LqDo]]></FromUserName>
<CreateTime>1506073802</CreateTime>
<MsgType><![CDATA[event]]></MsgType>
<Event><![CDATA[VIEW]]></Event>
<EventKey><![CDATA[http://weixingc.ylii.org.cn/jianyinew/index.php/home/index/index]]></EventKey>
<MenuId>693850316</MenuId>
</xml>[2017-09-22 17:50:03]
接受消息，消息类型为：event[2017-09-22 17:50:03]
回应消息，消息为：[2017-09-22 17:50:03]
接受消息到的消息为：<xml><ToUserName><![CDATA[gh_bc9296f316c6]]></ToUserName>
<FromUserName><![CDATA[oSXea0hMvipl6MWoA0nPA2hKhVqQ]]></FromUserName>
<CreateTime>1506075303</CreateTime>
<MsgType><![CDATA[event]]></MsgType>
<Event><![CDATA[VIEW]]></Event>
<EventKey><![CDATA[http://weixingc.ylii.org.cn/jianyinew/index.php/home/index/index]]></EventKey>
<MenuId>693850316</MenuId>
</xml>[2017-09-22 18:15:03]
接受消息，消息类型为：event[2017-09-22 18:15:03]
回应消息，消息为：[2017-09-22 18:15:03]
接受消息到的消息为：<xml><ToUserName><![CDATA[gh_bc9296f316c6]]></ToUserName>
<FromUserName><![CDATA[oSXea0g_W94otKcIyh2jZ5-_LqDo]]></FromUserName>
<CreateTime>1506094697</CreateTime>
<MsgType><![CDATA[event]]></MsgType>
<Event><![CDATA[VIEW]]></Event>
<EventKey><![CDATA[http://weixingc.ylii.org.cn/jianyinew/index.php/home/index/index]]></EventKey>
<MenuId>693850316</MenuId>
</xml>[2017-09-22 23:38:18]
接受消息，消息类型为：event[2017-09-22 23:38:18]
回应消息，消息为：[2017-09-22 23:38:18]
接受消息到的消息为：<xml><ToUserName><![CDATA[gh_bc9296f316c6]]></ToUserName>
<FromUserName><![CDATA[oSXea0o-s-ykL5eFE-53RetkpStQ]]></FromUserName>
<CreateTime>1506127488</CreateTime>
<MsgType><![CDATA[event]]></MsgType>
<Event><![CDATA[subscribe]]></Event>
<EventKey><![CDATA[]]></EventKey>
</xml>[2017-09-23 08:44:48]
接受消息，消息类型为：event[2017-09-23 08:44:48]
回应消息，消息为：<xml>
<ToUserName><![CDATA[oSXea0o-s-ykL5eFE-53RetkpStQ]]></ToUserName>
<FromUserName><![CDATA[gh_bc9296f316c6]]></FromUserName>
<CreateTime>1506127488</CreateTime>
<MsgType><![CDATA[text]]></MsgType>
<Content><![CDATA[亲，欢迎关注简易思维！

欢迎你的体验！

<a href='http://weixingc.ylii.org.cn/jianyinew/index.php?m=home&c=index&a=index&referee='>点击访问简易思维</a>]]></Content>
</xml>[2017-09-23 08:44:48]
接受消息到的消息为：<xml><ToUserName><![CDATA[gh_bc9296f316c6]]></ToUserName>
<FromUserName><![CDATA[oSXea0o-s-ykL5eFE-53RetkpStQ]]></FromUserName>
<CreateTime>1506127492</CreateTime>
<MsgType><![CDATA[event]]></MsgType>
<Event><![CDATA[VIEW]]></Event>
<EventKey><![CDATA[http://weixingc.ylii.org.cn/jianyinew/index.php/home/index/index]]></EventKey>
<MenuId>693850316</MenuId>
</xml>[2017-09-23 08:44:52]
接受消息，消息类型为：event[2017-09-23 08:44:52]
回应消息，消息为：[2017-09-23 08:44:52]
接受消息到的消息为：<xml><ToUserName><![CDATA[gh_bc9296f316c6]]></ToUserName>
<FromUserName><![CDATA[oSXea0rpJVI4RY7zZQeniD3CBc5k]]></FromUserName>
<CreateTime>1506127498</CreateTime>
<MsgType><![CDATA[event]]></MsgType>
<Event><![CDATA[subscribe]]></Event>
<EventKey><![CDATA[]]></EventKey>
</xml>[2017-09-23 08:44:58]
接受消息，消息类型为：event[2017-09-23 08:44:58]
回应消息，消息为：<xml>
<ToUserName><![CDATA[oSXea0rpJVI4RY7zZQeniD3CBc5k]]></ToUserName>
<FromUserName><![CDATA[gh_bc9296f316c6]]></FromUserName>
<CreateTime>1506127498</CreateTime>
<MsgType><![CDATA[text]]></MsgType>
<Content><![CDATA[亲，欢迎关注简易思维！

欢迎你的体验！

<a href='http://weixingc.ylii.org.cn/jianyinew/index.php?m=home&c=index&a=index&referee='>点击访问简易思维</a>]]></Content>
</xml>[2017-09-23 08:44:58]
接受消息到的消息为：<xml><ToUserName><![CDATA[gh_bc9296f316c6]]></ToUserName>
<FromUserName><![CDATA[oSXea0g_W94otKcIyh2jZ5-_LqDo]]></FromUserName>
<CreateTime>1506127606</CreateTime>
<MsgType><![CDATA[event]]></MsgType>
<Event><![CDATA[VIEW]]></Event>
<EventKey><![CDATA[http://weixingc.ylii.org.cn/jianyinew/index.php/home/index/index]]></EventKey>
<MenuId>693850316</MenuId>
</xml>[2017-09-23 08:46:47]
接受消息，消息类型为：event[2017-09-23 08:46:47]
回应消息，消息为：[2017-09-23 08:46:47]
接受消息到的消息为：<xml><ToUserName><![CDATA[gh_bc9296f316c6]]></ToUserName>
<FromUserName><![CDATA[oSXea0hMvipl6MWoA0nPA2hKhVqQ]]></FromUserName>
<CreateTime>1506127771</CreateTime>
<MsgType><![CDATA[event]]></MsgType>
<Event><![CDATA[VIEW]]></Event>
<EventKey><![CDATA[http://weixingc.ylii.org.cn/jianyinew/index.php/home/index/index]]></EventKey>
<MenuId>693850316</MenuId>
</xml>[2017-09-23 08:49:31]
接受消息，消息类型为：event[2017-09-23 08:49:31]
回应消息，消息为：[2017-09-23 08:49:31]
接受消息到的消息为：<xml><ToUserName><![CDATA[gh_bc9296f316c6]]></ToUserName>
<FromUserName><![CDATA[oSXea0g_W94otKcIyh2jZ5-_LqDo]]></FromUserName>
<CreateTime>1506127857</CreateTime>
<MsgType><![CDATA[event]]></MsgType>
<Event><![CDATA[VIEW]]></Event>
<EventKey><![CDATA[http://weixingc.ylii.org.cn/jianyinew/index.php/home/index/index]]></EventKey>
<MenuId>693850316</MenuId>
</xml>[2017-09-23 08:50:58]
接受消息，消息类型为：event[2017-09-23 08:50:58]
回应消息，消息为：[2017-09-23 08:50:58]
接受消息到的消息为：<xml><ToUserName><![CDATA[gh_bc9296f316c6]]></ToUserName>
<FromUserName><![CDATA[oSXea0lNkz2-1MJFbB6lnrE_NN9o]]></FromUserName>
<CreateTime>1506128252</CreateTime>
<MsgType><![CDATA[event]]></MsgType>
<Event><![CDATA[VIEW]]></Event>
<EventKey><![CDATA[http://weixingc.ylii.org.cn/jianyinew/index.php/home/index/index]]></EventKey>
<MenuId>693850316</MenuId>
</xml>[2017-09-23 08:57:33]
接受消息，消息类型为：event[2017-09-23 08:57:33]
回应消息，消息为：[2017-09-23 08:57:33]
接受消息到的消息为：<xml><ToUserName><![CDATA[gh_bc9296f316c6]]></ToUserName>
<FromUserName><![CDATA[oSXea0lNkz2-1MJFbB6lnrE_NN9o]]></FromUserName>
<CreateTime>1506128269</CreateTime>
<MsgType><![CDATA[event]]></MsgType>
<Event><![CDATA[VIEW]]></Event>
<EventKey><![CDATA[http://weixingc.ylii.org.cn/jianyinew/index.php/home/index/index]]></EventKey>
<MenuId>693850316</MenuId>
</xml>[2017-09-23 08:57:49]
接受消息，消息类型为：event[2017-09-23 08:57:49]
回应消息，消息为：[2017-09-23 08:57:49]
接受消息到的消息为：<xml><ToUserName><![CDATA[gh_bc9296f316c6]]></ToUserName>
<FromUserName><![CDATA[oSXea0lNkz2-1MJFbB6lnrE_NN9o]]></FromUserName>
<CreateTime>1506128280</CreateTime>
<MsgType><![CDATA[event]]></MsgType>
<Event><![CDATA[VIEW]]></Event>
<EventKey><![CDATA[http://weixingc.ylii.org.cn/jianyinew/index.php/home/index/index]]></EventKey>
<MenuId>693850316</MenuId>
</xml>[2017-09-23 08:58:01]
接受消息，消息类型为：event[2017-09-23 08:58:01]
回应消息，消息为：[2017-09-23 08:58:01]
接受消息到的消息为：<xml><ToUserName><![CDATA[gh_bc9296f316c6]]></ToUserName>
<FromUserName><![CDATA[oSXea0lNkz2-1MJFbB6lnrE_NN9o]]></FromUserName>
<CreateTime>1506129006</CreateTime>
<MsgType><![CDATA[event]]></MsgType>
<Event><![CDATA[VIEW]]></Event>
<EventKey><![CDATA[http://weixingc.ylii.org.cn/jianyinew/index.php/home/index/index]]></EventKey>
<MenuId>693850316</MenuId>
</xml>[2017-09-23 09:10:07]
接受消息，消息类型为：event[2017-09-23 09:10:07]
回应消息，消息为：[2017-09-23 09:10:07]
接受消息到的消息为：<xml><ToUserName><![CDATA[gh_bc9296f316c6]]></ToUserName>
<FromUserName><![CDATA[oSXea0g_W94otKcIyh2jZ5-_LqDo]]></FromUserName>
<CreateTime>1506129122</CreateTime>
<MsgType><![CDATA[event]]></MsgType>
<Event><![CDATA[VIEW]]></Event>
<EventKey><![CDATA[http://weixingc.ylii.org.cn/jianyinew/index.php/home/index/index]]></EventKey>
<MenuId>693886959</MenuId>
</xml>[2017-09-23 09:12:03]
接受消息，消息类型为：event[2017-09-23 09:12:03]
回应消息，消息为：[2017-09-23 09:12:03]
接受消息到的消息为：<xml><ToUserName><![CDATA[gh_bc9296f316c6]]></ToUserName>
<FromUserName><![CDATA[oSXea0lNkz2-1MJFbB6lnrE_NN9o]]></FromUserName>
<CreateTime>1506129785</CreateTime>
<MsgType><![CDATA[event]]></MsgType>
<Event><![CDATA[VIEW]]></Event>
<EventKey><![CDATA[http://weixingc.ylii.org.cn/jianyinew/index.php/home/index/index]]></EventKey>
<MenuId>693850316</MenuId>
</xml>[2017-09-23 09:23:05]
接受消息，消息类型为：event[2017-09-23 09:23:05]
回应消息，消息为：[2017-09-23 09:23:05]
接受消息到的消息为：<xml><ToUserName><![CDATA[gh_bc9296f316c6]]></ToUserName>
<FromUserName><![CDATA[oSXea0g_W94otKcIyh2jZ5-_LqDo]]></FromUserName>
<CreateTime>1506130126</CreateTime>
<MsgType><![CDATA[event]]></MsgType>
<Event><![CDATA[VIEW]]></Event>
<EventKey><![CDATA[http://weixingc.ylii.org.cn/jianyinew/index.php/home/forum/index]]></EventKey>
<MenuId>693886959</MenuId>
</xml>[2017-09-23 09:28:46]
接受消息，消息类型为：event[2017-09-23 09:28:46]
回应消息，消息为：[2017-09-23 09:28:46]
接受消息到的消息为：<xml><ToUserName><![CDATA[gh_bc9296f316c6]]></ToUserName>
<FromUserName><![CDATA[oSXea0g_W94otKcIyh2jZ5-_LqDo]]></FromUserName>
<CreateTime>1506130193</CreateTime>
<MsgType><![CDATA[event]]></MsgType>
<Event><![CDATA[VIEW]]></Event>
<EventKey><![CDATA[http://weixingc.ylii.org.cn/jianyinew/index.php/home/school/index]]></EventKey>
<MenuId>693886959</MenuId>
</xml>[2017-09-23 09:29:53]
接受消息，消息类型为：event[2017-09-23 09:29:53]
回应消息，消息为：[2017-09-23 09:29:53]
接受消息到的消息为：<xml><ToUserName><![CDATA[gh_bc9296f316c6]]></ToUserName>
<FromUserName><![CDATA[oSXea0g_W94otKcIyh2jZ5-_LqDo]]></FromUserName>
<CreateTime>1506130196</CreateTime>
<MsgType><![CDATA[event]]></MsgType>
<Event><![CDATA[VIEW]]></Event>
<EventKey><![CDATA[http://weixingc.ylii.org.cn/jianyinew/index.php/home/index/index]]></EventKey>
<MenuId>693886959</MenuId>
</xml>[2017-09-23 09:29:56]
接受消息，消息类型为：event[2017-09-23 09:29:56]
回应消息，消息为：[2017-09-23 09:29:56]
接受消息到的消息为：<xml><ToUserName><![CDATA[gh_bc9296f316c6]]></ToUserName>
<FromUserName><![CDATA[oSXea0hMvipl6MWoA0nPA2hKhVqQ]]></FromUserName>
<CreateTime>1506130288</CreateTime>
<MsgType><![CDATA[event]]></MsgType>
<Event><![CDATA[VIEW]]></Event>
<EventKey><![CDATA[http://weixingc.ylii.org.cn/jianyinew/index.php/home/school/index]]></EventKey>
<MenuId>693886959</MenuId>
</xml>[2017-09-23 09:31:29]
接受消息，消息类型为：event[2017-09-23 09:31:29]
回应消息，消息为：[2017-09-23 09:31:29]
接受消息到的消息为：<xml><ToUserName><![CDATA[gh_bc9296f316c6]]></ToUserName>
<FromUserName><![CDATA[oSXea0g_W94otKcIyh2jZ5-_LqDo]]></FromUserName>
<CreateTime>1506130592</CreateTime>
<MsgType><![CDATA[event]]></MsgType>
<Event><![CDATA[VIEW]]></Event>
<EventKey><![CDATA[http://weixingc.ylii.org.cn/jianyinew/index.php/home/index/index]]></EventKey>
<MenuId>693886959</MenuId>
</xml>[2017-09-23 09:36:32]
接受消息，消息类型为：event[2017-09-23 09:36:32]
回应消息，消息为：[2017-09-23 09:36:32]
接受消息到的消息为：<xml><ToUserName><![CDATA[gh_bc9296f316c6]]></ToUserName>
<FromUserName><![CDATA[oSXea0lNkz2-1MJFbB6lnrE_NN9o]]></FromUserName>
<CreateTime>1506130816</CreateTime>
<MsgType><![CDATA[event]]></MsgType>
<Event><![CDATA[VIEW]]></Event>
<EventKey><![CDATA[http://weixingc.ylii.org.cn/jianyinew/index.php/home/school/index]]></EventKey>
<MenuId>693886959</MenuId>
</xml>[2017-09-23 09:40:16]
接受消息，消息类型为：event[2017-09-23 09:40:16]
回应消息，消息为：[2017-09-23 09:40:16]
接受消息到的消息为：<xml><ToUserName><![CDATA[gh_bc9296f316c6]]></ToUserName>
<FromUserName><![CDATA[oSXea0lNkz2-1MJFbB6lnrE_NN9o]]></FromUserName>
<CreateTime>1506131094</CreateTime>
<MsgType><![CDATA[event]]></MsgType>
<Event><![CDATA[VIEW]]></Event>
<EventKey><![CDATA[http://weixingc.ylii.org.cn/jianyinew/index.php/home/index/index]]></EventKey>
<MenuId>693886959</MenuId>
</xml>[2017-09-23 09:44:55]
接受消息，消息类型为：event[2017-09-23 09:44:55]
回应消息，消息为：[2017-09-23 09:44:55]
接受消息到的消息为：<xml><ToUserName><![CDATA[gh_bc9296f316c6]]></ToUserName>
<FromUserName><![CDATA[oSXea0lNkz2-1MJFbB6lnrE_NN9o]]></FromUserName>
<CreateTime>1506131391</CreateTime>
<MsgType><![CDATA[event]]></MsgType>
<Event><![CDATA[VIEW]]></Event>
<EventKey><![CDATA[http://weixingc.ylii.org.cn/jianyinew/index.php/home/school/index]]></EventKey>
<MenuId>693886959</MenuId>
</xml>[2017-09-23 09:49:51]
接受消息，消息类型为：event[2017-09-23 09:49:51]
回应消息，消息为：[2017-09-23 09:49:51]
接受消息到的消息为：<xml><ToUserName><![CDATA[gh_bc9296f316c6]]></ToUserName>
<FromUserName><![CDATA[oSXea0lNkz2-1MJFbB6lnrE_NN9o]]></FromUserName>
<CreateTime>1506131394</CreateTime>
<MsgType><![CDATA[event]]></MsgType>
<Event><![CDATA[VIEW]]></Event>
<EventKey><![CDATA[http://weixingc.ylii.org.cn/jianyinew/index.php/home/index/index]]></EventKey>
<MenuId>693886959</MenuId>
</xml>[2017-09-23 09:49:54]
接受消息，消息类型为：event[2017-09-23 09:49:54]
回应消息，消息为：[2017-09-23 09:49:54]
接受消息到的消息为：<xml><ToUserName><![CDATA[gh_bc9296f316c6]]></ToUserName>
<FromUserName><![CDATA[oSXea0nMdkwhwV9YWaQmNev_Dmbc]]></FromUserName>
<CreateTime>1506131612</CreateTime>
<MsgType><![CDATA[event]]></MsgType>
<Event><![CDATA[VIEW]]></Event>
<EventKey><![CDATA[http://weixingc.ylii.org.cn/jianyinew/index.php/home/index/index]]></EventKey>
<MenuId>693850316</MenuId>
</xml>[2017-09-23 09:53:32]
接受消息，消息类型为：event[2017-09-23 09:53:32]
回应消息，消息为：[2017-09-23 09:53:32]
接受消息到的消息为：<xml><ToUserName><![CDATA[gh_bc9296f316c6]]></ToUserName>
<FromUserName><![CDATA[oSXea0lNkz2-1MJFbB6lnrE_NN9o]]></FromUserName>
<CreateTime>1506131972</CreateTime>
<MsgType><![CDATA[event]]></MsgType>
<Event><![CDATA[VIEW]]></Event>
<EventKey><![CDATA[http://weixingc.ylii.org.cn/jianyinew/index.php/home/index/index]]></EventKey>
<MenuId>693886959</MenuId>
</xml>[2017-09-23 09:59:33]
接受消息，消息类型为：event[2017-09-23 09:59:33]
回应消息，消息为：[2017-09-23 09:59:33]
接受消息到的消息为：<xml><ToUserName><![CDATA[gh_bc9296f316c6]]></ToUserName>
<FromUserName><![CDATA[oSXea0lNkz2-1MJFbB6lnrE_NN9o]]></FromUserName>
<CreateTime>1506132663</CreateTime>
<MsgType><![CDATA[event]]></MsgType>
<Event><![CDATA[VIEW]]></Event>
<EventKey><![CDATA[http://weixingc.ylii.org.cn/jianyinew/index.php/home/index/index]]></EventKey>
<MenuId>693886959</MenuId>
</xml>[2017-09-23 10:11:04]
接受消息，消息类型为：event[2017-09-23 10:11:04]
回应消息，消息为：[2017-09-23 10:11:04]
接受消息到的消息为：<xml><ToUserName><![CDATA[gh_bc9296f316c6]]></ToUserName>
<FromUserName><![CDATA[oSXea0hMvipl6MWoA0nPA2hKhVqQ]]></FromUserName>
<CreateTime>1506132726</CreateTime>
<MsgType><![CDATA[event]]></MsgType>
<Event><![CDATA[VIEW]]></Event>
<EventKey><![CDATA[http://weixingc.ylii.org.cn/jianyinew/index.php/home/school/index]]></EventKey>
<MenuId>693886959</MenuId>
</xml>[2017-09-23 10:12:06]
接受消息，消息类型为：event[2017-09-23 10:12:06]
回应消息，消息为：[2017-09-23 10:12:06]
接受消息到的消息为：<xml><ToUserName><![CDATA[gh_bc9296f316c6]]></ToUserName>
<FromUserName><![CDATA[oSXea0hMvipl6MWoA0nPA2hKhVqQ]]></FromUserName>
<CreateTime>1506132732</CreateTime>
<MsgType><![CDATA[event]]></MsgType>
<Event><![CDATA[VIEW]]></Event>
<EventKey><![CDATA[http://weixingc.ylii.org.cn/jianyinew/index.php/home/index/index]]></EventKey>
<MenuId>693886959</MenuId>
</xml>[2017-09-23 10:12:12]
接受消息，消息类型为：event[2017-09-23 10:12:12]
回应消息，消息为：[2017-09-23 10:12:12]
接受消息到的消息为：<xml><ToUserName><![CDATA[gh_bc9296f316c6]]></ToUserName>
<FromUserName><![CDATA[oSXea0hMvipl6MWoA0nPA2hKhVqQ]]></FromUserName>
<CreateTime>1506132813</CreateTime>
<MsgType><![CDATA[event]]></MsgType>
<Event><![CDATA[VIEW]]></Event>
<EventKey><![CDATA[http://weixingc.ylii.org.cn/jianyinew/index.php/home/forum/index]]></EventKey>
<MenuId>693886959</MenuId>
</xml>[2017-09-23 10:13:33]
接受消息，消息类型为：event[2017-09-23 10:13:33]
回应消息，消息为：[2017-09-23 10:13:33]
接受消息到的消息为：<xml><ToUserName><![CDATA[gh_bc9296f316c6]]></ToUserName>
<FromUserName><![CDATA[oSXea0lNkz2-1MJFbB6lnrE_NN9o]]></FromUserName>
<CreateTime>1506132897</CreateTime>
<MsgType><![CDATA[event]]></MsgType>
<Event><![CDATA[VIEW]]></Event>
<EventKey><![CDATA[http://weixingc.ylii.org.cn/jianyinew/index.php/home/forum/index]]></EventKey>
<MenuId>693886959</MenuId>
</xml>[2017-09-23 10:14:57]
接受消息，消息类型为：event[2017-09-23 10:14:57]
回应消息，消息为：[2017-09-23 10:14:57]
接受消息到的消息为：<xml><ToUserName><![CDATA[gh_bc9296f316c6]]></ToUserName>
<FromUserName><![CDATA[oSXea0hMvipl6MWoA0nPA2hKhVqQ]]></FromUserName>
<CreateTime>1506133015</CreateTime>
<MsgType><![CDATA[event]]></MsgType>
<Event><![CDATA[VIEW]]></Event>
<EventKey><![CDATA[http://weixingc.ylii.org.cn/jianyinew/index.php/home/forum/index]]></EventKey>
<MenuId>693886959</MenuId>
</xml>[2017-09-23 10:16:55]
接受消息，消息类型为：event[2017-09-23 10:16:55]
回应消息，消息为：[2017-09-23 10:16:55]
接受消息到的消息为：<xml><ToUserName><![CDATA[gh_bc9296f316c6]]></ToUserName>
<FromUserName><![CDATA[oSXea0hMvipl6MWoA0nPA2hKhVqQ]]></FromUserName>
<CreateTime>1506133117</CreateTime>
<MsgType><![CDATA[event]]></MsgType>
<Event><![CDATA[VIEW]]></Event>
<EventKey><![CDATA[http://weixingc.ylii.org.cn/jianyinew/index.php/home/index/index]]></EventKey>
<MenuId>693886959</MenuId>
</xml>[2017-09-23 10:18:38]
接受消息，消息类型为：event[2017-09-23 10:18:38]
回应消息，消息为：[2017-09-23 10:18:38]
接受消息到的消息为：<xml><ToUserName><![CDATA[gh_bc9296f316c6]]></ToUserName>
<FromUserName><![CDATA[oSXea0hMvipl6MWoA0nPA2hKhVqQ]]></FromUserName>
<CreateTime>1506133121</CreateTime>
<MsgType><![CDATA[event]]></MsgType>
<Event><![CDATA[VIEW]]></Event>
<EventKey><![CDATA[http://weixingc.ylii.org.cn/jianyinew/index.php/home/forum/index]]></EventKey>
<MenuId>693886959</MenuId>
</xml>[2017-09-23 10:18:41]
接受消息，消息类型为：event[2017-09-23 10:18:41]
回应消息，消息为：[2017-09-23 10:18:41]
接受消息到的消息为：<xml><ToUserName><![CDATA[gh_bc9296f316c6]]></ToUserName>
<FromUserName><![CDATA[oSXea0hMvipl6MWoA0nPA2hKhVqQ]]></FromUserName>
<CreateTime>1506133127</CreateTime>
<MsgType><![CDATA[event]]></MsgType>
<Event><![CDATA[VIEW]]></Event>
<EventKey><![CDATA[http://weixingc.ylii.org.cn/jianyinew/index.php/home/forum/index]]></EventKey>
<MenuId>693886959</MenuId>
</xml>[2017-09-23 10:18:48]
接受消息，消息类型为：event[2017-09-23 10:18:48]
回应消息，消息为：[2017-09-23 10:18:48]
接受消息到的消息为：<xml><ToUserName><![CDATA[gh_bc9296f316c6]]></ToUserName>
<FromUserName><![CDATA[oSXea0hMvipl6MWoA0nPA2hKhVqQ]]></FromUserName>
<CreateTime>1506133166</CreateTime>
<MsgType><![CDATA[event]]></MsgType>
<Event><![CDATA[VIEW]]></Event>
<EventKey><![CDATA[http://weixingc.ylii.org.cn/jianyinew/index.php/home/index/index]]></EventKey>
<MenuId>693886959</MenuId>
</xml>[2017-09-23 10:19:27]
接受消息，消息类型为：event[2017-09-23 10:19:27]
回应消息，消息为：[2017-09-23 10:19:27]
接受消息到的消息为：<xml><ToUserName><![CDATA[gh_bc9296f316c6]]></ToUserName>
<FromUserName><![CDATA[oSXea0nMdkwhwV9YWaQmNev_Dmbc]]></FromUserName>
<CreateTime>1506133258</CreateTime>
<MsgType><![CDATA[event]]></MsgType>
<Event><![CDATA[VIEW]]></Event>
<EventKey><![CDATA[http://weixingc.ylii.org.cn/jianyinew/index.php/home/index/index]]></EventKey>
<MenuId>693886959</MenuId>
</xml>[2017-09-23 10:20:58]
接受消息，消息类型为：event[2017-09-23 10:20:58]
回应消息，消息为：[2017-09-23 10:20:58]
接受消息到的消息为：<xml><ToUserName><![CDATA[gh_bc9296f316c6]]></ToUserName>
<FromUserName><![CDATA[oSXea0nMdkwhwV9YWaQmNev_Dmbc]]></FromUserName>
<CreateTime>1506133267</CreateTime>
<MsgType><![CDATA[event]]></MsgType>
<Event><![CDATA[VIEW]]></Event>
<EventKey><![CDATA[http://weixingc.ylii.org.cn/jianyinew/index.php/home/forum/index]]></EventKey>
<MenuId>693886959</MenuId>
</xml>[2017-09-23 10:21:08]
接受消息，消息类型为：event[2017-09-23 10:21:08]
回应消息，消息为：[2017-09-23 10:21:08]
接受消息到的消息为：<xml><ToUserName><![CDATA[gh_bc9296f316c6]]></ToUserName>
<FromUserName><![CDATA[oSXea0lNkz2-1MJFbB6lnrE_NN9o]]></FromUserName>
<CreateTime>1506133285</CreateTime>
<MsgType><![CDATA[event]]></MsgType>
<Event><![CDATA[VIEW]]></Event>
<EventKey><![CDATA[http://weixingc.ylii.org.cn/jianyinew/index.php/home/index/index]]></EventKey>
<MenuId>693886959</MenuId>
</xml>[2017-09-23 10:21:26]
接受消息，消息类型为：event[2017-09-23 10:21:26]
回应消息，消息为：[2017-09-23 10:21:26]
接受消息到的消息为：<xml><ToUserName><![CDATA[gh_bc9296f316c6]]></ToUserName>
<FromUserName><![CDATA[oSXea0hMvipl6MWoA0nPA2hKhVqQ]]></FromUserName>
<CreateTime>1506133920</CreateTime>
<MsgType><![CDATA[event]]></MsgType>
<Event><![CDATA[VIEW]]></Event>
<EventKey><![CDATA[http://weixingc.ylii.org.cn/jianyinew/index.php/home/index/index]]></EventKey>
<MenuId>693886959</MenuId>
</xml>[2017-09-23 10:32:00]
接受消息，消息类型为：event[2017-09-23 10:32:00]
回应消息，消息为：[2017-09-23 10:32:00]
接受消息到的消息为：<xml><ToUserName><![CDATA[gh_bc9296f316c6]]></ToUserName>
<FromUserName><![CDATA[oSXea0hMvipl6MWoA0nPA2hKhVqQ]]></FromUserName>
<CreateTime>1506134073</CreateTime>
<MsgType><![CDATA[event]]></MsgType>
<Event><![CDATA[VIEW]]></Event>
<EventKey><![CDATA[http://weixingc.ylii.org.cn/jianyinew/index.php/home/forum/index]]></EventKey>
<MenuId>693886959</MenuId>
</xml>[2017-09-23 10:34:34]
接受消息，消息类型为：event[2017-09-23 10:34:34]
回应消息，消息为：[2017-09-23 10:34:34]
接受消息到的消息为：<xml><ToUserName><![CDATA[gh_bc9296f316c6]]></ToUserName>
<FromUserName><![CDATA[oSXea0hMvipl6MWoA0nPA2hKhVqQ]]></FromUserName>
<CreateTime>1506134084</CreateTime>
<MsgType><![CDATA[event]]></MsgType>
<Event><![CDATA[VIEW]]></Event>
<EventKey><![CDATA[http://weixingc.ylii.org.cn/jianyinew/index.php/home/forum/index]]></EventKey>
<MenuId>693886959</MenuId>
</xml>[2017-09-23 10:34:44]
接受消息，消息类型为：event[2017-09-23 10:34:44]
回应消息，消息为：[2017-09-23 10:34:44]
接受消息到的消息为：<xml><ToUserName><![CDATA[gh_bc9296f316c6]]></ToUserName>
<FromUserName><![CDATA[oSXea0lNkz2-1MJFbB6lnrE_NN9o]]></FromUserName>
<CreateTime>1506134167</CreateTime>
<MsgType><![CDATA[event]]></MsgType>
<Event><![CDATA[VIEW]]></Event>
<EventKey><![CDATA[http://weixingc.ylii.org.cn/jianyinew/index.php/home/index/index]]></EventKey>
<MenuId>693886959</MenuId>
</xml>[2017-09-23 10:36:08]
接受消息，消息类型为：event[2017-09-23 10:36:08]
回应消息，消息为：[2017-09-23 10:36:08]
接受消息到的消息为：<xml><ToUserName><![CDATA[gh_bc9296f316c6]]></ToUserName>
<FromUserName><![CDATA[oSXea0hMvipl6MWoA0nPA2hKhVqQ]]></FromUserName>
<CreateTime>1506134220</CreateTime>
<MsgType><![CDATA[event]]></MsgType>
<Event><![CDATA[VIEW]]></Event>
<EventKey><![CDATA[http://weixingc.ylii.org.cn/jianyinew/index.php/home/index/index]]></EventKey>
<MenuId>693886959</MenuId>
</xml>[2017-09-23 10:37:00]
接受消息，消息类型为：event[2017-09-23 10:37:00]
回应消息，消息为：[2017-09-23 10:37:00]
接受消息到的消息为：<xml><ToUserName><![CDATA[gh_bc9296f316c6]]></ToUserName>
<FromUserName><![CDATA[oSXea0rmvuhm4uicHnQ0GLo-cEH0]]></FromUserName>
<CreateTime>1506134481</CreateTime>
<MsgType><![CDATA[event]]></MsgType>
<Event><![CDATA[subscribe]]></Event>
<EventKey><![CDATA[]]></EventKey>
</xml>[2017-09-23 10:41:21]
接受消息，消息类型为：event[2017-09-23 10:41:21]
回应消息，消息为：<xml>
<ToUserName><![CDATA[oSXea0rmvuhm4uicHnQ0GLo-cEH0]]></ToUserName>
<FromUserName><![CDATA[gh_bc9296f316c6]]></FromUserName>
<CreateTime>1506134482</CreateTime>
<MsgType><![CDATA[text]]></MsgType>
<Content><![CDATA[亲，欢迎关注简易思维！

欢迎你的体验！

<a href='http://weixingc.ylii.org.cn/jianyinew/index.php?m=home&c=index&a=index&referee='>点击访问简易思维</a>]]></Content>
</xml>[2017-09-23 10:41:21]
接受消息到的消息为：<xml><ToUserName><![CDATA[gh_bc9296f316c6]]></ToUserName>
<FromUserName><![CDATA[oSXea0rmvuhm4uicHnQ0GLo-cEH0]]></FromUserName>
<CreateTime>1506134483</CreateTime>
<MsgType><![CDATA[event]]></MsgType>
<Event><![CDATA[VIEW]]></Event>
<EventKey><![CDATA[http://weixingc.ylii.org.cn/jianyinew/index.php/home/index/index]]></EventKey>
<MenuId>693886959</MenuId>
</xml>[2017-09-23 10:41:23]
接受消息，消息类型为：event[2017-09-23 10:41:23]
回应消息，消息为：[2017-09-23 10:41:23]
接受消息到的消息为：<xml><ToUserName><![CDATA[gh_bc9296f316c6]]></ToUserName>
<FromUserName><![CDATA[oSXea0hMvipl6MWoA0nPA2hKhVqQ]]></FromUserName>
<CreateTime>1506134517</CreateTime>
<MsgType><![CDATA[event]]></MsgType>
<Event><![CDATA[VIEW]]></Event>
<EventKey><![CDATA[http://weixingc.ylii.org.cn/jianyinew/index.php/home/index/index]]></EventKey>
<MenuId>693886959</MenuId>
</xml>[2017-09-23 10:41:57]
接受消息，消息类型为：event[2017-09-23 10:41:57]
回应消息，消息为：[2017-09-23 10:41:57]
接受消息到的消息为：<xml><ToUserName><![CDATA[gh_bc9296f316c6]]></ToUserName>
<FromUserName><![CDATA[oSXea0tYl_V4uYlu_MboSTlgW_3A]]></FromUserName>
<CreateTime>1506134674</CreateTime>
<MsgType><![CDATA[event]]></MsgType>
<Event><![CDATA[subscribe]]></Event>
<EventKey><![CDATA[]]></EventKey>
</xml>[2017-09-23 10:44:34]
接受消息，消息类型为：event[2017-09-23 10:44:34]
回应消息，消息为：<xml>
<ToUserName><![CDATA[oSXea0tYl_V4uYlu_MboSTlgW_3A]]></ToUserName>
<FromUserName><![CDATA[gh_bc9296f316c6]]></FromUserName>
<CreateTime>1506134674</CreateTime>
<MsgType><![CDATA[text]]></MsgType>
<Content><![CDATA[亲，欢迎关注简易思维！

欢迎你的体验！

<a href='http://weixingc.ylii.org.cn/jianyinew/index.php?m=home&c=index&a=index&referee='>点击访问简易思维</a>]]></Content>
</xml>[2017-09-23 10:44:34]
接受消息到的消息为：<xml><ToUserName><![CDATA[gh_bc9296f316c6]]></ToUserName>
<FromUserName><![CDATA[oSXea0tYl_V4uYlu_MboSTlgW_3A]]></FromUserName>
<CreateTime>1506134685</CreateTime>
<MsgType><![CDATA[event]]></MsgType>
<Event><![CDATA[VIEW]]></Event>
<EventKey><![CDATA[http://weixingc.ylii.org.cn/jianyinew/index.php/home/index/index]]></EventKey>
<MenuId>693886959</MenuId>
</xml>[2017-09-23 10:44:46]
接受消息，消息类型为：event[2017-09-23 10:44:46]
回应消息，消息为：[2017-09-23 10:44:46]
接受消息到的消息为：<xml><ToUserName><![CDATA[gh_bc9296f316c6]]></ToUserName>
<FromUserName><![CDATA[oSXea0tYl_V4uYlu_MboSTlgW_3A]]></FromUserName>
<CreateTime>1506134730</CreateTime>
<MsgType><![CDATA[event]]></MsgType>
<Event><![CDATA[VIEW]]></Event>
<EventKey><![CDATA[http://weixingc.ylii.org.cn/jianyinew/index.php/home/index/index]]></EventKey>
<MenuId>693886959</MenuId>
</xml>[2017-09-23 10:45:31]
接受消息，消息类型为：event[2017-09-23 10:45:31]
回应消息，消息为：[2017-09-23 10:45:31]
接受消息到的消息为：<xml><ToUserName><![CDATA[gh_bc9296f316c6]]></ToUserName>
<FromUserName><![CDATA[oSXea0tYl_V4uYlu_MboSTlgW_3A]]></FromUserName>
<CreateTime>1506134738</CreateTime>
<MsgType><![CDATA[event]]></MsgType>
<Event><![CDATA[VIEW]]></Event>
<EventKey><![CDATA[http://weixingc.ylii.org.cn/jianyinew/index.php/home/index/index]]></EventKey>
<MenuId>693886959</MenuId>
</xml>[2017-09-23 10:45:39]
接受消息，消息类型为：event[2017-09-23 10:45:39]
回应消息，消息为：[2017-09-23 10:45:39]
接受消息到的消息为：<xml><ToUserName><![CDATA[gh_bc9296f316c6]]></ToUserName>
<FromUserName><![CDATA[oSXea0rmvuhm4uicHnQ0GLo-cEH0]]></FromUserName>
<CreateTime>1506135655</CreateTime>
<MsgType><![CDATA[event]]></MsgType>
<Event><![CDATA[VIEW]]></Event>
<EventKey><![CDATA[http://weixingc.ylii.org.cn/jianyinew/index.php/home/index/index]]></EventKey>
<MenuId>693886959</MenuId>
</xml>[2017-09-23 11:00:56]
接受消息，消息类型为：event[2017-09-23 11:00:56]
回应消息，消息为：[2017-09-23 11:00:56]
接受消息到的消息为：<xml><ToUserName><![CDATA[gh_bc9296f316c6]]></ToUserName>
<FromUserName><![CDATA[oSXea0rmvuhm4uicHnQ0GLo-cEH0]]></FromUserName>
<CreateTime>1506135760</CreateTime>
<MsgType><![CDATA[event]]></MsgType>
<Event><![CDATA[VIEW]]></Event>
<EventKey><![CDATA[http://weixingc.ylii.org.cn/jianyinew/index.php/home/school/index]]></EventKey>
<MenuId>693886959</MenuId>
</xml>[2017-09-23 11:02:40]
接受消息，消息类型为：event[2017-09-23 11:02:40]
回应消息，消息为：[2017-09-23 11:02:40]
接受消息到的消息为：<xml><ToUserName><![CDATA[gh_bc9296f316c6]]></ToUserName>
<FromUserName><![CDATA[oSXea0rmvuhm4uicHnQ0GLo-cEH0]]></FromUserName>
<CreateTime>1506135772</CreateTime>
<MsgType><![CDATA[event]]></MsgType>
<Event><![CDATA[VIEW]]></Event>
<EventKey><![CDATA[http://weixingc.ylii.org.cn/jianyinew/index.php/home/index/index]]></EventKey>
<MenuId>693886959</MenuId>
</xml>[2017-09-23 11:02:53]
接受消息，消息类型为：event[2017-09-23 11:02:53]
回应消息，消息为：[2017-09-23 11:02:53]
接受消息到的消息为：<xml><ToUserName><![CDATA[gh_bc9296f316c6]]></ToUserName>
<FromUserName><![CDATA[oSXea0rmvuhm4uicHnQ0GLo-cEH0]]></FromUserName>
<CreateTime>1506135776</CreateTime>
<MsgType><![CDATA[event]]></MsgType>
<Event><![CDATA[VIEW]]></Event>
<EventKey><![CDATA[http://weixingc.ylii.org.cn/jianyinew/index.php/home/school/index]]></EventKey>
<MenuId>693886959</MenuId>
</xml>[2017-09-23 11:02:56]
接受消息，消息类型为：event[2017-09-23 11:02:56]
回应消息，消息为：[2017-09-23 11:02:56]
接受消息到的消息为：<xml><ToUserName><![CDATA[gh_bc9296f316c6]]></ToUserName>
<FromUserName><![CDATA[oSXea0rmvuhm4uicHnQ0GLo-cEH0]]></FromUserName>
<CreateTime>1506135780</CreateTime>
<MsgType><![CDATA[event]]></MsgType>
<Event><![CDATA[VIEW]]></Event>
<EventKey><![CDATA[http://weixingc.ylii.org.cn/jianyinew/index.php/home/index/index]]></EventKey>
<MenuId>693886959</MenuId>
</xml>[2017-09-23 11:03:00]
接受消息，消息类型为：event[2017-09-23 11:03:00]
回应消息，消息为：[2017-09-23 11:03:00]
接受消息到的消息为：<xml><ToUserName><![CDATA[gh_bc9296f316c6]]></ToUserName>
<FromUserName><![CDATA[oSXea0rmvuhm4uicHnQ0GLo-cEH0]]></FromUserName>
<CreateTime>1506135801</CreateTime>
<MsgType><![CDATA[event]]></MsgType>
<Event><![CDATA[VIEW]]></Event>
<EventKey><![CDATA[http://weixingc.ylii.org.cn/jianyinew/index.php/home/school/index]]></EventKey>
<MenuId>693886959</MenuId>
</xml>[2017-09-23 11:03:22]
接受消息，消息类型为：event[2017-09-23 11:03:22]
回应消息，消息为：[2017-09-23 11:03:22]
接受消息到的消息为：<xml><ToUserName><![CDATA[gh_bc9296f316c6]]></ToUserName>
<FromUserName><![CDATA[oSXea0rmvuhm4uicHnQ0GLo-cEH0]]></FromUserName>
<CreateTime>1506136163</CreateTime>
<MsgType><![CDATA[event]]></MsgType>
<Event><![CDATA[VIEW]]></Event>
<EventKey><![CDATA[http://weixingc.ylii.org.cn/jianyinew/index.php/home/index/index]]></EventKey>
<MenuId>693886959</MenuId>
</xml>[2017-09-23 11:09:23]
接受消息，消息类型为：event[2017-09-23 11:09:23]
回应消息，消息为：[2017-09-23 11:09:23]
接受消息到的消息为：<xml><ToUserName><![CDATA[gh_bc9296f316c6]]></ToUserName>
<FromUserName><![CDATA[oSXea0rmvuhm4uicHnQ0GLo-cEH0]]></FromUserName>
<CreateTime>1506136233</CreateTime>
<MsgType><![CDATA[event]]></MsgType>
<Event><![CDATA[VIEW]]></Event>
<EventKey><![CDATA[http://weixingc.ylii.org.cn/jianyinew/index.php/home/index/index]]></EventKey>
<MenuId>693886959</MenuId>
</xml>[2017-09-23 11:10:33]
接受消息，消息类型为：event[2017-09-23 11:10:33]
回应消息，消息为：[2017-09-23 11:10:33]
接受消息到的消息为：<xml><ToUserName><![CDATA[gh_bc9296f316c6]]></ToUserName>
<FromUserName><![CDATA[oSXea0rmvuhm4uicHnQ0GLo-cEH0]]></FromUserName>
<CreateTime>1506136448</CreateTime>
<MsgType><![CDATA[event]]></MsgType>
<Event><![CDATA[VIEW]]></Event>
<EventKey><![CDATA[http://weixingc.ylii.org.cn/jianyinew/index.php/home/index/index]]></EventKey>
<MenuId>693886959</MenuId>
</xml>[2017-09-23 11:14:09]
接受消息，消息类型为：event[2017-09-23 11:14:09]
回应消息，消息为：[2017-09-23 11:14:09]
接受消息到的消息为：<xml><ToUserName><![CDATA[gh_bc9296f316c6]]></ToUserName>
<FromUserName><![CDATA[oSXea0rmvuhm4uicHnQ0GLo-cEH0]]></FromUserName>
<CreateTime>1506136521</CreateTime>
<MsgType><![CDATA[event]]></MsgType>
<Event><![CDATA[VIEW]]></Event>
<EventKey><![CDATA[http://weixingc.ylii.org.cn/jianyinew/index.php/home/index/index]]></EventKey>
<MenuId>693886959</MenuId>
</xml>[2017-09-23 11:15:21]
接受消息，消息类型为：event[2017-09-23 11:15:21]
回应消息，消息为：[2017-09-23 11:15:21]
接受消息到的消息为：<xml><ToUserName><![CDATA[gh_bc9296f316c6]]></ToUserName>
<FromUserName><![CDATA[oSXea0rmvuhm4uicHnQ0GLo-cEH0]]></FromUserName>
<CreateTime>1506136547</CreateTime>
<MsgType><![CDATA[event]]></MsgType>
<Event><![CDATA[VIEW]]></Event>
<EventKey><![CDATA[http://weixingc.ylii.org.cn/jianyinew/index.php/home/school/index]]></EventKey>
<MenuId>693886959</MenuId>
</xml>[2017-09-23 11:15:47]
接受消息，消息类型为：event[2017-09-23 11:15:47]
回应消息，消息为：[2017-09-23 11:15:47]
接受消息到的消息为：<xml><ToUserName><![CDATA[gh_bc9296f316c6]]></ToUserName>
<FromUserName><![CDATA[oSXea0rmvuhm4uicHnQ0GLo-cEH0]]></FromUserName>
<CreateTime>1506136561</CreateTime>
<MsgType><![CDATA[event]]></MsgType>
<Event><![CDATA[VIEW]]></Event>
<EventKey><![CDATA[http://weixingc.ylii.org.cn/jianyinew/index.php/home/index/index]]></EventKey>
<MenuId>693886959</MenuId>
</xml>[2017-09-23 11:16:01]
接受消息，消息类型为：event[2017-09-23 11:16:01]
回应消息，消息为：[2017-09-23 11:16:01]
接受消息到的消息为：<xml><ToUserName><![CDATA[gh_bc9296f316c6]]></ToUserName>
<FromUserName><![CDATA[oSXea0rmvuhm4uicHnQ0GLo-cEH0]]></FromUserName>
<CreateTime>1506136606</CreateTime>
<MsgType><![CDATA[event]]></MsgType>
<Event><![CDATA[VIEW]]></Event>
<EventKey><![CDATA[http://weixingc.ylii.org.cn/jianyinew/index.php/home/index/index]]></EventKey>
<MenuId>693886959</MenuId>
</xml>[2017-09-23 11:16:46]
接受消息，消息类型为：event[2017-09-23 11:16:46]
回应消息，消息为：[2017-09-23 11:16:46]
接受消息到的消息为：<xml><ToUserName><![CDATA[gh_bc9296f316c6]]></ToUserName>
<FromUserName><![CDATA[oSXea0utect-3CnjgUNQH_YczreY]]></FromUserName>
<CreateTime>1506136694</CreateTime>
<MsgType><![CDATA[event]]></MsgType>
<Event><![CDATA[subscribe]]></Event>
<EventKey><![CDATA[]]></EventKey>
</xml>[2017-09-23 11:18:14]
接受消息，消息类型为：event[2017-09-23 11:18:14]
回应消息，消息为：<xml>
<ToUserName><![CDATA[oSXea0utect-3CnjgUNQH_YczreY]]></ToUserName>
<FromUserName><![CDATA[gh_bc9296f316c6]]></FromUserName>
<CreateTime>1506136694</CreateTime>
<MsgType><![CDATA[text]]></MsgType>
<Content><![CDATA[亲，欢迎关注简易思维！

欢迎你的体验！

<a href='http://weixingc.ylii.org.cn/jianyinew/index.php?m=home&c=index&a=index&referee='>点击访问简易思维</a>]]></Content>
</xml>[2017-09-23 11:18:14]
接受消息到的消息为：<xml><ToUserName><![CDATA[gh_bc9296f316c6]]></ToUserName>
<FromUserName><![CDATA[oSXea0rmvuhm4uicHnQ0GLo-cEH0]]></FromUserName>
<CreateTime>1506136694</CreateTime>
<MsgType><![CDATA[event]]></MsgType>
<Event><![CDATA[VIEW]]></Event>
<EventKey><![CDATA[http://weixingc.ylii.org.cn/jianyinew/index.php/home/index/index]]></EventKey>
<MenuId>693886959</MenuId>
</xml>[2017-09-23 11:18:14]
接受消息，消息类型为：event[2017-09-23 11:18:14]
回应消息，消息为：[2017-09-23 11:18:14]
接受消息到的消息为：<xml><ToUserName><![CDATA[gh_bc9296f316c6]]></ToUserName>
<FromUserName><![CDATA[oSXea0utect-3CnjgUNQH_YczreY]]></FromUserName>
<CreateTime>1506136696</CreateTime>
<MsgType><![CDATA[event]]></MsgType>
<Event><![CDATA[VIEW]]></Event>
<EventKey><![CDATA[http://weixingc.ylii.org.cn/jianyinew/index.php/home/school/index]]></EventKey>
<MenuId>693886959</MenuId>
</xml>[2017-09-23 11:18:16]
接受消息，消息类型为：event[2017-09-23 11:18:16]
回应消息，消息为：[2017-09-23 11:18:16]
接受消息到的消息为：<xml><ToUserName><![CDATA[gh_bc9296f316c6]]></ToUserName>
<FromUserName><![CDATA[oSXea0utect-3CnjgUNQH_YczreY]]></FromUserName>
<CreateTime>1506136747</CreateTime>
<MsgType><![CDATA[event]]></MsgType>
<Event><![CDATA[VIEW]]></Event>
<EventKey><![CDATA[http://weixingc.ylii.org.cn/jianyinew/index.php/home/index/index]]></EventKey>
<MenuId>693886959</MenuId>
</xml>[2017-09-23 11:19:07]
接受消息，消息类型为：event[2017-09-23 11:19:07]
回应消息，消息为：[2017-09-23 11:19:07]
接受消息到的消息为：<xml><ToUserName><![CDATA[gh_bc9296f316c6]]></ToUserName>
<FromUserName><![CDATA[oSXea0utect-3CnjgUNQH_YczreY]]></FromUserName>
<CreateTime>1506136754</CreateTime>
<MsgType><![CDATA[event]]></MsgType>
<Event><![CDATA[VIEW]]></Event>
<EventKey><![CDATA[http://weixingc.ylii.org.cn/jianyinew/index.php/home/index/index]]></EventKey>
<MenuId>693886959</MenuId>
</xml>[2017-09-23 11:19:14]
接受消息，消息类型为：event[2017-09-23 11:19:14]
回应消息，消息为：[2017-09-23 11:19:14]
接受消息到的消息为：<xml><ToUserName><![CDATA[gh_bc9296f316c6]]></ToUserName>
<FromUserName><![CDATA[oSXea0rmvuhm4uicHnQ0GLo-cEH0]]></FromUserName>
<CreateTime>1506136806</CreateTime>
<MsgType><![CDATA[event]]></MsgType>
<Event><![CDATA[VIEW]]></Event>
<EventKey><![CDATA[http://weixingc.ylii.org.cn/jianyinew/index.php/home/index/index]]></EventKey>
<MenuId>693886959</MenuId>
</xml>[2017-09-23 11:20:06]
接受消息，消息类型为：event[2017-09-23 11:20:06]
回应消息，消息为：[2017-09-23 11:20:06]
接受消息到的消息为：<xml><ToUserName><![CDATA[gh_bc9296f316c6]]></ToUserName>
<FromUserName><![CDATA[oSXea0rmvuhm4uicHnQ0GLo-cEH0]]></FromUserName>
<CreateTime>1506136928</CreateTime>
<MsgType><![CDATA[event]]></MsgType>
<Event><![CDATA[VIEW]]></Event>
<EventKey><![CDATA[http://weixingc.ylii.org.cn/jianyinew/index.php/home/index/index]]></EventKey>
<MenuId>693886959</MenuId>
</xml>[2017-09-23 11:22:09]
接受消息，消息类型为：event[2017-09-23 11:22:09]
回应消息，消息为：[2017-09-23 11:22:09]
接受消息到的消息为：<xml><ToUserName><![CDATA[gh_bc9296f316c6]]></ToUserName>
<FromUserName><![CDATA[oSXea0rmvuhm4uicHnQ0GLo-cEH0]]></FromUserName>
<CreateTime>1506137024</CreateTime>
<MsgType><![CDATA[event]]></MsgType>
<Event><![CDATA[VIEW]]></Event>
<EventKey><![CDATA[http://weixingc.ylii.org.cn/jianyinew/index.php/home/index/index]]></EventKey>
<MenuId>693886959</MenuId>
</xml>[2017-09-23 11:23:44]
接受消息，消息类型为：event[2017-09-23 11:23:44]
回应消息，消息为：[2017-09-23 11:23:44]
接受消息到的消息为：<xml><ToUserName><![CDATA[gh_bc9296f316c6]]></ToUserName>
<FromUserName><![CDATA[oSXea0rmvuhm4uicHnQ0GLo-cEH0]]></FromUserName>
<CreateTime>1506137111</CreateTime>
<MsgType><![CDATA[event]]></MsgType>
<Event><![CDATA[VIEW]]></Event>
<EventKey><![CDATA[http://weixingc.ylii.org.cn/jianyinew/index.php/home/index/index]]></EventKey>
<MenuId>693886959</MenuId>
</xml>[2017-09-23 11:25:11]
接受消息，消息类型为：event[2017-09-23 11:25:11]
回应消息，消息为：[2017-09-23 11:25:11]
接受消息到的消息为：<xml><ToUserName><![CDATA[gh_bc9296f316c6]]></ToUserName>
<FromUserName><![CDATA[oSXea0rmvuhm4uicHnQ0GLo-cEH0]]></FromUserName>
<CreateTime>1506137136</CreateTime>
<MsgType><![CDATA[event]]></MsgType>
<Event><![CDATA[VIEW]]></Event>
<EventKey><![CDATA[http://weixingc.ylii.org.cn/jianyinew/index.php/home/index/index]]></EventKey>
<MenuId>693886959</MenuId>
</xml>[2017-09-23 11:25:37]
接受消息，消息类型为：event[2017-09-23 11:25:37]
回应消息，消息为：[2017-09-23 11:25:37]
接受消息到的消息为：<xml><ToUserName><![CDATA[gh_bc9296f316c6]]></ToUserName>
<FromUserName><![CDATA[oSXea0rmvuhm4uicHnQ0GLo-cEH0]]></FromUserName>
<CreateTime>1506137152</CreateTime>
<MsgType><![CDATA[event]]></MsgType>
<Event><![CDATA[VIEW]]></Event>
<EventKey><![CDATA[http://weixingc.ylii.org.cn/jianyinew/index.php/home/school/index]]></EventKey>
<MenuId>693886959</MenuId>
</xml>[2017-09-23 11:25:52]
接受消息，消息类型为：event[2017-09-23 11:25:52]
回应消息，消息为：[2017-09-23 11:25:52]
接受消息到的消息为：<xml><ToUserName><![CDATA[gh_bc9296f316c6]]></ToUserName>
<FromUserName><![CDATA[oSXea0rmvuhm4uicHnQ0GLo-cEH0]]></FromUserName>
<CreateTime>1506137158</CreateTime>
<MsgType><![CDATA[event]]></MsgType>
<Event><![CDATA[VIEW]]></Event>
<EventKey><![CDATA[http://weixingc.ylii.org.cn/jianyinew/index.php/home/index/index]]></EventKey>
<MenuId>693886959</MenuId>
</xml>[2017-09-23 11:25:58]
接受消息，消息类型为：event[2017-09-23 11:25:58]
回应消息，消息为：[2017-09-23 11:25:58]
接受消息到的消息为：<xml><ToUserName><![CDATA[gh_bc9296f316c6]]></ToUserName>
<FromUserName><![CDATA[oSXea0g_W94otKcIyh2jZ5-_LqDo]]></FromUserName>
<CreateTime>1506137170</CreateTime>
<MsgType><![CDATA[event]]></MsgType>
<Event><![CDATA[VIEW]]></Event>
<EventKey><![CDATA[http://weixingc.ylii.org.cn/jianyinew/index.php/home/school/index]]></EventKey>
<MenuId>693886959</MenuId>
</xml>[2017-09-23 11:26:10]
接受消息，消息类型为：event[2017-09-23 11:26:10]
回应消息，消息为：[2017-09-23 11:26:10]
接受消息到的消息为：<xml><ToUserName><![CDATA[gh_bc9296f316c6]]></ToUserName>
<FromUserName><![CDATA[oSXea0g_W94otKcIyh2jZ5-_LqDo]]></FromUserName>
<CreateTime>1506137183</CreateTime>
<MsgType><![CDATA[event]]></MsgType>
<Event><![CDATA[VIEW]]></Event>
<EventKey><![CDATA[http://weixingc.ylii.org.cn/jianyinew/index.php/home/index/index]]></EventKey>
<MenuId>693886959</MenuId>
</xml>[2017-09-23 11:26:24]
接受消息，消息类型为：event[2017-09-23 11:26:24]
回应消息，消息为：[2017-09-23 11:26:24]
接受消息到的消息为：<xml><ToUserName><![CDATA[gh_bc9296f316c6]]></ToUserName>
<FromUserName><![CDATA[oSXea0g_W94otKcIyh2jZ5-_LqDo]]></FromUserName>
<CreateTime>1506137232</CreateTime>
<MsgType><![CDATA[event]]></MsgType>
<Event><![CDATA[VIEW]]></Event>
<EventKey><![CDATA[http://weixingc.ylii.org.cn/jianyinew/index.php/home/index/index]]></EventKey>
<MenuId>693886959</MenuId>
</xml>[2017-09-23 11:27:13]
接受消息，消息类型为：event[2017-09-23 11:27:13]
回应消息，消息为：[2017-09-23 11:27:13]
接受消息到的消息为：<xml><ToUserName><![CDATA[gh_bc9296f316c6]]></ToUserName>
<FromUserName><![CDATA[oSXea0g_W94otKcIyh2jZ5-_LqDo]]></FromUserName>
<CreateTime>1506137423</CreateTime>
<MsgType><![CDATA[event]]></MsgType>
<Event><![CDATA[unsubscribe]]></Event>
<EventKey><![CDATA[]]></EventKey>
</xml>[2017-09-23 11:30:24]
接受消息，消息类型为：event[2017-09-23 11:30:24]
回应消息，消息为：[2017-09-23 11:30:24]
接受消息到的消息为：<xml><ToUserName><![CDATA[gh_bc9296f316c6]]></ToUserName>
<FromUserName><![CDATA[oSXea0lNkz2-1MJFbB6lnrE_NN9o]]></FromUserName>
<CreateTime>1506137939</CreateTime>
<MsgType><![CDATA[event]]></MsgType>
<Event><![CDATA[VIEW]]></Event>
<EventKey><![CDATA[http://weixingc.ylii.org.cn/jianyinew/index.php/home/index/index]]></EventKey>
<MenuId>693886959</MenuId>
</xml>[2017-09-23 11:39:00]
接受消息，消息类型为：event[2017-09-23 11:39:00]
回应消息，消息为：[2017-09-23 11:39:00]
接受消息到的消息为：<xml><ToUserName><![CDATA[gh_bc9296f316c6]]></ToUserName>
<FromUserName><![CDATA[oSXea0rmvuhm4uicHnQ0GLo-cEH0]]></FromUserName>
<CreateTime>1506137956</CreateTime>
<MsgType><![CDATA[event]]></MsgType>
<Event><![CDATA[VIEW]]></Event>
<EventKey><![CDATA[http://weixingc.ylii.org.cn/jianyinew/index.php/home/index/index]]></EventKey>
<MenuId>693886959</MenuId>
</xml>[2017-09-23 11:39:17]
接受消息，消息类型为：event[2017-09-23 11:39:17]
回应消息，消息为：[2017-09-23 11:39:17]
接受消息到的消息为：<xml><ToUserName><![CDATA[gh_bc9296f316c6]]></ToUserName>
<FromUserName><![CDATA[oSXea0rmvuhm4uicHnQ0GLo-cEH0]]></FromUserName>
<CreateTime>1506137973</CreateTime>
<MsgType><![CDATA[event]]></MsgType>
<Event><![CDATA[VIEW]]></Event>
<EventKey><![CDATA[http://weixingc.ylii.org.cn/jianyinew/index.php/home/index/index]]></EventKey>
<MenuId>693886959</MenuId>
</xml>[2017-09-23 11:39:34]
接受消息，消息类型为：event[2017-09-23 11:39:34]
回应消息，消息为：[2017-09-23 11:39:34]
接受消息到的消息为：<xml><ToUserName><![CDATA[gh_bc9296f316c6]]></ToUserName>
<FromUserName><![CDATA[oSXea0rmvuhm4uicHnQ0GLo-cEH0]]></FromUserName>
<CreateTime>1506138249</CreateTime>
<MsgType><![CDATA[event]]></MsgType>
<Event><![CDATA[VIEW]]></Event>
<EventKey><![CDATA[http://weixingc.ylii.org.cn/jianyinew/index.php/home/index/index]]></EventKey>
<MenuId>693886959</MenuId>
</xml>[2017-09-23 11:44:10]
接受消息，消息类型为：event[2017-09-23 11:44:10]
回应消息，消息为：[2017-09-23 11:44:10]
接受消息到的消息为：<xml><ToUserName><![CDATA[gh_bc9296f316c6]]></ToUserName>
<FromUserName><![CDATA[oSXea0rmvuhm4uicHnQ0GLo-cEH0]]></FromUserName>
<CreateTime>1506138411</CreateTime>
<MsgType><![CDATA[event]]></MsgType>
<Event><![CDATA[VIEW]]></Event>
<EventKey><![CDATA[http://weixingc.ylii.org.cn/jianyinew/index.php/home/index/index]]></EventKey>
<MenuId>693886959</MenuId>
</xml>[2017-09-23 11:46:52]
接受消息，消息类型为：event[2017-09-23 11:46:52]
回应消息，消息为：[2017-09-23 11:46:52]
接受消息到的消息为：<xml><ToUserName><![CDATA[gh_bc9296f316c6]]></ToUserName>
<FromUserName><![CDATA[oSXea0utect-3CnjgUNQH_YczreY]]></FromUserName>
<CreateTime>1506138495</CreateTime>
<MsgType><![CDATA[event]]></MsgType>
<Event><![CDATA[VIEW]]></Event>
<EventKey><![CDATA[http://weixingc.ylii.org.cn/jianyinew/index.php/home/forum/index]]></EventKey>
<MenuId>693886959</MenuId>
</xml>[2017-09-23 11:48:15]
接受消息，消息类型为：event[2017-09-23 11:48:15]
回应消息，消息为：[2017-09-23 11:48:15]
接受消息到的消息为：<xml><ToUserName><![CDATA[gh_bc9296f316c6]]></ToUserName>
<FromUserName><![CDATA[oSXea0utect-3CnjgUNQH_YczreY]]></FromUserName>
<CreateTime>1506138497</CreateTime>
<MsgType><![CDATA[event]]></MsgType>
<Event><![CDATA[VIEW]]></Event>
<EventKey><![CDATA[http://weixingc.ylii.org.cn/jianyinew/index.php/home/index/index]]></EventKey>
<MenuId>693886959</MenuId>
</xml>[2017-09-23 11:48:18]
接受消息，消息类型为：event[2017-09-23 11:48:18]
回应消息，消息为：[2017-09-23 11:48:18]
接受消息到的消息为：<xml><ToUserName><![CDATA[gh_bc9296f316c6]]></ToUserName>
<FromUserName><![CDATA[oSXea0utect-3CnjgUNQH_YczreY]]></FromUserName>
<CreateTime>1506138500</CreateTime>
<MsgType><![CDATA[event]]></MsgType>
<Event><![CDATA[VIEW]]></Event>
<EventKey><![CDATA[http://weixingc.ylii.org.cn/jianyinew/index.php/home/school/index]]></EventKey>
<MenuId>693886959</MenuId>
</xml>[2017-09-23 11:48:20]
接受消息，消息类型为：event[2017-09-23 11:48:20]
回应消息，消息为：[2017-09-23 11:48:20]
接受消息到的消息为：<xml><ToUserName><![CDATA[gh_bc9296f316c6]]></ToUserName>
<FromUserName><![CDATA[oSXea0rmvuhm4uicHnQ0GLo-cEH0]]></FromUserName>
<CreateTime>1506138671</CreateTime>
<MsgType><![CDATA[event]]></MsgType>
<Event><![CDATA[VIEW]]></Event>
<EventKey><![CDATA[http://weixingc.ylii.org.cn/jianyinew/index.php/home/index/index]]></EventKey>
<MenuId>693886959</MenuId>
</xml>[2017-09-23 11:51:12]
接受消息，消息类型为：event[2017-09-23 11:51:12]
回应消息，消息为：[2017-09-23 11:51:12]
接受消息到的消息为：<xml><ToUserName><![CDATA[gh_bc9296f316c6]]></ToUserName>
<FromUserName><![CDATA[oSXea0lNkz2-1MJFbB6lnrE_NN9o]]></FromUserName>
<CreateTime>1506147887</CreateTime>
<MsgType><![CDATA[event]]></MsgType>
<Event><![CDATA[VIEW]]></Event>
<EventKey><![CDATA[http://weixingc.ylii.org.cn/jianyinew/index.php/home/index/index]]></EventKey>
<MenuId>693886959</MenuId>
</xml>[2017-09-23 14:24:48]
接受消息，消息类型为：event[2017-09-23 14:24:48]
回应消息，消息为：[2017-09-23 14:24:48]
接受消息到的消息为：<xml><ToUserName><![CDATA[gh_bc9296f316c6]]></ToUserName>
<FromUserName><![CDATA[oSXea0lNkz2-1MJFbB6lnrE_NN9o]]></FromUserName>
<CreateTime>1506148040</CreateTime>
<MsgType><![CDATA[event]]></MsgType>
<Event><![CDATA[VIEW]]></Event>
<EventKey><![CDATA[http://weixingc.ylii.org.cn/jianyinew/index.php/home/index/index]]></EventKey>
<MenuId>693886959</MenuId>
</xml>[2017-09-23 14:27:21]
接受消息，消息类型为：event[2017-09-23 14:27:21]
回应消息，消息为：[2017-09-23 14:27:21]
接受消息到的消息为：<xml><ToUserName><![CDATA[gh_bc9296f316c6]]></ToUserName>
<FromUserName><![CDATA[oSXea0lNkz2-1MJFbB6lnrE_NN9o]]></FromUserName>
<CreateTime>1506148467</CreateTime>
<MsgType><![CDATA[event]]></MsgType>
<Event><![CDATA[VIEW]]></Event>
<EventKey><![CDATA[http://weixingc.ylii.org.cn/jianyinew/index.php/home/index/index]]></EventKey>
<MenuId>693886959</MenuId>
</xml>[2017-09-23 14:34:28]
接受消息，消息类型为：event[2017-09-23 14:34:28]
回应消息，消息为：[2017-09-23 14:34:28]
接受消息到的消息为：<xml><ToUserName><![CDATA[gh_bc9296f316c6]]></ToUserName>
<FromUserName><![CDATA[oSXea0lNkz2-1MJFbB6lnrE_NN9o]]></FromUserName>
<CreateTime>1506149091</CreateTime>
<MsgType><![CDATA[event]]></MsgType>
<Event><![CDATA[VIEW]]></Event>
<EventKey><![CDATA[http://weixingc.ylii.org.cn/jianyinew/index.php/home/index/index]]></EventKey>
<MenuId>693886959</MenuId>
</xml>[2017-09-23 14:44:52]
接受消息，消息类型为：event[2017-09-23 14:44:52]
回应消息，消息为：[2017-09-23 14:44:52]
接受消息到的消息为：<xml><ToUserName><![CDATA[gh_bc9296f316c6]]></ToUserName>
<FromUserName><![CDATA[oSXea0hMvipl6MWoA0nPA2hKhVqQ]]></FromUserName>
<CreateTime>1506149850</CreateTime>
<MsgType><![CDATA[event]]></MsgType>
<Event><![CDATA[VIEW]]></Event>
<EventKey><![CDATA[http://weixingc.ylii.org.cn/jianyinew/index.php/home/school/index]]></EventKey>
<MenuId>693886959</MenuId>
</xml>[2017-09-23 14:57:31]
接受消息，消息类型为：event[2017-09-23 14:57:31]
回应消息，消息为：[2017-09-23 14:57:31]
接受消息到的消息为：<xml><ToUserName><![CDATA[gh_bc9296f316c6]]></ToUserName>
<FromUserName><![CDATA[oSXea0lNkz2-1MJFbB6lnrE_NN9o]]></FromUserName>
<CreateTime>1506156563</CreateTime>
<MsgType><![CDATA[event]]></MsgType>
<Event><![CDATA[VIEW]]></Event>
<EventKey><![CDATA[http://weixingc.ylii.org.cn/jianyinew/index.php/home/index/index]]></EventKey>
<MenuId>693886959</MenuId>
</xml>[2017-09-23 16:49:24]
接受消息，消息类型为：event[2017-09-23 16:49:24]
回应消息，消息为：[2017-09-23 16:49:24]
接受消息到的消息为：<xml><ToUserName><![CDATA[gh_bc9296f316c6]]></ToUserName>
<FromUserName><![CDATA[oSXea0lNkz2-1MJFbB6lnrE_NN9o]]></FromUserName>
<CreateTime>1506156729</CreateTime>
<MsgType><![CDATA[event]]></MsgType>
<Event><![CDATA[VIEW]]></Event>
<EventKey><![CDATA[http://weixingc.ylii.org.cn/jianyinew/index.php/home/index/index]]></EventKey>
<MenuId>693886959</MenuId>
</xml>[2017-09-23 16:52:10]
接受消息，消息类型为：event[2017-09-23 16:52:10]
回应消息，消息为：[2017-09-23 16:52:10]
接受消息到的消息为：<xml><ToUserName><![CDATA[gh_bc9296f316c6]]></ToUserName>
<FromUserName><![CDATA[oSXea0hMvipl6MWoA0nPA2hKhVqQ]]></FromUserName>
<CreateTime>1506156916</CreateTime>
<MsgType><![CDATA[event]]></MsgType>
<Event><![CDATA[VIEW]]></Event>
<EventKey><![CDATA[http://weixingc.ylii.org.cn/jianyinew/index.php/home/school/index]]></EventKey>
<MenuId>693886959</MenuId>
</xml>[2017-09-23 16:55:17]
接受消息，消息类型为：event[2017-09-23 16:55:17]
回应消息，消息为：[2017-09-23 16:55:17]
接受消息到的消息为：<xml><ToUserName><![CDATA[gh_bc9296f316c6]]></ToUserName>
<FromUserName><![CDATA[oSXea0hMvipl6MWoA0nPA2hKhVqQ]]></FromUserName>
<CreateTime>1506156925</CreateTime>
<MsgType><![CDATA[event]]></MsgType>
<Event><![CDATA[VIEW]]></Event>
<EventKey><![CDATA[http://weixingc.ylii.org.cn/jianyinew/index.php/home/index/index]]></EventKey>
<MenuId>693886959</MenuId>
</xml>[2017-09-23 16:55:26]
接受消息，消息类型为：event[2017-09-23 16:55:26]
回应消息，消息为：[2017-09-23 16:55:26]
接受消息到的消息为：<xml><ToUserName><![CDATA[gh_bc9296f316c6]]></ToUserName>
<FromUserName><![CDATA[oSXea0hMvipl6MWoA0nPA2hKhVqQ]]></FromUserName>
<CreateTime>1506157047</CreateTime>
<MsgType><![CDATA[event]]></MsgType>
<Event><![CDATA[VIEW]]></Event>
<EventKey><![CDATA[http://weixingc.ylii.org.cn/jianyinew/index.php/home/index/index]]></EventKey>
<MenuId>693886959</MenuId>
</xml>[2017-09-23 16:57:28]
接受消息，消息类型为：event[2017-09-23 16:57:28]
回应消息，消息为：[2017-09-23 16:57:28]
接受消息到的消息为：<xml><ToUserName><![CDATA[gh_bc9296f316c6]]></ToUserName>
<FromUserName><![CDATA[oSXea0rmvuhm4uicHnQ0GLo-cEH0]]></FromUserName>
<CreateTime>1506157275</CreateTime>
<MsgType><![CDATA[event]]></MsgType>
<Event><![CDATA[VIEW]]></Event>
<EventKey><![CDATA[http://weixingc.ylii.org.cn/jianyinew/index.php/home/forum/index]]></EventKey>
<MenuId>693886959</MenuId>
</xml>[2017-09-23 17:01:16]
接受消息，消息类型为：event[2017-09-23 17:01:16]
回应消息，消息为：[2017-09-23 17:01:16]
接受消息到的消息为：<xml><ToUserName><![CDATA[gh_bc9296f316c6]]></ToUserName>
<FromUserName><![CDATA[oSXea0rmvuhm4uicHnQ0GLo-cEH0]]></FromUserName>
<CreateTime>1506157323</CreateTime>
<MsgType><![CDATA[event]]></MsgType>
<Event><![CDATA[VIEW]]></Event>
<EventKey><![CDATA[http://weixingc.ylii.org.cn/jianyinew/index.php/home/school/index]]></EventKey>
<MenuId>693886959</MenuId>
</xml>[2017-09-23 17:02:04]
接受消息，消息类型为：event[2017-09-23 17:02:04]
回应消息，消息为：[2017-09-23 17:02:04]
接受消息到的消息为：<xml><ToUserName><![CDATA[gh_bc9296f316c6]]></ToUserName>
<FromUserName><![CDATA[oSXea0rmvuhm4uicHnQ0GLo-cEH0]]></FromUserName>
<CreateTime>1506157328</CreateTime>
<MsgType><![CDATA[event]]></MsgType>
<Event><![CDATA[VIEW]]></Event>
<EventKey><![CDATA[http://weixingc.ylii.org.cn/jianyinew/index.php/home/index/index]]></EventKey>
<MenuId>693886959</MenuId>
</xml>[2017-09-23 17:02:09]
接受消息，消息类型为：event[2017-09-23 17:02:09]
回应消息，消息为：[2017-09-23 17:02:09]
接受消息到的消息为：<xml><ToUserName><![CDATA[gh_bc9296f316c6]]></ToUserName>
<FromUserName><![CDATA[oSXea0lNkz2-1MJFbB6lnrE_NN9o]]></FromUserName>
<CreateTime>1506158620</CreateTime>
<MsgType><![CDATA[event]]></MsgType>
<Event><![CDATA[VIEW]]></Event>
<EventKey><![CDATA[http://weixingc.ylii.org.cn/jianyinew/index.php/home/index/index]]></EventKey>
<MenuId>693886959</MenuId>
</xml>[2017-09-23 17:23:41]
接受消息，消息类型为：event[2017-09-23 17:23:41]
回应消息，消息为：[2017-09-23 17:23:41]
接受消息到的消息为：<xml><ToUserName><![CDATA[gh_bc9296f316c6]]></ToUserName>
<FromUserName><![CDATA[oSXea0lNkz2-1MJFbB6lnrE_NN9o]]></FromUserName>
<CreateTime>1506158787</CreateTime>
<MsgType><![CDATA[event]]></MsgType>
<Event><![CDATA[VIEW]]></Event>
<EventKey><![CDATA[http://weixingc.ylii.org.cn/jianyinew/index.php/home/index/index]]></EventKey>
<MenuId>693886959</MenuId>
</xml>[2017-09-23 17:26:28]
接受消息，消息类型为：event[2017-09-23 17:26:28]
回应消息，消息为：[2017-09-23 17:26:28]
接受消息到的消息为：<xml><ToUserName><![CDATA[gh_bc9296f316c6]]></ToUserName>
<FromUserName><![CDATA[oSXea0lNkz2-1MJFbB6lnrE_NN9o]]></FromUserName>
<CreateTime>1506158914</CreateTime>
<MsgType><![CDATA[event]]></MsgType>
<Event><![CDATA[VIEW]]></Event>
<EventKey><![CDATA[http://weixingc.ylii.org.cn/jianyinew/index.php/home/index/index]]></EventKey>
<MenuId>693886959</MenuId>
</xml>[2017-09-23 17:28:34]
接受消息，消息类型为：event[2017-09-23 17:28:34]
回应消息，消息为：[2017-09-23 17:28:34]
接受消息到的消息为：<xml><ToUserName><![CDATA[gh_bc9296f316c6]]></ToUserName>
<FromUserName><![CDATA[oSXea0g_W94otKcIyh2jZ5-_LqDo]]></FromUserName>
<CreateTime>1506159401</CreateTime>
<MsgType><![CDATA[event]]></MsgType>
<Event><![CDATA[subscribe]]></Event>
<EventKey><![CDATA[]]></EventKey>
</xml>[2017-09-23 17:36:42]
接受消息，消息类型为：event[2017-09-23 17:36:42]
回应消息，消息为：<xml>
<ToUserName><![CDATA[oSXea0g_W94otKcIyh2jZ5-_LqDo]]></ToUserName>
<FromUserName><![CDATA[gh_bc9296f316c6]]></FromUserName>
<CreateTime>1506159402</CreateTime>
<MsgType><![CDATA[text]]></MsgType>
<Content><![CDATA[亲，欢迎关注简易思维！

欢迎你的体验！

<a href='http://weixingc.ylii.org.cn/jianyinew/index.php?m=home&c=index&a=index&referee='>点击访问简易思维</a>]]></Content>
</xml>[2017-09-23 17:36:42]
接受消息到的消息为：<xml><ToUserName><![CDATA[gh_bc9296f316c6]]></ToUserName>
<FromUserName><![CDATA[oSXea0g_W94otKcIyh2jZ5-_LqDo]]></FromUserName>
<CreateTime>1506159403</CreateTime>
<MsgType><![CDATA[event]]></MsgType>
<Event><![CDATA[VIEW]]></Event>
<EventKey><![CDATA[http://weixingc.ylii.org.cn/jianyinew/index.php/home/school/index]]></EventKey>
<MenuId>693886959</MenuId>
</xml>[2017-09-23 17:36:44]
接受消息，消息类型为：event[2017-09-23 17:36:44]
回应消息，消息为：[2017-09-23 17:36:44]
接受消息到的消息为：<xml><ToUserName><![CDATA[gh_bc9296f316c6]]></ToUserName>
<FromUserName><![CDATA[oSXea0g_W94otKcIyh2jZ5-_LqDo]]></FromUserName>
<CreateTime>1506159413</CreateTime>
<MsgType><![CDATA[event]]></MsgType>
<Event><![CDATA[VIEW]]></Event>
<EventKey><![CDATA[http://weixingc.ylii.org.cn/jianyinew/index.php/home/index/index]]></EventKey>
<MenuId>693886959</MenuId>
</xml>[2017-09-23 17:36:54]
接受消息，消息类型为：event[2017-09-23 17:36:54]
回应消息，消息为：[2017-09-23 17:36:54]
接受消息到的消息为：<xml><ToUserName><![CDATA[gh_bc9296f316c6]]></ToUserName>
<FromUserName><![CDATA[oSXea0g_W94otKcIyh2jZ5-_LqDo]]></FromUserName>
<CreateTime>1506159421</CreateTime>
<MsgType><![CDATA[event]]></MsgType>
<Event><![CDATA[VIEW]]></Event>
<EventKey><![CDATA[http://weixingc.ylii.org.cn/jianyinew/index.php/home/forum/index]]></EventKey>
<MenuId>693886959</MenuId>
</xml>[2017-09-23 17:37:02]
接受消息，消息类型为：event[2017-09-23 17:37:02]
回应消息，消息为：[2017-09-23 17:37:02]
接受消息到的消息为：<xml><ToUserName><![CDATA[gh_bc9296f316c6]]></ToUserName>
<FromUserName><![CDATA[oSXea0g_W94otKcIyh2jZ5-_LqDo]]></FromUserName>
<CreateTime>1506159434</CreateTime>
<MsgType><![CDATA[event]]></MsgType>
<Event><![CDATA[VIEW]]></Event>
<EventKey><![CDATA[http://weixingc.ylii.org.cn/jianyinew/index.php/home/index/index]]></EventKey>
<MenuId>693886959</MenuId>
</xml>[2017-09-23 17:37:14]
接受消息，消息类型为：event[2017-09-23 17:37:14]
回应消息，消息为：[2017-09-23 17:37:14]
接受消息到的消息为：<xml><ToUserName><![CDATA[gh_bc9296f316c6]]></ToUserName>
<FromUserName><![CDATA[oSXea0g_W94otKcIyh2jZ5-_LqDo]]></FromUserName>
<CreateTime>1506159435</CreateTime>
<MsgType><![CDATA[event]]></MsgType>
<Event><![CDATA[VIEW]]></Event>
<EventKey><![CDATA[http://weixingc.ylii.org.cn/jianyinew/index.php/home/index/index]]></EventKey>
<MenuId>693886959</MenuId>
</xml>[2017-09-23 17:37:16]
接受消息，消息类型为：event[2017-09-23 17:37:16]
回应消息，消息为：[2017-09-23 17:37:16]
接受消息到的消息为：<xml><ToUserName><![CDATA[gh_bc9296f316c6]]></ToUserName>
<FromUserName><![CDATA[oSXea0hMvipl6MWoA0nPA2hKhVqQ]]></FromUserName>
<CreateTime>1506237845</CreateTime>
<MsgType><![CDATA[event]]></MsgType>
<Event><![CDATA[VIEW]]></Event>
<EventKey><![CDATA[http://weixingc.ylii.org.cn/jianyinew/index.php/home/index/index]]></EventKey>
<MenuId>693886959</MenuId>
</xml>[2017-09-24 15:24:05]
接受消息，消息类型为：event[2017-09-24 15:24:05]
回应消息，消息为：[2017-09-24 15:24:05]
接受消息到的消息为：<xml><ToUserName><![CDATA[gh_bc9296f316c6]]></ToUserName>
<FromUserName><![CDATA[oSXea0hMvipl6MWoA0nPA2hKhVqQ]]></FromUserName>
<CreateTime>1506237896</CreateTime>
<MsgType><![CDATA[event]]></MsgType>
<Event><![CDATA[VIEW]]></Event>
<EventKey><![CDATA[http://weixingc.ylii.org.cn/jianyinew/index.php/home/index/index]]></EventKey>
<MenuId>693886959</MenuId>
</xml>[2017-09-24 15:24:57]
接受消息，消息类型为：event[2017-09-24 15:24:57]
回应消息，消息为：[2017-09-24 15:24:57]
