[ 2017-09-30T10:29:26+08:00 ] 192.168.2.2 /index.php?m=Admin&c=index&a=index
INFO: [ app_init ] --START--
INFO: Run Behavior\BuildLiteBehavior [ RunTime:0.000000s ]
INFO: [ app_init ] --END-- [ RunTime:0.000000s ]
INFO: [ app_begin ] --START--
INFO: Run Behavior\ReadHtmlCacheBehavior [ RunTime:0.000000s ]
INFO: [ app_begin ] --END-- [ RunTime:0.001000s ]
SQL: SHOW COLUMNS FROM `ec_admininfo` [ RunTime:0.0090s ]
INFO: [ view_parse ] --START--
INFO: [ template_filter ] --START--
INFO: Run Behavior\ContentReplaceBehavior [ RunTime:0.000000s ]
INFO: [ template_filter ] --END-- [ RunTime:0.000000s ]
INFO: Run Behavior\ParseTemplateBehavior [ RunTime:0.005001s ]
INFO: [ view_parse ] --END-- [ RunTime:0.005001s ]
INFO: [ view_filter ] --START--
INFO: Run Behavior\WriteHtmlCacheBehavior [ RunTime:0.000000s ]
INFO: [ view_filter ] --END-- [ RunTime:0.000000s ]
INFO: [ app_end ] --START--
INFO: Run Behavior\ShowPageTraceBehavior [ RunTime:0.000000s ]
INFO: [ app_end ] --END-- [ RunTime:0.000000s ]

[ 2017-09-30T10:29:27+08:00 ] 192.168.2.2 /index.php?m=Admin&c=index&a=left
INFO: [ app_init ] --START--
INFO: Run Behavior\BuildLiteBehavior [ RunTime:0.000000s ]
INFO: [ app_init ] --END-- [ RunTime:0.001000s ]
INFO: [ app_begin ] --START--
INFO: Run Behavior\ReadHtmlCacheBehavior [ RunTime:0.000000s ]
INFO: [ app_begin ] --END-- [ RunTime:0.000000s ]
SQL: SHOW COLUMNS FROM `ec_admininfo` [ RunTime:0.0160s ]
SQL: SHOW COLUMNS FROM `ec_adminmenu` [ RunTime:0.0140s ]
SQL: SELECT * FROM `ec_adminmenu` WHERE ( menu_fatherid=0 and menu_type=1 and menu_id in (1,34,36,53,37,38,17,18,20,30,32,33,57,65,66,7,8,9,10,60,61,63,64,2,3,22,24,43,44,46,48,51,52,55,45,49,50,54,62) ) ORDER BY sort desc,menu_id asc  [ RunTime:0.0040s ]
SQL: SELECT * FROM `ec_adminmenu` WHERE ( menu_fatherid=1 and menu_type=1  and menu_id in (1,34,36,53,37,38,17,18,20,30,32,33,57,65,66,7,8,9,10,60,61,63,64,2,3,22,24,43,44,46,48,51,52,55,45,49,50,54,62) ) ORDER BY sort desc,menu_id asc  [ RunTime:0.1400s ]
SQL: SELECT * FROM `ec_adminmenu` WHERE ( menu_fatherid=34 and menu_type=1  and menu_id in (1,34,36,53,37,38,17,18,20,30,32,33,57,65,66,7,8,9,10,60,61,63,64,2,3,22,24,43,44,46,48,51,52,55,45,49,50,54,62) ) ORDER BY sort desc,menu_id asc  [ RunTime:0.0030s ]
SQL: SELECT * FROM `ec_adminmenu` WHERE ( menu_fatherid=17 and menu_type=1  and menu_id in (1,34,36,53,37,38,17,18,20,30,32,33,57,65,66,7,8,9,10,60,61,63,64,2,3,22,24,43,44,46,48,51,52,55,45,49,50,54,62) ) ORDER BY sort desc,menu_id asc  [ RunTime:0.0250s ]
SQL: SELECT * FROM `ec_adminmenu` WHERE ( menu_fatherid=7 and menu_type=1  and menu_id in (1,34,36,53,37,38,17,18,20,30,32,33,57,65,66,7,8,9,10,60,61,63,64,2,3,22,24,43,44,46,48,51,52,55,45,49,50,54,62) ) ORDER BY sort desc,menu_id asc  [ RunTime:0.0030s ]
SQL: SELECT * FROM `ec_adminmenu` WHERE ( menu_fatherid=2 and menu_type=1  and menu_id in (1,34,36,53,37,38,17,18,20,30,32,33,57,65,66,7,8,9,10,60,61,63,64,2,3,22,24,43,44,46,48,51,52,55,45,49,50,54,62) ) ORDER BY sort desc,menu_id asc  [ RunTime:0.0060s ]
SQL: SELECT * FROM `ec_adminmenu` WHERE ( menu_fatherid=43 and menu_type=1  and menu_id in (1,34,36,53,37,38,17,18,20,30,32,33,57,65,66,7,8,9,10,60,61,63,64,2,3,22,24,43,44,46,48,51,52,55,45,49,50,54,62) ) ORDER BY sort desc,menu_id asc  [ RunTime:0.0070s ]
SQL: SELECT * FROM `ec_adminmenu` WHERE ( menu_fatherid=44 and menu_type=1  and menu_id in (1,34,36,53,37,38,17,18,20,30,32,33,57,65,66,7,8,9,10,60,61,63,64,2,3,22,24,43,44,46,48,51,52,55,45,49,50,54,62) ) ORDER BY sort desc,menu_id asc  [ RunTime:0.0090s ]
SQL: SELECT * FROM `ec_adminmenu` WHERE ( menu_fatherid=45 and menu_type=1  and menu_id in (1,34,36,53,37,38,17,18,20,30,32,33,57,65,66,7,8,9,10,60,61,63,64,2,3,22,24,43,44,46,48,51,52,55,45,49,50,54,62) ) ORDER BY sort desc,menu_id asc  [ RunTime:0.0040s ]
INFO: [ view_parse ] --START--
INFO: [ template_filter ] --START--
INFO: Run Behavior\ContentReplaceBehavior [ RunTime:0.000000s ]
INFO: [ template_filter ] --END-- [ RunTime:0.001000s ]
INFO: Run Behavior\ParseTemplateBehavior [ RunTime:0.006001s ]
INFO: [ view_parse ] --END-- [ RunTime:0.007001s ]
INFO: [ view_filter ] --START--
INFO: Run Behavior\WriteHtmlCacheBehavior [ RunTime:0.000000s ]
INFO: [ view_filter ] --END-- [ RunTime:0.000000s ]
INFO: [ app_end ] --START--
INFO: Run Behavior\ShowPageTraceBehavior [ RunTime:0.001000s ]
INFO: [ app_end ] --END-- [ RunTime:0.001000s ]

[ 2017-09-30T10:29:27+08:00 ] 192.168.2.2 /index.php?m=Admin&c=index&a=top
INFO: [ app_init ] --START--
INFO: Run Behavior\BuildLiteBehavior [ RunTime:0.000000s ]
INFO: [ app_init ] --END-- [ RunTime:0.001000s ]
INFO: [ app_begin ] --START--
INFO: Run Behavior\ReadHtmlCacheBehavior [ RunTime:0.000000s ]
INFO: [ app_begin ] --END-- [ RunTime:0.000000s ]
SQL: SHOW COLUMNS FROM `ec_admininfo` [ RunTime:0.0050s ]
INFO: [ view_parse ] --START--
INFO: [ template_filter ] --START--
INFO: Run Behavior\ContentReplaceBehavior [ RunTime:0.000000s ]
INFO: [ template_filter ] --END-- [ RunTime:0.001000s ]
INFO: Run Behavior\ParseTemplateBehavior [ RunTime:0.004000s ]
INFO: [ view_parse ] --END-- [ RunTime:0.004000s ]
INFO: [ view_filter ] --START--
INFO: Run Behavior\WriteHtmlCacheBehavior [ RunTime:0.004001s ]
INFO: [ view_filter ] --END-- [ RunTime:0.004001s ]
INFO: [ app_end ] --START--
INFO: Run Behavior\ShowPageTraceBehavior [ RunTime:0.001000s ]
INFO: [ app_end ] --END-- [ RunTime:0.001000s ]

[ 2017-09-30T10:29:27+08:00 ] 192.168.2.2 /index.php?m=Admin&c=index&a=welcome
INFO: [ app_init ] --START--
INFO: Run Behavior\BuildLiteBehavior [ RunTime:0.000000s ]
INFO: [ app_init ] --END-- [ RunTime:0.000000s ]
INFO: [ app_begin ] --START--
INFO: Run Behavior\ReadHtmlCacheBehavior [ RunTime:0.000000s ]
INFO: [ app_begin ] --END-- [ RunTime:0.000000s ]
SQL: SHOW COLUMNS FROM `ec_admininfo` [ RunTime:0.0070s ]
SQL: SHOW COLUMNS FROM `ec_user` [ RunTime:0.0080s ]
SQL: SELECT COUNT(*) AS tp_count FROM `ec_user` WHERE ( 1 ) LIMIT 1   [ RunTime:0.0060s ]
SQL: SELECT COUNT(*) AS tp_count FROM `ec_user` WHERE ( vip!=0 ) LIMIT 1   [ RunTime:0.0020s ]
SQL: SHOW COLUMNS FROM `ec_buyinfo` [ RunTime:0.0040s ]
SQL: SELECT SUM(buy_money) AS tp_sum FROM `ec_buyinfo` WHERE ( buy_flag=2 ) LIMIT 1   [ RunTime:0.0030s ]
SQL: SHOW COLUMNS FROM `ec_payinfo` [ RunTime:0.0060s ]
SQL: SELECT SUM(pay_money) AS tp_sum FROM `ec_payinfo` WHERE ( pay_flag=2 ) LIMIT 1   [ RunTime:0.0030s ]
SQL: SHOW COLUMNS FROM `ec_moneyinfo` [ RunTime:0.0190s ]
SQL: SELECT SUM(money_money) AS tp_sum FROM `ec_moneyinfo` WHERE ( 1 ) LIMIT 1   [ RunTime:0.0030s ]
INFO: [ view_parse ] --START--
INFO: [ template_filter ] --START--
INFO: Run Behavior\ContentReplaceBehavior [ RunTime:0.000000s ]
INFO: [ template_filter ] --END-- [ RunTime:0.000000s ]
INFO: Run Behavior\ParseTemplateBehavior [ RunTime:0.004000s ]
INFO: [ view_parse ] --END-- [ RunTime:0.004000s ]
INFO: [ view_filter ] --START--
INFO: Run Behavior\WriteHtmlCacheBehavior [ RunTime:0.001000s ]
INFO: [ view_filter ] --END-- [ RunTime:0.001000s ]
INFO: [ app_end ] --START--
INFO: Run Behavior\ShowPageTraceBehavior [ RunTime:0.000000s ]
INFO: [ app_end ] --END-- [ RunTime:0.000000s ]

[ 2017-09-30T10:29:27+08:00 ] 192.168.2.2 /index.php?m=Admin&c=index&a=bottom
INFO: [ app_init ] --START--
INFO: Run Behavior\BuildLiteBehavior [ RunTime:0.000000s ]
INFO: [ app_init ] --END-- [ RunTime:0.000000s ]
INFO: [ app_begin ] --START--
INFO: Run Behavior\ReadHtmlCacheBehavior [ RunTime:0.000000s ]
INFO: [ app_begin ] --END-- [ RunTime:0.000000s ]
SQL: SHOW COLUMNS FROM `ec_admininfo` [ RunTime:0.0060s ]
INFO: [ view_parse ] --START--
INFO: [ template_filter ] --START--
INFO: Run Behavior\ContentReplaceBehavior [ RunTime:0.000000s ]
INFO: [ template_filter ] --END-- [ RunTime:0.000000s ]
INFO: Run Behavior\ParseTemplateBehavior [ RunTime:0.006001s ]
INFO: [ view_parse ] --END-- [ RunTime:0.006001s ]
INFO: [ view_filter ] --START--
INFO: Run Behavior\WriteHtmlCacheBehavior [ RunTime:0.001000s ]
INFO: [ view_filter ] --END-- [ RunTime:0.001000s ]
INFO: [ app_end ] --START--
INFO: Run Behavior\ShowPageTraceBehavior [ RunTime:0.000000s ]
INFO: [ app_end ] --END-- [ RunTime:0.000000s ]

[ 2017-09-30T10:29:31+08:00 ] 192.168.2.2 /index.php?m=Admin&c=course&a=index
INFO: [ app_init ] --START--
INFO: Run Behavior\BuildLiteBehavior [ RunTime:0.000000s ]
INFO: [ app_init ] --END-- [ RunTime:0.000000s ]
INFO: [ app_begin ] --START--
INFO: Run Behavior\ReadHtmlCacheBehavior [ RunTime:0.001000s ]
INFO: [ app_begin ] --END-- [ RunTime:0.001000s ]
SQL: SHOW COLUMNS FROM `ec_admininfo` [ RunTime:0.0040s ]
SQL: SHOW COLUMNS FROM `ec_course` [ RunTime:0.0090s ]
SQL: SELECT COUNT(*) AS tp_count FROM `ec_course` LEFT JOIN ec_classify ON ec_classify.classify_id=ec_course.classify_id  WHERE ( ec_course.course_isable=1  ) LIMIT 1   [ RunTime:0.0040s ]
SQL: SELECT ec_course.*,ec_classify.classify_name FROM `ec_course` LEFT JOIN ec_classify ON ec_classify.classify_id=ec_course.classify_id  WHERE ( ec_course.course_isable=1  ) ORDER BY course_id desc LIMIT 0,20   [ RunTime:0.0170s ]
SQL: SHOW COLUMNS FROM `ec_course` [ RunTime:0.0050s ]
SQL: SHOW COLUMNS FROM `ec_classify` [ RunTime:0.0040s ]
SQL: SELECT * FROM `ec_classify`  [ RunTime:0.0050s ]
INFO: [ view_parse ] --START--
INFO: [ template_filter ] --START--
INFO: Run Behavior\ContentReplaceBehavior [ RunTime:0.000000s ]
INFO: [ template_filter ] --END-- [ RunTime:0.000000s ]
NOTIC: [8] Undefined variable: course_name F:\www\Application\Runtime\Cache\Admin\0a118b67613e888354da043b45de67d3.php 第 30 行.
NOTIC: [8] Undefined variable: classify_id F:\www\Application\Runtime\Cache\Admin\0a118b67613e888354da043b45de67d3.php 第 36 行.
NOTIC: [8] Undefined variable: classify_id F:\www\Application\Runtime\Cache\Admin\0a118b67613e888354da043b45de67d3.php 第 36 行.
NOTIC: [8] Undefined variable: course_speaker F:\www\Application\Runtime\Cache\Admin\0a118b67613e888354da043b45de67d3.php 第 41 行.
NOTIC: [8] Undefined variable: course_hot F:\www\Application\Runtime\Cache\Admin\0a118b67613e888354da043b45de67d3.php 第 47 行.
NOTIC: [8] Undefined variable: course_hot F:\www\Application\Runtime\Cache\Admin\0a118b67613e888354da043b45de67d3.php 第 47 行.
NOTIC: [8] Undefined variable: course_groom F:\www\Application\Runtime\Cache\Admin\0a118b67613e888354da043b45de67d3.php 第 54 行.
NOTIC: [8] Undefined variable: course_groom F:\www\Application\Runtime\Cache\Admin\0a118b67613e888354da043b45de67d3.php 第 54 行.
INFO: Run Behavior\ParseTemplateBehavior [ RunTime:0.009000s ]
INFO: [ view_parse ] --END-- [ RunTime:0.009000s ]
INFO: [ view_filter ] --START--
INFO: Run Behavior\WriteHtmlCacheBehavior [ RunTime:0.000000s ]
INFO: [ view_filter ] --END-- [ RunTime:0.000000s ]
INFO: [ app_end ] --START--
INFO: Run Behavior\ShowPageTraceBehavior [ RunTime:0.000000s ]
INFO: [ app_end ] --END-- [ RunTime:0.000000s ]

[ 2017-09-30T10:36:28+08:00 ] 192.168.2.2 /index.php?m=Admin&c=course&a=index
INFO: [ app_init ] --START--
INFO: Run Behavior\BuildLiteBehavior [ RunTime:0.000000s ]
INFO: [ app_init ] --END-- [ RunTime:0.001000s ]
INFO: [ app_begin ] --START--
INFO: Run Behavior\ReadHtmlCacheBehavior [ RunTime:0.001000s ]
INFO: [ app_begin ] --END-- [ RunTime:0.001000s ]
SQL: SHOW COLUMNS FROM `ec_admininfo` [ RunTime:0.0090s ]
SQL: SHOW COLUMNS FROM `ec_course` [ RunTime:0.0050s ]
SQL: SELECT COUNT(*) AS tp_count FROM `ec_course` LEFT JOIN ec_classify ON ec_classify.classify_id=ec_course.classify_id  WHERE ( ec_course.course_isable=1  ) LIMIT 1   [ RunTime:0.0050s ]
SQL: SELECT ec_course.*,ec_classify.classify_name,ec_classify.classify_id FROM `ec_course` LEFT JOIN ec_classify ON ec_classify.classify_id=ec_course.classify_id  WHERE ( ec_course.course_isable=1  ) ORDER BY course_id desc LIMIT 0,20   [ RunTime:0.0280s ]
SQL: SHOW COLUMNS FROM `ec_course` [ RunTime:0.0060s ]
SQL: SHOW COLUMNS FROM `ec_classify` [ RunTime:0.0050s ]
SQL: SELECT * FROM `ec_classify`  [ RunTime:0.0030s ]
INFO: [ view_parse ] --START--
INFO: [ template_filter ] --START--
INFO: Run Behavior\ContentReplaceBehavior [ RunTime:0.000000s ]
INFO: [ template_filter ] --END-- [ RunTime:0.000000s ]
NOTIC: [8] Undefined variable: course_name F:\www\Application\Runtime\Cache\Admin\0a118b67613e888354da043b45de67d3.php 第 30 行.
NOTIC: [8] Undefined variable: classify_id F:\www\Application\Runtime\Cache\Admin\0a118b67613e888354da043b45de67d3.php 第 36 行.
NOTIC: [8] Undefined variable: classify_id F:\www\Application\Runtime\Cache\Admin\0a118b67613e888354da043b45de67d3.php 第 36 行.
NOTIC: [8] Undefined variable: course_speaker F:\www\Application\Runtime\Cache\Admin\0a118b67613e888354da043b45de67d3.php 第 41 行.
NOTIC: [8] Undefined variable: course_hot F:\www\Application\Runtime\Cache\Admin\0a118b67613e888354da043b45de67d3.php 第 47 行.
NOTIC: [8] Undefined variable: course_hot F:\www\Application\Runtime\Cache\Admin\0a118b67613e888354da043b45de67d3.php 第 47 行.
NOTIC: [8] Undefined variable: course_groom F:\www\Application\Runtime\Cache\Admin\0a118b67613e888354da043b45de67d3.php 第 54 行.
NOTIC: [8] Undefined variable: course_groom F:\www\Application\Runtime\Cache\Admin\0a118b67613e888354da043b45de67d3.php 第 54 行.
INFO: Run Behavior\ParseTemplateBehavior [ RunTime:0.012001s ]
INFO: [ view_parse ] --END-- [ RunTime:0.012001s ]
INFO: [ view_filter ] --START--
INFO: Run Behavior\WriteHtmlCacheBehavior [ RunTime:0.000000s ]
INFO: [ view_filter ] --END-- [ RunTime:0.000000s ]
INFO: [ app_end ] --START--
INFO: Run Behavior\ShowPageTraceBehavior [ RunTime:0.001000s ]
INFO: [ app_end ] --END-- [ RunTime:0.001000s ]

