[ 2017-11-27T14:51:59+08:00 ] 127.0.0.1 /index.php?m=Admin&c=index&a=index
INFO: [ app_init ] --START--
INFO: Run Behavior\BuildLiteBehavior [ RunTime:0.000000s ]
INFO: [ app_init ] --END-- [ RunTime:0.001000s ]
INFO: [ app_begin ] --START--
INFO: Run Behavior\ReadHtmlCacheBehavior [ RunTime:0.001000s ]
INFO: [ app_begin ] --END-- [ RunTime:0.001000s ]
SQL: SHOW COLUMNS FROM `ec_admininfo` [ RunTime:0.0060s ]
INFO: [ view_parse ] --START--
INFO: [ template_filter ] --START--
INFO: Run Behavior\ContentReplaceBehavior [ RunTime:0.000000s ]
INFO: [ template_filter ] --END-- [ RunTime:0.000000s ]
INFO: Run Behavior\ParseTemplateBehavior [ RunTime:0.004000s ]
INFO: [ view_parse ] --END-- [ RunTime:0.004000s ]
INFO: [ view_filter ] --START--
INFO: Run Behavior\WriteHtmlCacheBehavior [ RunTime:0.001000s ]
INFO: [ view_filter ] --END-- [ RunTime:0.001000s ]
INFO: [ app_end ] --START--
INFO: Run Behavior\ShowPageTraceBehavior [ RunTime:0.000000s ]
INFO: [ app_end ] --END-- [ RunTime:0.000000s ]

[ 2017-11-27T14:52:00+08:00 ] 127.0.0.1 /index.php?m=Admin&c=index&a=left
INFO: [ app_init ] --START--
INFO: Run Behavior\BuildLiteBehavior [ RunTime:0.000000s ]
INFO: [ app_init ] --END-- [ RunTime:0.000000s ]
INFO: [ app_begin ] --START--
INFO: Run Behavior\ReadHtmlCacheBehavior [ RunTime:0.001000s ]
INFO: [ app_begin ] --END-- [ RunTime:0.001000s ]
SQL: SHOW COLUMNS FROM `ec_admininfo` [ RunTime:0.0070s ]
SQL: SHOW COLUMNS FROM `ec_adminmenu` [ RunTime:0.0160s ]
SQL: SELECT * FROM `ec_adminmenu` WHERE ( menu_fatherid=0 and menu_type=1 and menu_id in (1,34,36,53,37,38,67,17,18,19,20,30,31,32,33,57,65,66,7,8,9,10,60,61,63,64,68,69,71,2,3,22,24,73,72,74,75,76,77,78,43,44,46,47,48,51,52,55,45,49,50,54,62) ) ORDER BY sort desc,menu_id asc  [ RunTime:0.0050s ]
SQL: SELECT * FROM `ec_adminmenu` WHERE ( menu_fatherid=1 and menu_type=1  and menu_id in (1,34,36,53,37,38,67,17,18,19,20,30,31,32,33,57,65,66,7,8,9,10,60,61,63,64,68,69,71,2,3,22,24,73,72,74,75,76,77,78,43,44,46,47,48,51,52,55,45,49,50,54,62) ) ORDER BY sort desc,menu_id asc  [ RunTime:0.0060s ]
SQL: SELECT * FROM `ec_adminmenu` WHERE ( menu_fatherid=34 and menu_type=1  and menu_id in (1,34,36,53,37,38,67,17,18,19,20,30,31,32,33,57,65,66,7,8,9,10,60,61,63,64,68,69,71,2,3,22,24,73,72,74,75,76,77,78,43,44,46,47,48,51,52,55,45,49,50,54,62) ) ORDER BY sort desc,menu_id asc  [ RunTime:0.0050s ]
SQL: SELECT * FROM `ec_adminmenu` WHERE ( menu_fatherid=17 and menu_type=1  and menu_id in (1,34,36,53,37,38,67,17,18,19,20,30,31,32,33,57,65,66,7,8,9,10,60,61,63,64,68,69,71,2,3,22,24,73,72,74,75,76,77,78,43,44,46,47,48,51,52,55,45,49,50,54,62) ) ORDER BY sort desc,menu_id asc  [ RunTime:0.0050s ]
SQL: SELECT * FROM `ec_adminmenu` WHERE ( menu_fatherid=7 and menu_type=1  and menu_id in (1,34,36,53,37,38,67,17,18,19,20,30,31,32,33,57,65,66,7,8,9,10,60,61,63,64,68,69,71,2,3,22,24,73,72,74,75,76,77,78,43,44,46,47,48,51,52,55,45,49,50,54,62) ) ORDER BY sort desc,menu_id asc  [ RunTime:0.0060s ]
SQL: SELECT * FROM `ec_adminmenu` WHERE ( menu_fatherid=2 and menu_type=1  and menu_id in (1,34,36,53,37,38,67,17,18,19,20,30,31,32,33,57,65,66,7,8,9,10,60,61,63,64,68,69,71,2,3,22,24,73,72,74,75,76,77,78,43,44,46,47,48,51,52,55,45,49,50,54,62) ) ORDER BY sort desc,menu_id asc  [ RunTime:0.0060s ]
SQL: SELECT * FROM `ec_adminmenu` WHERE ( menu_fatherid=73 and menu_type=1  and menu_id in (1,34,36,53,37,38,67,17,18,19,20,30,31,32,33,57,65,66,7,8,9,10,60,61,63,64,68,69,71,2,3,22,24,73,72,74,75,76,77,78,43,44,46,47,48,51,52,55,45,49,50,54,62) ) ORDER BY sort desc,menu_id asc  [ RunTime:0.0050s ]
SQL: SELECT * FROM `ec_adminmenu` WHERE ( menu_fatherid=43 and menu_type=1  and menu_id in (1,34,36,53,37,38,67,17,18,19,20,30,31,32,33,57,65,66,7,8,9,10,60,61,63,64,68,69,71,2,3,22,24,73,72,74,75,76,77,78,43,44,46,47,48,51,52,55,45,49,50,54,62) ) ORDER BY sort desc,menu_id asc  [ RunTime:0.0060s ]
SQL: SELECT * FROM `ec_adminmenu` WHERE ( menu_fatherid=44 and menu_type=1  and menu_id in (1,34,36,53,37,38,67,17,18,19,20,30,31,32,33,57,65,66,7,8,9,10,60,61,63,64,68,69,71,2,3,22,24,73,72,74,75,76,77,78,43,44,46,47,48,51,52,55,45,49,50,54,62) ) ORDER BY sort desc,menu_id asc  [ RunTime:0.0050s ]
SQL: SELECT * FROM `ec_adminmenu` WHERE ( menu_fatherid=45 and menu_type=1  and menu_id in (1,34,36,53,37,38,67,17,18,19,20,30,31,32,33,57,65,66,7,8,9,10,60,61,63,64,68,69,71,2,3,22,24,73,72,74,75,76,77,78,43,44,46,47,48,51,52,55,45,49,50,54,62) ) ORDER BY sort desc,menu_id asc  [ RunTime:0.0070s ]
INFO: [ view_parse ] --START--
INFO: [ template_filter ] --START--
INFO: Run Behavior\ContentReplaceBehavior [ RunTime:0.000000s ]
INFO: [ template_filter ] --END-- [ RunTime:0.000000s ]
INFO: Run Behavior\ParseTemplateBehavior [ RunTime:0.020000s ]
INFO: [ view_parse ] --END-- [ RunTime:0.020000s ]
INFO: [ view_filter ] --START--
INFO: Run Behavior\WriteHtmlCacheBehavior [ RunTime:0.000000s ]
INFO: [ view_filter ] --END-- [ RunTime:0.000000s ]
INFO: [ app_end ] --START--
INFO: Run Behavior\ShowPageTraceBehavior [ RunTime:0.001000s ]
INFO: [ app_end ] --END-- [ RunTime:0.001000s ]

[ 2017-11-27T14:52:00+08:00 ] 127.0.0.1 /index.php?m=Admin&c=index&a=top
INFO: [ app_init ] --START--
INFO: Run Behavior\BuildLiteBehavior [ RunTime:0.000000s ]
INFO: [ app_init ] --END-- [ RunTime:0.000000s ]
INFO: [ app_begin ] --START--
INFO: Run Behavior\ReadHtmlCacheBehavior [ RunTime:0.000000s ]
INFO: [ app_begin ] --END-- [ RunTime:0.000000s ]
SQL: SHOW COLUMNS FROM `ec_admininfo` [ RunTime:0.0060s ]
INFO: [ view_parse ] --START--
INFO: [ template_filter ] --START--
INFO: Run Behavior\ContentReplaceBehavior [ RunTime:0.000000s ]
INFO: [ template_filter ] --END-- [ RunTime:0.000000s ]
INFO: Run Behavior\ParseTemplateBehavior [ RunTime:0.008000s ]
INFO: [ view_parse ] --END-- [ RunTime:0.008000s ]
INFO: [ view_filter ] --START--
INFO: Run Behavior\WriteHtmlCacheBehavior [ RunTime:0.000000s ]
INFO: [ view_filter ] --END-- [ RunTime:0.000000s ]
INFO: [ app_end ] --START--
INFO: Run Behavior\ShowPageTraceBehavior [ RunTime:0.000000s ]
INFO: [ app_end ] --END-- [ RunTime:0.000000s ]

[ 2017-11-27T14:52:00+08:00 ] 127.0.0.1 /index.php?m=Admin&c=index&a=welcome
INFO: [ app_init ] --START--
INFO: Run Behavior\BuildLiteBehavior [ RunTime:0.000000s ]
INFO: [ app_init ] --END-- [ RunTime:0.000000s ]
INFO: [ app_begin ] --START--
INFO: Run Behavior\ReadHtmlCacheBehavior [ RunTime:0.001000s ]
INFO: [ app_begin ] --END-- [ RunTime:0.001000s ]
SQL: SHOW COLUMNS FROM `ec_admininfo` [ RunTime:0.0060s ]
SQL: SHOW COLUMNS FROM `ec_user` [ RunTime:0.0150s ]
SQL: SELECT COUNT(*) AS tp_count FROM `ec_user` WHERE ( 1 ) LIMIT 1   [ RunTime:0.0070s ]
SQL: SELECT COUNT(*) AS tp_count FROM `ec_user` WHERE ( vip!=0 ) LIMIT 1   [ RunTime:0.0040s ]
SQL: SHOW COLUMNS FROM `ec_buyinfo` [ RunTime:0.0050s ]
SQL: SELECT SUM(buy_money) AS tp_sum FROM `ec_buyinfo` WHERE ( buy_flag=2 ) LIMIT 1   [ RunTime:0.0040s ]
SQL: SHOW COLUMNS FROM `ec_buyinfoalone` [ RunTime:0.0060s ]
SQL: SELECT SUM(buy_money) AS tp_sum FROM `ec_buyinfoalone` WHERE ( buy_flag=2 ) LIMIT 1   [ RunTime:0.0050s ]
SQL: SHOW COLUMNS FROM `ec_payinfo` [ RunTime:0.0060s ]
SQL: SELECT SUM(pay_money) AS tp_sum FROM `ec_payinfo` WHERE ( pay_flag=2 ) LIMIT 1   [ RunTime:0.0040s ]
SQL: SHOW COLUMNS FROM `ec_moneyinfo` [ RunTime:0.0060s ]
SQL: SELECT SUM(money_money) AS tp_sum FROM `ec_moneyinfo` WHERE ( 1 ) LIMIT 1   [ RunTime:0.0050s ]
SQL: SHOW COLUMNS FROM `ec_forum` [ RunTime:0.0120s ]
SQL: SELECT COUNT(*) AS tp_count FROM `ec_forum` WHERE ( forum_flag=1 ) LIMIT 1   [ RunTime:0.0070s ]
SQL: SHOW COLUMNS FROM `ec_forumcomment` [ RunTime:0.0070s ]
SQL: SELECT COUNT(*) AS tp_count FROM `ec_forumcomment` WHERE ( comment_flag=1 ) LIMIT 1   [ RunTime:0.0050s ]
SQL: SHOW COLUMNS FROM `ec_forumcomment2` [ RunTime:0.0080s ]
SQL: SELECT COUNT(*) AS tp_count FROM `ec_forumcomment2` WHERE ( comment2_flag=1 ) LIMIT 1   [ RunTime:0.0120s ]
SQL: SHOW COLUMNS FROM `ec_comment` [ RunTime:0.0060s ]
SQL: SELECT COUNT(*) AS tp_count FROM `ec_comment` WHERE ( comment_flag=1 ) LIMIT 1   [ RunTime:0.0040s ]
SQL: SHOW COLUMNS FROM `ec_comment2` [ RunTime:0.0060s ]
SQL: SELECT COUNT(*) AS tp_count FROM `ec_comment2` WHERE ( comment2_flag=1 ) LIMIT 1   [ RunTime:0.0050s ]
SQL: SHOW COLUMNS FROM `ec_commentalone` [ RunTime:0.0050s ]
SQL: SELECT COUNT(*) AS tp_count FROM `ec_commentalone` WHERE ( comment_flag=1 ) LIMIT 1   [ RunTime:0.0040s ]
SQL: SHOW COLUMNS FROM `ec_comment2alone` [ RunTime:0.0060s ]
SQL: SELECT COUNT(*) AS tp_count FROM `ec_comment2alone` WHERE ( comment2_flag=1 ) LIMIT 1   [ RunTime:0.0090s ]
INFO: [ view_parse ] --START--
INFO: [ template_filter ] --START--
INFO: Run Behavior\ContentReplaceBehavior [ RunTime:0.000000s ]
INFO: [ template_filter ] --END-- [ RunTime:0.000000s ]
INFO: Run Behavior\ParseTemplateBehavior [ RunTime:0.006000s ]
INFO: [ view_parse ] --END-- [ RunTime:0.006000s ]
INFO: [ view_filter ] --START--
INFO: Run Behavior\WriteHtmlCacheBehavior [ RunTime:0.001000s ]
INFO: [ view_filter ] --END-- [ RunTime:0.001000s ]
INFO: [ app_end ] --START--
INFO: Run Behavior\ShowPageTraceBehavior [ RunTime:0.000000s ]
INFO: [ app_end ] --END-- [ RunTime:0.000000s ]

[ 2017-11-27T14:52:00+08:00 ] 127.0.0.1 /index.php?m=Admin&c=index&a=bottom
INFO: [ app_init ] --START--
INFO: Run Behavior\BuildLiteBehavior [ RunTime:0.000000s ]
INFO: [ app_init ] --END-- [ RunTime:0.001000s ]
INFO: [ app_begin ] --START--
INFO: Run Behavior\ReadHtmlCacheBehavior [ RunTime:0.001000s ]
INFO: [ app_begin ] --END-- [ RunTime:0.001000s ]
SQL: SHOW COLUMNS FROM `ec_admininfo` [ RunTime:0.0130s ]
INFO: [ view_parse ] --START--
INFO: [ template_filter ] --START--
INFO: Run Behavior\ContentReplaceBehavior [ RunTime:0.000000s ]
INFO: [ template_filter ] --END-- [ RunTime:0.000000s ]
INFO: Run Behavior\ParseTemplateBehavior [ RunTime:0.008000s ]
INFO: [ view_parse ] --END-- [ RunTime:0.008000s ]
INFO: [ view_filter ] --START--
INFO: Run Behavior\WriteHtmlCacheBehavior [ RunTime:0.001000s ]
INFO: [ view_filter ] --END-- [ RunTime:0.001000s ]
INFO: [ app_end ] --START--
INFO: Run Behavior\ShowPageTraceBehavior [ RunTime:0.002000s ]
INFO: [ app_end ] --END-- [ RunTime:0.002000s ]

[ 2017-11-27T14:52:06+08:00 ] 127.0.0.1 /index.php?m=Admin&c=comment2alone&a=index
INFO: [ app_init ] --START--
INFO: Run Behavior\BuildLiteBehavior [ RunTime:0.000000s ]
INFO: [ app_init ] --END-- [ RunTime:0.000000s ]
INFO: [ app_begin ] --START--
INFO: Run Behavior\ReadHtmlCacheBehavior [ RunTime:0.001000s ]
INFO: [ app_begin ] --END-- [ RunTime:0.001000s ]
SQL: SHOW COLUMNS FROM `ec_admininfo` [ RunTime:0.0060s ]
SQL: SHOW COLUMNS FROM `ec_comment2alone` [ RunTime:0.0080s ]
SQL: SELECT COUNT(*) AS tp_count FROM `ec_comment2alone`  left join ec_user ON ec_user.user_id = ec_comment2alone.user_id  left join ec_commentalone  ON ec_commentalone.comment_id = ec_comment2alone.comment_id  WHERE ( 1 and ec_comment2alone.comment2_flag=1  ) LIMIT 1   [ RunTime:0.0080s ]
SQL: SELECT ec_comment2alone.*,ec_user.nickname as nickname,ec_commentalone.comment as comment FROM `ec_comment2alone`  left join ec_user ON ec_user.user_id = ec_comment2alone.user_id  left join ec_commentalone  ON ec_commentalone.comment_id = ec_comment2alone.comment_id  WHERE ( 1 and ec_comment2alone.comment2_flag=1  ) ORDER BY ec_comment2alone.comment2_id desc LIMIT 0,15   [ RunTime:0.0310s ]
INFO: [ view_parse ] --START--
INFO: [ template_filter ] --START--
INFO: Run Behavior\ContentReplaceBehavior [ RunTime:0.000000s ]
INFO: [ template_filter ] --END-- [ RunTime:0.000000s ]
NOTIC: [8] Undefined variable: keyword D:\xampp\htdocs\jianyinew\Application\Runtime\Cache\Admin\0d946d5b08d1f3a37fda25877bfa1c54.php 第 30 行.
NOTIC: [8] Undefined variable: starttime D:\xampp\htdocs\jianyinew\Application\Runtime\Cache\Admin\0d946d5b08d1f3a37fda25877bfa1c54.php 第 34 行.
NOTIC: [8] Undefined variable: endtime D:\xampp\htdocs\jianyinew\Application\Runtime\Cache\Admin\0d946d5b08d1f3a37fda25877bfa1c54.php 第 35 行.
INFO: Run Behavior\ParseTemplateBehavior [ RunTime:0.021000s ]
INFO: [ view_parse ] --END-- [ RunTime:0.021000s ]
INFO: [ view_filter ] --START--
INFO: Run Behavior\WriteHtmlCacheBehavior [ RunTime:0.000000s ]
INFO: [ view_filter ] --END-- [ RunTime:0.001000s ]
INFO: [ app_end ] --START--
INFO: Run Behavior\ShowPageTraceBehavior [ RunTime:0.000000s ]
INFO: [ app_end ] --END-- [ RunTime:0.000000s ]

[ 2017-11-27T14:55:41+08:00 ] 127.0.0.1 /index.php?m=Admin&c=comment2alone&a=index
INFO: [ app_init ] --START--
INFO: Run Behavior\BuildLiteBehavior [ RunTime:0.000000s ]
INFO: [ app_init ] --END-- [ RunTime:0.001000s ]
INFO: [ app_begin ] --START--
INFO: Run Behavior\ReadHtmlCacheBehavior [ RunTime:0.001000s ]
INFO: [ app_begin ] --END-- [ RunTime:0.001000s ]
SQL: SHOW COLUMNS FROM `ec_admininfo` [ RunTime:0.0110s ]
SQL: SHOW COLUMNS FROM `ec_comment2alone` [ RunTime:0.0130s ]
SQL: SELECT COUNT(*) AS tp_count FROM `ec_comment2alone`  left join ec_user ON ec_user.user_id = ec_comment2alone.user_id  left join ec_commentalone  ON ec_commentalone.comment_id = ec_comment2alone.comment_id  WHERE ( 1 and ec_comment2alone.comment2_flag=1  and ( ec_user.nickname like '%微凉%') ) LIMIT 1   [ RunTime:0.0050s ]
SQL: SELECT ec_comment2alone.*,ec_user.nickname as nickname,ec_commentalone.comment as comment FROM `ec_comment2alone`  left join ec_user ON ec_user.user_id = ec_comment2alone.user_id  left join ec_commentalone  ON ec_commentalone.comment_id = ec_comment2alone.comment_id  WHERE ( 1 and ec_comment2alone.comment2_flag=1  and ( ec_user.nickname like '%微凉%') ) ORDER BY ec_comment2alone.comment2_id desc LIMIT 0,15   [ RunTime:0.0100s ]
INFO: [ view_parse ] --START--
INFO: [ template_filter ] --START--
INFO: Run Behavior\ContentReplaceBehavior [ RunTime:0.000000s ]
INFO: [ template_filter ] --END-- [ RunTime:0.000000s ]
NOTIC: [8] Undefined variable: starttime D:\xampp\htdocs\jianyinew\Application\Runtime\Cache\Admin\0d946d5b08d1f3a37fda25877bfa1c54.php 第 34 行.
NOTIC: [8] Undefined variable: endtime D:\xampp\htdocs\jianyinew\Application\Runtime\Cache\Admin\0d946d5b08d1f3a37fda25877bfa1c54.php 第 35 行.
INFO: Run Behavior\ParseTemplateBehavior [ RunTime:0.022000s ]
INFO: [ view_parse ] --END-- [ RunTime:0.022000s ]
INFO: [ view_filter ] --START--
INFO: Run Behavior\WriteHtmlCacheBehavior [ RunTime:0.000000s ]
INFO: [ view_filter ] --END-- [ RunTime:0.000000s ]
INFO: [ app_end ] --START--
INFO: Run Behavior\ShowPageTraceBehavior [ RunTime:0.001000s ]
INFO: [ app_end ] --END-- [ RunTime:0.001000s ]

[ 2017-11-27T14:55:54+08:00 ] 127.0.0.1 /index.php?m=Admin&c=comment2alone&a=index
INFO: [ app_init ] --START--
INFO: Run Behavior\BuildLiteBehavior [ RunTime:0.000000s ]
INFO: [ app_init ] --END-- [ RunTime:0.001000s ]
INFO: [ app_begin ] --START--
INFO: Run Behavior\ReadHtmlCacheBehavior [ RunTime:0.000000s ]
INFO: [ app_begin ] --END-- [ RunTime:0.000000s ]
SQL: SHOW COLUMNS FROM `ec_admininfo` [ RunTime:0.0070s ]
SQL: SHOW COLUMNS FROM `ec_comment2alone` [ RunTime:0.0070s ]
SQL: SELECT COUNT(*) AS tp_count FROM `ec_comment2alone`  left join ec_user ON ec_user.user_id = ec_comment2alone.user_id  left join ec_commentalone  ON ec_commentalone.comment_id = ec_comment2alone.comment_id  WHERE ( 1 and ec_comment2alone.comment2_flag=1  and ( ec_user.nickname like '%微凉%') and (ec_comment2alone.addtime2 >=1509379200)  and (ec_comment2alone.addtime2 <=1510156799)  ) LIMIT 1   [ RunTime:0.0080s ]
SQL: SELECT ec_comment2alone.*,ec_user.nickname as nickname,ec_commentalone.comment as comment FROM `ec_comment2alone`  left join ec_user ON ec_user.user_id = ec_comment2alone.user_id  left join ec_commentalone  ON ec_commentalone.comment_id = ec_comment2alone.comment_id  WHERE ( 1 and ec_comment2alone.comment2_flag=1  and ( ec_user.nickname like '%微凉%') and (ec_comment2alone.addtime2 >=1509379200)  and (ec_comment2alone.addtime2 <=1510156799)  ) ORDER BY ec_comment2alone.comment2_id desc LIMIT 0,15   [ RunTime:0.0110s ]
INFO: [ view_parse ] --START--
INFO: [ template_filter ] --START--
INFO: Run Behavior\ContentReplaceBehavior [ RunTime:0.000000s ]
INFO: [ template_filter ] --END-- [ RunTime:0.000000s ]
INFO: Run Behavior\ParseTemplateBehavior [ RunTime:0.010000s ]
INFO: [ view_parse ] --END-- [ RunTime:0.010000s ]
INFO: [ view_filter ] --START--
INFO: Run Behavior\WriteHtmlCacheBehavior [ RunTime:0.000000s ]
INFO: [ view_filter ] --END-- [ RunTime:0.000000s ]
INFO: [ app_end ] --START--
INFO: Run Behavior\ShowPageTraceBehavior [ RunTime:0.001000s ]
INFO: [ app_end ] --END-- [ RunTime:0.001000s ]

[ 2017-11-27T14:55:55+08:00 ] 127.0.0.1 /index.php?m=Admin&c=comment2alone&a=index
INFO: [ app_init ] --START--
INFO: Run Behavior\BuildLiteBehavior [ RunTime:0.000000s ]
INFO: [ app_init ] --END-- [ RunTime:0.001000s ]
INFO: [ app_begin ] --START--
INFO: Run Behavior\ReadHtmlCacheBehavior [ RunTime:0.001000s ]
INFO: [ app_begin ] --END-- [ RunTime:0.001000s ]
SQL: SHOW COLUMNS FROM `ec_admininfo` [ RunTime:0.0060s ]
SQL: SHOW COLUMNS FROM `ec_comment2alone` [ RunTime:0.0080s ]
SQL: SELECT COUNT(*) AS tp_count FROM `ec_comment2alone`  left join ec_user ON ec_user.user_id = ec_comment2alone.user_id  left join ec_commentalone  ON ec_commentalone.comment_id = ec_comment2alone.comment_id  WHERE ( 1 and ec_comment2alone.comment2_flag=1  and ( ec_user.nickname like '%微凉%') and (ec_comment2alone.addtime2 >=1509379200)  and (ec_comment2alone.addtime2 <=1510156799)  ) LIMIT 1   [ RunTime:0.0040s ]
SQL: SELECT ec_comment2alone.*,ec_user.nickname as nickname,ec_commentalone.comment as comment FROM `ec_comment2alone`  left join ec_user ON ec_user.user_id = ec_comment2alone.user_id  left join ec_commentalone  ON ec_commentalone.comment_id = ec_comment2alone.comment_id  WHERE ( 1 and ec_comment2alone.comment2_flag=1  and ( ec_user.nickname like '%微凉%') and (ec_comment2alone.addtime2 >=1509379200)  and (ec_comment2alone.addtime2 <=1510156799)  ) ORDER BY ec_comment2alone.comment2_id desc LIMIT 0,15   [ RunTime:0.0050s ]
INFO: [ view_parse ] --START--
INFO: [ template_filter ] --START--
INFO: Run Behavior\ContentReplaceBehavior [ RunTime:0.000000s ]
INFO: [ template_filter ] --END-- [ RunTime:0.000000s ]
INFO: Run Behavior\ParseTemplateBehavior [ RunTime:0.008000s ]
INFO: [ view_parse ] --END-- [ RunTime:0.008000s ]
INFO: [ view_filter ] --START--
INFO: Run Behavior\WriteHtmlCacheBehavior [ RunTime:0.000000s ]
INFO: [ view_filter ] --END-- [ RunTime:0.000000s ]
INFO: [ app_end ] --START--
INFO: Run Behavior\ShowPageTraceBehavior [ RunTime:0.001000s ]
INFO: [ app_end ] --END-- [ RunTime:0.001000s ]

[ 2017-11-27T14:56:01+08:00 ] 127.0.0.1 /index.php?m=Admin&c=comment2alone&a=index
INFO: [ app_init ] --START--
INFO: Run Behavior\BuildLiteBehavior [ RunTime:0.000000s ]
INFO: [ app_init ] --END-- [ RunTime:0.001000s ]
INFO: [ app_begin ] --START--
INFO: Run Behavior\ReadHtmlCacheBehavior [ RunTime:0.000000s ]
INFO: [ app_begin ] --END-- [ RunTime:0.000000s ]
SQL: SHOW COLUMNS FROM `ec_admininfo` [ RunTime:0.0060s ]
SQL: SHOW COLUMNS FROM `ec_comment2alone` [ RunTime:0.0090s ]
SQL: SELECT COUNT(*) AS tp_count FROM `ec_comment2alone`  left join ec_user ON ec_user.user_id = ec_comment2alone.user_id  left join ec_commentalone  ON ec_commentalone.comment_id = ec_comment2alone.comment_id  WHERE ( 1 and ec_comment2alone.comment2_flag=1  ) LIMIT 1   [ RunTime:0.0070s ]
SQL: SELECT ec_comment2alone.*,ec_user.nickname as nickname,ec_commentalone.comment as comment FROM `ec_comment2alone`  left join ec_user ON ec_user.user_id = ec_comment2alone.user_id  left join ec_commentalone  ON ec_commentalone.comment_id = ec_comment2alone.comment_id  WHERE ( 1 and ec_comment2alone.comment2_flag=1  ) ORDER BY ec_comment2alone.comment2_id desc LIMIT 0,15   [ RunTime:0.0080s ]
INFO: [ view_parse ] --START--
INFO: [ template_filter ] --START--
INFO: Run Behavior\ContentReplaceBehavior [ RunTime:0.000000s ]
INFO: [ template_filter ] --END-- [ RunTime:0.000000s ]
NOTIC: [8] Undefined variable: keyword D:\xampp\htdocs\jianyinew\Application\Runtime\Cache\Admin\0d946d5b08d1f3a37fda25877bfa1c54.php 第 30 行.
NOTIC: [8] Undefined variable: starttime D:\xampp\htdocs\jianyinew\Application\Runtime\Cache\Admin\0d946d5b08d1f3a37fda25877bfa1c54.php 第 34 行.
NOTIC: [8] Undefined variable: endtime D:\xampp\htdocs\jianyinew\Application\Runtime\Cache\Admin\0d946d5b08d1f3a37fda25877bfa1c54.php 第 35 行.
INFO: Run Behavior\ParseTemplateBehavior [ RunTime:0.017000s ]
INFO: [ view_parse ] --END-- [ RunTime:0.018000s ]
INFO: [ view_filter ] --START--
INFO: Run Behavior\WriteHtmlCacheBehavior [ RunTime:0.000000s ]
INFO: [ view_filter ] --END-- [ RunTime:0.000000s ]
INFO: [ app_end ] --START--
INFO: Run Behavior\ShowPageTraceBehavior [ RunTime:0.001000s ]
INFO: [ app_end ] --END-- [ RunTime:0.001000s ]

[ 2017-11-27T14:57:06+08:00 ] 127.0.0.1 /index.php?m=Admin&c=comment&a=comment
INFO: [ app_init ] --START--
INFO: Run Behavior\BuildLiteBehavior [ RunTime:0.000000s ]
INFO: [ app_init ] --END-- [ RunTime:0.001000s ]
INFO: [ app_begin ] --START--
INFO: Run Behavior\ReadHtmlCacheBehavior [ RunTime:0.000000s ]
INFO: [ app_begin ] --END-- [ RunTime:0.000000s ]
SQL: SHOW COLUMNS FROM `ec_admininfo` [ RunTime:0.0100s ]
NOTIC: [8] Undefined index: course_id D:\xampp\htdocs\jianyinew\Application\Admin\Controller\CommentController.class.php 第 75 行.
SQL: SHOW COLUMNS FROM `ec_comment` [ RunTime:0.0070s ]
SQL: SELECT COUNT(*) AS tp_count FROM `ec_comment`  left join ec_user as a ON a.user_id = ec_comment.user_id  left join ec_course as b ON b.course_id = ec_comment.course_id  left join ec_lesson as c ON c.lesson_id = ec_comment.lesson_id  left join ec_comment2 as d on b.course_id = d.course_id   WHERE ( 1  ) LIMIT 1   [ RunTime:0.0060s ]
SQL: SELECT ec_comment.*,a.nickname,a.phone,b.course_id,b.course_name,c.lesson_name as lesson_name,d.comment2_good FROM `ec_comment`  left join ec_user as a ON a.user_id = ec_comment.user_id  left join ec_course as b ON b.course_id = ec_comment.course_id  left join ec_lesson as c ON c.lesson_id = ec_comment.lesson_id  left join ec_comment2 as d on b.course_id = d.course_id   WHERE ( 1  ) ORDER BY  ec_comment.comment_id desc LIMIT 0,15   [ RunTime:0.0110s ]
SQL: SHOW COLUMNS FROM `ec_focusinfo` [ RunTime:0.0070s ]
INFO: [ view_parse ] --START--
INFO: [ template_filter ] --START--
INFO: Run Behavior\ContentReplaceBehavior [ RunTime:0.000000s ]
INFO: [ template_filter ] --END-- [ RunTime:0.000000s ]
NOTIC: [8] Undefined variable: state D:\xampp\htdocs\jianyinew\Application\Runtime\Cache\Admin\8f9bdbc99d42082705483228747a68c1.php 第 19 行.
NOTIC: [8] Undefined variable: courseID D:\xampp\htdocs\jianyinew\Application\Runtime\Cache\Admin\8f9bdbc99d42082705483228747a68c1.php 第 33 行.
NOTIC: [8] Undefined variable: courseName D:\xampp\htdocs\jianyinew\Application\Runtime\Cache\Admin\8f9bdbc99d42082705483228747a68c1.php 第 33 行.
NOTIC: [8] Undefined variable: state D:\xampp\htdocs\jianyinew\Application\Runtime\Cache\Admin\8f9bdbc99d42082705483228747a68c1.php 第 34 行.
NOTIC: [8] Undefined variable: courseName D:\xampp\htdocs\jianyinew\Application\Runtime\Cache\Admin\8f9bdbc99d42082705483228747a68c1.php 第 35 行.
NOTIC: [8] Undefined variable: keyword D:\xampp\htdocs\jianyinew\Application\Runtime\Cache\Admin\8f9bdbc99d42082705483228747a68c1.php 第 39 行.
NOTIC: [8] Undefined variable: state D:\xampp\htdocs\jianyinew\Application\Runtime\Cache\Admin\8f9bdbc99d42082705483228747a68c1.php 第 41 行.
NOTIC: [8] Undefined variable: course D:\xampp\htdocs\jianyinew\Application\Runtime\Cache\Admin\8f9bdbc99d42082705483228747a68c1.php 第 44 行.
NOTIC: [8] Undefined variable: lesson D:\xampp\htdocs\jianyinew\Application\Runtime\Cache\Admin\8f9bdbc99d42082705483228747a68c1.php 第 47 行.
NOTIC: [8] Undefined variable: starttime D:\xampp\htdocs\jianyinew\Application\Runtime\Cache\Admin\8f9bdbc99d42082705483228747a68c1.php 第 51 行.
NOTIC: [8] Undefined variable: endtime D:\xampp\htdocs\jianyinew\Application\Runtime\Cache\Admin\8f9bdbc99d42082705483228747a68c1.php 第 53 行.
NOTIC: [8] Undefined variable: comment_flag D:\xampp\htdocs\jianyinew\Application\Runtime\Cache\Admin\8f9bdbc99d42082705483228747a68c1.php 第 59 行.
NOTIC: [8] Undefined variable: comment_flag D:\xampp\htdocs\jianyinew\Application\Runtime\Cache\Admin\8f9bdbc99d42082705483228747a68c1.php 第 59 行.
NOTIC: [8] Undefined variable: courseID D:\xampp\htdocs\jianyinew\Application\Runtime\Cache\Admin\8f9bdbc99d42082705483228747a68c1.php 第 64 行.
NOTIC: [8] Undefined variable: courseName D:\xampp\htdocs\jianyinew\Application\Runtime\Cache\Admin\8f9bdbc99d42082705483228747a68c1.php 第 64 行.
INFO: Run Behavior\ParseTemplateBehavior [ RunTime:0.046000s ]
INFO: [ view_parse ] --END-- [ RunTime:0.046000s ]
INFO: [ view_filter ] --START--
INFO: Run Behavior\WriteHtmlCacheBehavior [ RunTime:0.000000s ]
INFO: [ view_filter ] --END-- [ RunTime:0.000000s ]
INFO: [ app_end ] --START--
INFO: Run Behavior\ShowPageTraceBehavior [ RunTime:0.000000s ]
INFO: [ app_end ] --END-- [ RunTime:0.001000s ]

[ 2017-11-27T14:57:11+08:00 ] 127.0.0.1 /index.php?m=Admin&c=comment2&a=index
INFO: [ app_init ] --START--
INFO: Run Behavior\BuildLiteBehavior [ RunTime:0.000000s ]
INFO: [ app_init ] --END-- [ RunTime:0.001000s ]
INFO: [ app_begin ] --START--
INFO: Run Behavior\ReadHtmlCacheBehavior [ RunTime:0.000000s ]
INFO: [ app_begin ] --END-- [ RunTime:0.001000s ]
SQL: SHOW COLUMNS FROM `ec_admininfo` [ RunTime:0.0070s ]
SQL: SHOW COLUMNS FROM `ec_comment2` [ RunTime:0.0280s ]
SQL: SELECT COUNT(*) AS tp_count FROM `ec_comment2`  left join ec_user ON ec_user.user_id = ec_comment2.user_id  left join ec_course  ON ec_course.course_id = ec_comment2.course_id  left join ec_comment  ON ec_comment.comment_id = ec_comment2.comment_id  WHERE ( 1 and ec_comment2.comment2_flag=1  ) LIMIT 1   [ RunTime:0.0050s ]
SQL: SELECT ec_comment2.*,ec_user.nickname as nickname,ec_course.course_name as course_name,ec_comment.comment as comment FROM `ec_comment2`  left join ec_user ON ec_user.user_id = ec_comment2.user_id  left join ec_course  ON ec_course.course_id = ec_comment2.course_id  left join ec_comment  ON ec_comment.comment_id = ec_comment2.comment_id  WHERE ( 1 and ec_comment2.comment2_flag=1  ) ORDER BY ec_comment2.comment2_id desc LIMIT 0,15   [ RunTime:0.0050s ]
INFO: [ view_parse ] --START--
INFO: [ template_filter ] --START--
INFO: Run Behavior\ContentReplaceBehavior [ RunTime:0.000000s ]
INFO: [ template_filter ] --END-- [ RunTime:0.000000s ]
NOTIC: [8] Undefined variable: keyword D:\xampp\htdocs\jianyinew\Application\Runtime\Cache\Admin\536a9cd3515ea7a75052092740a3c11a.php 第 30 行.
NOTIC: [8] Undefined variable: starttime D:\xampp\htdocs\jianyinew\Application\Runtime\Cache\Admin\536a9cd3515ea7a75052092740a3c11a.php 第 34 行.
NOTIC: [8] Undefined variable: endtime D:\xampp\htdocs\jianyinew\Application\Runtime\Cache\Admin\536a9cd3515ea7a75052092740a3c11a.php 第 35 行.
INFO: Run Behavior\ParseTemplateBehavior [ RunTime:0.040000s ]
INFO: [ view_parse ] --END-- [ RunTime:0.040000s ]
INFO: [ view_filter ] --START--
INFO: Run Behavior\WriteHtmlCacheBehavior [ RunTime:0.001000s ]
INFO: [ view_filter ] --END-- [ RunTime:0.001000s ]
INFO: [ app_end ] --START--
INFO: Run Behavior\ShowPageTraceBehavior [ RunTime:0.001000s ]
INFO: [ app_end ] --END-- [ RunTime:0.001000s ]

[ 2017-11-27T15:01:17+08:00 ] 127.0.0.1 /index.php?m=Admin&c=collectalone&a=index
INFO: [ app_init ] --START--
INFO: Run Behavior\BuildLiteBehavior [ RunTime:0.000000s ]
INFO: [ app_init ] --END-- [ RunTime:0.001000s ]
INFO: [ app_begin ] --START--
INFO: Run Behavior\ReadHtmlCacheBehavior [ RunTime:0.000000s ]
INFO: [ app_begin ] --END-- [ RunTime:0.001000s ]
SQL: SHOW COLUMNS FROM `ec_admininfo` [ RunTime:0.0100s ]
NOTIC: [8] Undefined variable: starttime D:\xampp\htdocs\jianyinew\Application\Admin\Controller\CollectaloneController.class.php 第 47 行.
NOTIC: [8] Undefined variable: endtime D:\xampp\htdocs\jianyinew\Application\Admin\Controller\CollectaloneController.class.php 第 50 行.
SQL: SHOW COLUMNS FROM `ec_collectalone` [ RunTime:0.0070s ]
SQL: SELECT COUNT(*) AS tp_count FROM `ec_collectalone`  left join ec_user as a ON a.user_id = ec_collectalone.user_id  left join ec_lessonalone as c ON c.lesson_id = ec_collectalone.lesson_id  WHERE ( 1  and ec_collectalone.collect_addtime>=1510848000  and ec_collectalone.collect_addtime<=1511798399  ) LIMIT 1   [ RunTime:0.0080s ]
SQL: SELECT ec_collectalone.*,a.nickname as nickname,a.phone as phone,c.lesson_name as lesson_name FROM `ec_collectalone`  left join ec_user as a ON a.user_id = ec_collectalone.user_id  left join ec_lessonalone as c ON c.lesson_id = ec_collectalone.lesson_id  WHERE ( 1  and ec_collectalone.collect_addtime>=1510848000  and ec_collectalone.collect_addtime<=1511798399  ) ORDER BY  ec_collectalone.collect_id desc LIMIT 0,15   [ RunTime:0.0050s ]
INFO: [ view_parse ] --START--
INFO: [ template_filter ] --START--
INFO: Run Behavior\ContentReplaceBehavior [ RunTime:0.000000s ]
INFO: [ template_filter ] --END-- [ RunTime:0.000000s ]
NOTIC: [8] Undefined variable: keyword D:\xampp\htdocs\jianyinew\Application\Runtime\Cache\Admin\fa07398c638ccbb2ca1cd3dec0c40061.php 第 32 行.
NOTIC: [8] Undefined variable: lesson_name D:\xampp\htdocs\jianyinew\Application\Runtime\Cache\Admin\fa07398c638ccbb2ca1cd3dec0c40061.php 第 36 行.
NOTIC: [8] Undefined index: course_speaker D:\xampp\htdocs\jianyinew\Application\Runtime\Cache\Admin\fa07398c638ccbb2ca1cd3dec0c40061.php 第 84 行.
NOTIC: [8] Undefined index: course_speaker D:\xampp\htdocs\jianyinew\Application\Runtime\Cache\Admin\fa07398c638ccbb2ca1cd3dec0c40061.php 第 84 行.
INFO: Run Behavior\ParseTemplateBehavior [ RunTime:0.024000s ]
INFO: [ view_parse ] --END-- [ RunTime:0.024000s ]
INFO: [ view_filter ] --START--
INFO: Run Behavior\WriteHtmlCacheBehavior [ RunTime:0.001000s ]
INFO: [ view_filter ] --END-- [ RunTime:0.001000s ]
INFO: [ app_end ] --START--
INFO: Run Behavior\ShowPageTraceBehavior [ RunTime:0.001000s ]
INFO: [ app_end ] --END-- [ RunTime:0.002000s ]

[ 2017-11-27T15:01:19+08:00 ] 127.0.0.1 /index.php?m=Admin&c=comment2alone&a=index
INFO: [ app_init ] --START--
INFO: Run Behavior\BuildLiteBehavior [ RunTime:0.000000s ]
INFO: [ app_init ] --END-- [ RunTime:0.001000s ]
INFO: [ app_begin ] --START--
INFO: Run Behavior\ReadHtmlCacheBehavior [ RunTime:0.001000s ]
INFO: [ app_begin ] --END-- [ RunTime:0.001000s ]
SQL: SHOW COLUMNS FROM `ec_admininfo` [ RunTime:0.0090s ]
SQL: SHOW COLUMNS FROM `ec_comment2alone` [ RunTime:0.0080s ]
SQL: SELECT COUNT(*) AS tp_count FROM `ec_comment2alone`  left join ec_user ON ec_user.user_id = ec_comment2alone.user_id  left join ec_commentalone  ON ec_commentalone.comment_id = ec_comment2alone.comment_id  WHERE ( 1 and ec_comment2alone.comment2_flag=1  ) LIMIT 1   [ RunTime:0.0040s ]
SQL: SELECT ec_comment2alone.*,ec_user.nickname as nickname,ec_commentalone.comment as comment FROM `ec_comment2alone`  left join ec_user ON ec_user.user_id = ec_comment2alone.user_id  left join ec_commentalone  ON ec_commentalone.comment_id = ec_comment2alone.comment_id  WHERE ( 1 and ec_comment2alone.comment2_flag=1  ) ORDER BY ec_comment2alone.comment2_id desc LIMIT 0,15   [ RunTime:0.0050s ]
INFO: [ view_parse ] --START--
INFO: [ template_filter ] --START--
INFO: Run Behavior\ContentReplaceBehavior [ RunTime:0.000000s ]
INFO: [ template_filter ] --END-- [ RunTime:0.000000s ]
NOTIC: [8] Undefined variable: keyword D:\xampp\htdocs\jianyinew\Application\Runtime\Cache\Admin\0d946d5b08d1f3a37fda25877bfa1c54.php 第 30 行.
NOTIC: [8] Undefined variable: starttime D:\xampp\htdocs\jianyinew\Application\Runtime\Cache\Admin\0d946d5b08d1f3a37fda25877bfa1c54.php 第 34 行.
NOTIC: [8] Undefined variable: endtime D:\xampp\htdocs\jianyinew\Application\Runtime\Cache\Admin\0d946d5b08d1f3a37fda25877bfa1c54.php 第 35 行.
INFO: Run Behavior\ParseTemplateBehavior [ RunTime:0.008000s ]
INFO: [ view_parse ] --END-- [ RunTime:0.008000s ]
INFO: [ view_filter ] --START--
INFO: Run Behavior\WriteHtmlCacheBehavior [ RunTime:0.000000s ]
INFO: [ view_filter ] --END-- [ RunTime:0.000000s ]
INFO: [ app_end ] --START--
INFO: Run Behavior\ShowPageTraceBehavior [ RunTime:0.001000s ]
INFO: [ app_end ] --END-- [ RunTime:0.001000s ]

[ 2017-11-27T15:01:21+08:00 ] 127.0.0.1 /index.php?m=Admin&c=learn&a=index
INFO: [ app_init ] --START--
INFO: Run Behavior\BuildLiteBehavior [ RunTime:0.000000s ]
INFO: [ app_init ] --END-- [ RunTime:0.001000s ]
INFO: [ app_begin ] --START--
INFO: Run Behavior\ReadHtmlCacheBehavior [ RunTime:0.001000s ]
INFO: [ app_begin ] --END-- [ RunTime:0.001000s ]
ERR: 无法加载控制器:Learn

[ 2017-11-27T15:01:22+08:00 ] 127.0.0.1 /index.php?m=Admin&c=collectalone&a=index
INFO: [ app_init ] --START--
INFO: Run Behavior\BuildLiteBehavior [ RunTime:0.000000s ]
INFO: [ app_init ] --END-- [ RunTime:0.000000s ]
INFO: [ app_begin ] --START--
INFO: Run Behavior\ReadHtmlCacheBehavior [ RunTime:0.001000s ]
INFO: [ app_begin ] --END-- [ RunTime:0.001000s ]
SQL: SHOW COLUMNS FROM `ec_admininfo` [ RunTime:0.0060s ]
NOTIC: [8] Undefined variable: starttime D:\xampp\htdocs\jianyinew\Application\Admin\Controller\CollectaloneController.class.php 第 47 行.
NOTIC: [8] Undefined variable: endtime D:\xampp\htdocs\jianyinew\Application\Admin\Controller\CollectaloneController.class.php 第 50 行.
SQL: SHOW COLUMNS FROM `ec_collectalone` [ RunTime:0.0060s ]
SQL: SELECT COUNT(*) AS tp_count FROM `ec_collectalone`  left join ec_user as a ON a.user_id = ec_collectalone.user_id  left join ec_lessonalone as c ON c.lesson_id = ec_collectalone.lesson_id  WHERE ( 1  and ec_collectalone.collect_addtime>=1510848000  and ec_collectalone.collect_addtime<=1511798399  ) LIMIT 1   [ RunTime:0.0070s ]
SQL: SELECT ec_collectalone.*,a.nickname as nickname,a.phone as phone,c.lesson_name as lesson_name FROM `ec_collectalone`  left join ec_user as a ON a.user_id = ec_collectalone.user_id  left join ec_lessonalone as c ON c.lesson_id = ec_collectalone.lesson_id  WHERE ( 1  and ec_collectalone.collect_addtime>=1510848000  and ec_collectalone.collect_addtime<=1511798399  ) ORDER BY  ec_collectalone.collect_id desc LIMIT 0,15   [ RunTime:0.0100s ]
INFO: [ view_parse ] --START--
INFO: [ template_filter ] --START--
INFO: Run Behavior\ContentReplaceBehavior [ RunTime:0.000000s ]
INFO: [ template_filter ] --END-- [ RunTime:0.000000s ]
NOTIC: [8] Undefined variable: keyword D:\xampp\htdocs\jianyinew\Application\Runtime\Cache\Admin\fa07398c638ccbb2ca1cd3dec0c40061.php 第 32 行.
NOTIC: [8] Undefined variable: lesson_name D:\xampp\htdocs\jianyinew\Application\Runtime\Cache\Admin\fa07398c638ccbb2ca1cd3dec0c40061.php 第 36 行.
NOTIC: [8] Undefined index: course_speaker D:\xampp\htdocs\jianyinew\Application\Runtime\Cache\Admin\fa07398c638ccbb2ca1cd3dec0c40061.php 第 84 行.
NOTIC: [8] Undefined index: course_speaker D:\xampp\htdocs\jianyinew\Application\Runtime\Cache\Admin\fa07398c638ccbb2ca1cd3dec0c40061.php 第 84 行.
INFO: Run Behavior\ParseTemplateBehavior [ RunTime:0.017000s ]
INFO: [ view_parse ] --END-- [ RunTime:0.017000s ]
INFO: [ view_filter ] --START--
INFO: Run Behavior\WriteHtmlCacheBehavior [ RunTime:0.001000s ]
INFO: [ view_filter ] --END-- [ RunTime:0.001000s ]
INFO: [ app_end ] --START--
INFO: Run Behavior\ShowPageTraceBehavior [ RunTime:0.001000s ]
INFO: [ app_end ] --END-- [ RunTime:0.001000s ]

[ 2017-11-27T15:01:22+08:00 ] 127.0.0.1 /index.php?m=Admin&c=comment2alone&a=index
INFO: [ app_init ] --START--
INFO: Run Behavior\BuildLiteBehavior [ RunTime:0.000000s ]
INFO: [ app_init ] --END-- [ RunTime:0.001000s ]
INFO: [ app_begin ] --START--
INFO: Run Behavior\ReadHtmlCacheBehavior [ RunTime:0.000000s ]
INFO: [ app_begin ] --END-- [ RunTime:0.001000s ]
SQL: SHOW COLUMNS FROM `ec_admininfo` [ RunTime:0.0080s ]
SQL: SHOW COLUMNS FROM `ec_comment2alone` [ RunTime:0.0090s ]
SQL: SELECT COUNT(*) AS tp_count FROM `ec_comment2alone`  left join ec_user ON ec_user.user_id = ec_comment2alone.user_id  left join ec_commentalone  ON ec_commentalone.comment_id = ec_comment2alone.comment_id  WHERE ( 1 and ec_comment2alone.comment2_flag=1  ) LIMIT 1   [ RunTime:0.0340s ]
SQL: SELECT ec_comment2alone.*,ec_user.nickname as nickname,ec_commentalone.comment as comment FROM `ec_comment2alone`  left join ec_user ON ec_user.user_id = ec_comment2alone.user_id  left join ec_commentalone  ON ec_commentalone.comment_id = ec_comment2alone.comment_id  WHERE ( 1 and ec_comment2alone.comment2_flag=1  ) ORDER BY ec_comment2alone.comment2_id desc LIMIT 0,15   [ RunTime:0.0060s ]
INFO: [ view_parse ] --START--
INFO: [ template_filter ] --START--
INFO: Run Behavior\ContentReplaceBehavior [ RunTime:0.000000s ]
INFO: [ template_filter ] --END-- [ RunTime:0.000000s ]
NOTIC: [8] Undefined variable: keyword D:\xampp\htdocs\jianyinew\Application\Runtime\Cache\Admin\0d946d5b08d1f3a37fda25877bfa1c54.php 第 30 行.
NOTIC: [8] Undefined variable: starttime D:\xampp\htdocs\jianyinew\Application\Runtime\Cache\Admin\0d946d5b08d1f3a37fda25877bfa1c54.php 第 34 行.
NOTIC: [8] Undefined variable: endtime D:\xampp\htdocs\jianyinew\Application\Runtime\Cache\Admin\0d946d5b08d1f3a37fda25877bfa1c54.php 第 35 行.
INFO: Run Behavior\ParseTemplateBehavior [ RunTime:0.013000s ]
INFO: [ view_parse ] --END-- [ RunTime:0.013000s ]
INFO: [ view_filter ] --START--
INFO: Run Behavior\WriteHtmlCacheBehavior [ RunTime:0.001000s ]
INFO: [ view_filter ] --END-- [ RunTime:0.001000s ]
INFO: [ app_end ] --START--
INFO: Run Behavior\ShowPageTraceBehavior [ RunTime:0.000000s ]
INFO: [ app_end ] --END-- [ RunTime:0.000000s ]

[ 2017-11-27T15:01:23+08:00 ] 127.0.0.1 /index.php?m=Admin&c=commentalone&a=comment
INFO: [ app_init ] --START--
INFO: Run Behavior\BuildLiteBehavior [ RunTime:0.000000s ]
INFO: [ app_init ] --END-- [ RunTime:0.000000s ]
INFO: [ app_begin ] --START--
INFO: Run Behavior\ReadHtmlCacheBehavior [ RunTime:0.000000s ]
INFO: [ app_begin ] --END-- [ RunTime:0.000000s ]
ERR: 无法加载控制器:Commentalone

[ 2017-11-27T15:01:23+08:00 ] 127.0.0.1 /index.php?m=Admin&c=commentalone&a=comment
INFO: [ app_init ] --START--
INFO: Run Behavior\BuildLiteBehavior [ RunTime:0.000000s ]
INFO: [ app_init ] --END-- [ RunTime:0.001000s ]
INFO: [ app_begin ] --START--
INFO: Run Behavior\ReadHtmlCacheBehavior [ RunTime:0.001000s ]
INFO: [ app_begin ] --END-- [ RunTime:0.001000s ]
ERR: 无法加载控制器:Commentalone

[ 2017-11-27T15:01:24+08:00 ] 127.0.0.1 /index.php?m=Admin&c=lessonalone&a=index
INFO: [ app_init ] --START--
INFO: Run Behavior\BuildLiteBehavior [ RunTime:0.000000s ]
INFO: [ app_init ] --END-- [ RunTime:0.001000s ]
INFO: [ app_begin ] --START--
INFO: Run Behavior\ReadHtmlCacheBehavior [ RunTime:0.001000s ]
INFO: [ app_begin ] --END-- [ RunTime:0.001000s ]
SQL: SHOW COLUMNS FROM `ec_admininfo` [ RunTime:0.0060s ]
SQL: SHOW COLUMNS FROM `ec_lessonalone` [ RunTime:0.0130s ]
SQL: SELECT COUNT(*) AS tp_count FROM `ec_lessonalone` WHERE (  lesson_isable=1  ) LIMIT 1   [ RunTime:0.0040s ]
SQL: SELECT * FROM `ec_lessonalone` WHERE (  lesson_isable=1  ) ORDER BY lesson_sort desc,lesson_id desc LIMIT 0,15   [ RunTime:0.0110s ]
SQL: SHOW COLUMNS FROM `ec_course` [ RunTime:0.0050s ]
NOTIC: [8] Undefined variable: course_id D:\xampp\htdocs\jianyinew\Application\Admin\Controller\LessonaloneController.class.php 第 65 行.
INFO: [ view_parse ] --START--
INFO: [ template_filter ] --START--
INFO: Run Behavior\ContentReplaceBehavior [ RunTime:0.000000s ]
INFO: [ template_filter ] --END-- [ RunTime:0.000000s ]
NOTIC: [8] Undefined variable: lesson_name D:\xampp\htdocs\jianyinew\Application\Runtime\Cache\Admin\7b5ae2b8ab1d5314edf2ccdc5614c171.php 第 30 行.
NOTIC: [8] Undefined variable: lesson_ishot D:\xampp\htdocs\jianyinew\Application\Runtime\Cache\Admin\7b5ae2b8ab1d5314edf2ccdc5614c171.php 第 36 行.
NOTIC: [8] Undefined variable: lesson_ishot D:\xampp\htdocs\jianyinew\Application\Runtime\Cache\Admin\7b5ae2b8ab1d5314edf2ccdc5614c171.php 第 36 行.
INFO: Run Behavior\ParseTemplateBehavior [ RunTime:0.019000s ]
INFO: [ view_parse ] --END-- [ RunTime:0.019000s ]
INFO: [ view_filter ] --START--
INFO: Run Behavior\WriteHtmlCacheBehavior [ RunTime:0.001000s ]
INFO: [ view_filter ] --END-- [ RunTime:0.001000s ]
INFO: [ app_end ] --START--
INFO: Run Behavior\ShowPageTraceBehavior [ RunTime:0.001000s ]
INFO: [ app_end ] --END-- [ RunTime:0.001000s ]

[ 2017-11-27T15:01:25+08:00 ] 127.0.0.1 /index.php?m=Admin&c=buylesson&a=index
INFO: [ app_init ] --START--
INFO: Run Behavior\BuildLiteBehavior [ RunTime:0.000000s ]
INFO: [ app_init ] --END-- [ RunTime:0.000000s ]
INFO: [ app_begin ] --START--
INFO: Run Behavior\ReadHtmlCacheBehavior [ RunTime:0.001000s ]
INFO: [ app_begin ] --END-- [ RunTime:0.001000s ]
SQL: SHOW COLUMNS FROM `ec_admininfo` [ RunTime:0.0060s ]
SQL: SHOW COLUMNS FROM `ec_buyinfoalone` [ RunTime:0.0070s ]
SQL: SELECT COUNT(*) AS tp_count FROM `ec_buyinfoalone` left join ec_user on ec_user.user_id = ec_buyinfoalone.user_id left join ec_lessonalone on ec_lessonalone.lesson_id = ec_buyinfoalone.lesson_id  WHERE ( 1  ) LIMIT 1   [ RunTime:0.0050s ]
SQL: SELECT ec_buyinfoalone.*,ec_lessonalone.lesson_name,ec_user.nickname,ec_user.realname FROM `ec_buyinfoalone` left join ec_user on ec_user.user_id = ec_buyinfoalone.user_id left join ec_lessonalone on ec_lessonalone.lesson_id = ec_buyinfoalone.lesson_id  WHERE ( 1  ) ORDER BY ec_buyinfoalone.buy_id desc LIMIT 0,15   [ RunTime:0.0160s ]
SQL: SHOW COLUMNS FROM `ec_focusinfo` [ RunTime:0.0100s ]
INFO: [ view_parse ] --START--
INFO: [ template_filter ] --START--
INFO: Run Behavior\ContentReplaceBehavior [ RunTime:0.000000s ]
INFO: [ template_filter ] --END-- [ RunTime:0.000000s ]
NOTIC: [8] Undefined variable: nickname D:\xampp\htdocs\jianyinew\Application\Runtime\Cache\Admin\c1d7f204d7525bff236deb3f66b4572e.php 第 31 行.
NOTIC: [8] Undefined variable: starttime D:\xampp\htdocs\jianyinew\Application\Runtime\Cache\Admin\c1d7f204d7525bff236deb3f66b4572e.php 第 35 行.
NOTIC: [8] Undefined variable: endtime D:\xampp\htdocs\jianyinew\Application\Runtime\Cache\Admin\c1d7f204d7525bff236deb3f66b4572e.php 第 36 行.
NOTIC: [8] Undefined variable: buy_type D:\xampp\htdocs\jianyinew\Application\Runtime\Cache\Admin\c1d7f204d7525bff236deb3f66b4572e.php 第 42 行.
NOTIC: [8] Undefined variable: buy_type D:\xampp\htdocs\jianyinew\Application\Runtime\Cache\Admin\c1d7f204d7525bff236deb3f66b4572e.php 第 42 行.
NOTIC: [8] Undefined variable: buy_flag D:\xampp\htdocs\jianyinew\Application\Runtime\Cache\Admin\c1d7f204d7525bff236deb3f66b4572e.php 第 49 行.
NOTIC: [8] Undefined variable: buy_flag D:\xampp\htdocs\jianyinew\Application\Runtime\Cache\Admin\c1d7f204d7525bff236deb3f66b4572e.php 第 49 行.
INFO: Run Behavior\ParseTemplateBehavior [ RunTime:0.025000s ]
INFO: [ view_parse ] --END-- [ RunTime:0.025000s ]
INFO: [ view_filter ] --START--
INFO: Run Behavior\WriteHtmlCacheBehavior [ RunTime:0.000000s ]
INFO: [ view_filter ] --END-- [ RunTime:0.001000s ]
INFO: [ app_end ] --START--
INFO: Run Behavior\ShowPageTraceBehavior [ RunTime:0.000000s ]
INFO: [ app_end ] --END-- [ RunTime:0.000000s ]

[ 2017-11-27T15:01:26+08:00 ] 127.0.0.1 /index.php?m=Admin&c=lessonalone&a=index
INFO: [ app_init ] --START--
INFO: Run Behavior\BuildLiteBehavior [ RunTime:0.000000s ]
INFO: [ app_init ] --END-- [ RunTime:0.000000s ]
INFO: [ app_begin ] --START--
INFO: Run Behavior\ReadHtmlCacheBehavior [ RunTime:0.000000s ]
INFO: [ app_begin ] --END-- [ RunTime:0.000000s ]
SQL: SHOW COLUMNS FROM `ec_admininfo` [ RunTime:0.0120s ]
SQL: SHOW COLUMNS FROM `ec_lessonalone` [ RunTime:0.0110s ]
SQL: SELECT COUNT(*) AS tp_count FROM `ec_lessonalone` WHERE (  lesson_isable=1  ) LIMIT 1   [ RunTime:0.0050s ]
SQL: SELECT * FROM `ec_lessonalone` WHERE (  lesson_isable=1  ) ORDER BY lesson_sort desc,lesson_id desc LIMIT 0,15   [ RunTime:0.0060s ]
SQL: SHOW COLUMNS FROM `ec_course` [ RunTime:0.0070s ]
NOTIC: [8] Undefined variable: course_id D:\xampp\htdocs\jianyinew\Application\Admin\Controller\LessonaloneController.class.php 第 65 行.
INFO: [ view_parse ] --START--
INFO: [ template_filter ] --START--
INFO: Run Behavior\ContentReplaceBehavior [ RunTime:0.000000s ]
INFO: [ template_filter ] --END-- [ RunTime:0.000000s ]
NOTIC: [8] Undefined variable: lesson_name D:\xampp\htdocs\jianyinew\Application\Runtime\Cache\Admin\7b5ae2b8ab1d5314edf2ccdc5614c171.php 第 30 行.
NOTIC: [8] Undefined variable: lesson_ishot D:\xampp\htdocs\jianyinew\Application\Runtime\Cache\Admin\7b5ae2b8ab1d5314edf2ccdc5614c171.php 第 36 行.
NOTIC: [8] Undefined variable: lesson_ishot D:\xampp\htdocs\jianyinew\Application\Runtime\Cache\Admin\7b5ae2b8ab1d5314edf2ccdc5614c171.php 第 36 行.
INFO: Run Behavior\ParseTemplateBehavior [ RunTime:0.009000s ]
INFO: [ view_parse ] --END-- [ RunTime:0.009000s ]
INFO: [ view_filter ] --START--
INFO: Run Behavior\WriteHtmlCacheBehavior [ RunTime:0.001000s ]
INFO: [ view_filter ] --END-- [ RunTime:0.001000s ]
INFO: [ app_end ] --START--
INFO: Run Behavior\ShowPageTraceBehavior [ RunTime:0.001000s ]
INFO: [ app_end ] --END-- [ RunTime:0.001000s ]

[ 2017-11-27T15:01:27+08:00 ] 127.0.0.1 /index.php?m=Admin&c=commentalone&a=comment&lesson_id=30
INFO: [ app_init ] --START--
INFO: Run Behavior\BuildLiteBehavior [ RunTime:0.000000s ]
INFO: [ app_init ] --END-- [ RunTime:0.001000s ]
INFO: [ app_begin ] --START--
INFO: Run Behavior\ReadHtmlCacheBehavior [ RunTime:0.001000s ]
INFO: [ app_begin ] --END-- [ RunTime:0.001000s ]
ERR: 无法加载控制器:Commentalone

[ 2017-11-27T15:01:32+08:00 ] 127.0.0.1 /index.php?m=Admin&c=commentalone&a=comment&lesson_id=28
INFO: [ app_init ] --START--
INFO: Run Behavior\BuildLiteBehavior [ RunTime:0.000000s ]
INFO: [ app_init ] --END-- [ RunTime:0.000000s ]
INFO: [ app_begin ] --START--
INFO: Run Behavior\ReadHtmlCacheBehavior [ RunTime:0.000000s ]
INFO: [ app_begin ] --END-- [ RunTime:0.000000s ]
ERR: 无法加载控制器:Commentalone

