[ 2017-10-17T09:09:00+08:00 ] 192.168.2.2 /index.php?m=admin
INFO: [ app_init ] --START--
INFO: Run Behavior\BuildLiteBehavior [ RunTime:0.001001s ]
INFO: [ app_init ] --END-- [ RunTime:0.003001s ]
INFO: [ app_begin ] --START--
INFO: Run Behavior\ReadHtmlCacheBehavior [ RunTime:0.000000s ]
INFO: [ app_begin ] --END-- [ RunTime:0.001000s ]
ERR: SQLSTATE[HY000] [2002] 由于目标计算机积极拒绝，无法连接。


[ 2017-10-17T16:45:51+08:00 ] 192.168.2.130 /index.php?m=Admin&c=index&a=index
INFO: [ app_init ] --START--
INFO: Run Behavior\BuildLiteBehavior [ RunTime:0.000000s ]
INFO: [ app_init ] --END-- [ RunTime:0.001000s ]
INFO: [ app_begin ] --START--
INFO: Run Behavior\ReadHtmlCacheBehavior [ RunTime:0.000000s ]
INFO: [ app_begin ] --END-- [ RunTime:0.000000s ]
SQL: SHOW COLUMNS FROM `ec_admininfo` [ RunTime:0.0050s ]
INFO: [ view_parse ] --START--
INFO: [ template_filter ] --START--
INFO: Run Behavior\ContentReplaceBehavior [ RunTime:0.000000s ]
INFO: [ template_filter ] --END-- [ RunTime:0.000000s ]
INFO: Run Behavior\ParseTemplateBehavior [ RunTime:0.020001s ]
INFO: [ view_parse ] --END-- [ RunTime:0.020001s ]
INFO: [ view_filter ] --START--
INFO: Run Behavior\WriteHtmlCacheBehavior [ RunTime:0.000000s ]
INFO: [ view_filter ] --END-- [ RunTime:0.000000s ]

[ 2017-10-17T16:46:39+08:00 ] 192.168.2.130 /index.php?m=admin&c=index&a=index
INFO: [ app_init ] --START--
INFO: Run Behavior\BuildLiteBehavior [ RunTime:0.000000s ]
INFO: [ app_init ] --END-- [ RunTime:0.000000s ]
INFO: [ app_begin ] --START--
INFO: Run Behavior\ReadHtmlCacheBehavior [ RunTime:0.000000s ]
INFO: [ app_begin ] --END-- [ RunTime:0.000000s ]
SQL: SHOW COLUMNS FROM `ec_admininfo` [ RunTime:0.0000s ]
INFO: [ view_parse ] --START--
INFO: [ template_filter ] --START--
INFO: Run Behavior\ContentReplaceBehavior [ RunTime:0.000000s ]
INFO: [ template_filter ] --END-- [ RunTime:0.000000s ]
INFO: Run Behavior\ParseTemplateBehavior [ RunTime:0.000000s ]
INFO: [ view_parse ] --END-- [ RunTime:0.000000s ]
INFO: [ view_filter ] --START--
INFO: Run Behavior\WriteHtmlCacheBehavior [ RunTime:0.000000s ]
INFO: [ view_filter ] --END-- [ RunTime:0.000000s ]

[ 2017-10-17T16:46:41+08:00 ] 192.168.2.130 /index.php?m=Admin&c=login&a=login
INFO: [ app_init ] --START--
INFO: Run Behavior\BuildLiteBehavior [ RunTime:0.000000s ]
INFO: [ app_init ] --END-- [ RunTime:0.000000s ]
INFO: [ app_begin ] --START--
INFO: Run Behavior\ReadHtmlCacheBehavior [ RunTime:0.000000s ]
INFO: [ app_begin ] --END-- [ RunTime:0.000000s ]
INFO: [ view_parse ] --START--
INFO: [ template_filter ] --START--
INFO: Run Behavior\ContentReplaceBehavior [ RunTime:0.000000s ]
INFO: [ template_filter ] --END-- [ RunTime:0.000000s ]
INFO: Run Behavior\ParseTemplateBehavior [ RunTime:0.000000s ]
INFO: [ view_parse ] --END-- [ RunTime:0.000000s ]
INFO: [ view_filter ] --START--
INFO: Run Behavior\WriteHtmlCacheBehavior [ RunTime:0.000000s ]
INFO: [ view_filter ] --END-- [ RunTime:0.000000s ]
INFO: [ app_end ] --START--
INFO: Run Behavior\ShowPageTraceBehavior [ RunTime:0.000000s ]
INFO: [ app_end ] --END-- [ RunTime:0.000000s ]

[ 2017-10-17T16:46:45+08:00 ] 192.168.2.130 /index.php?m=Admin&c=login&a=login
INFO: [ app_init ] --START--
INFO: Run Behavior\BuildLiteBehavior [ RunTime:0.000000s ]
INFO: [ app_init ] --END-- [ RunTime:0.000000s ]
INFO: [ app_begin ] --START--
INFO: Run Behavior\ReadHtmlCacheBehavior [ RunTime:0.000000s ]
INFO: [ app_begin ] --END-- [ RunTime:0.000000s ]
SQL: SHOW COLUMNS FROM `ec_admininfo` [ RunTime:0.0156s ]
SQL: SELECT * FROM `ec_admininfo` WHERE ( username='admin' and isable=1 ) LIMIT 1   [ RunTime:0.0000s ]
INFO: [ view_parse ] --START--
INFO: [ template_filter ] --START--
INFO: Run Behavior\ContentReplaceBehavior [ RunTime:0.000000s ]
INFO: [ template_filter ] --END-- [ RunTime:0.000000s ]
INFO: Run Behavior\ParseTemplateBehavior [ RunTime:0.000000s ]
INFO: [ view_parse ] --END-- [ RunTime:0.000000s ]
INFO: [ view_filter ] --START--
INFO: Run Behavior\WriteHtmlCacheBehavior [ RunTime:0.000000s ]
INFO: [ view_filter ] --END-- [ RunTime:0.000000s ]
INFO: [ app_end ] --START--
INFO: Run Behavior\ShowPageTraceBehavior [ RunTime:0.000000s ]
INFO: [ app_end ] --END-- [ RunTime:0.000000s ]

[ 2017-10-17T16:46:46+08:00 ] 192.168.2.130 /index.php?m=Admin&c=index&a=index
INFO: [ app_init ] --START--
INFO: Run Behavior\BuildLiteBehavior [ RunTime:0.000000s ]
INFO: [ app_init ] --END-- [ RunTime:0.000000s ]
INFO: [ app_begin ] --START--
INFO: Run Behavior\ReadHtmlCacheBehavior [ RunTime:0.000000s ]
INFO: [ app_begin ] --END-- [ RunTime:0.000000s ]
SQL: SHOW COLUMNS FROM `ec_admininfo` [ RunTime:0.0156s ]
INFO: [ view_parse ] --START--
INFO: [ template_filter ] --START--
INFO: Run Behavior\ContentReplaceBehavior [ RunTime:0.000000s ]
INFO: [ template_filter ] --END-- [ RunTime:0.000000s ]
INFO: Run Behavior\ParseTemplateBehavior [ RunTime:0.000000s ]
INFO: [ view_parse ] --END-- [ RunTime:0.000000s ]
INFO: [ view_filter ] --START--
INFO: Run Behavior\WriteHtmlCacheBehavior [ RunTime:0.000000s ]
INFO: [ view_filter ] --END-- [ RunTime:0.000000s ]
INFO: [ app_end ] --START--
INFO: Run Behavior\ShowPageTraceBehavior [ RunTime:0.000000s ]
INFO: [ app_end ] --END-- [ RunTime:0.000000s ]

[ 2017-10-17T16:46:46+08:00 ] 192.168.2.130 /index.php?m=Admin&c=index&a=left
INFO: [ app_init ] --START--
INFO: Run Behavior\BuildLiteBehavior [ RunTime:0.000000s ]
INFO: [ app_init ] --END-- [ RunTime:0.000000s ]
INFO: [ app_begin ] --START--
INFO: Run Behavior\ReadHtmlCacheBehavior [ RunTime:0.000000s ]
INFO: [ app_begin ] --END-- [ RunTime:0.000000s ]
SQL: SHOW COLUMNS FROM `ec_admininfo` [ RunTime:0.0000s ]
SQL: SHOW COLUMNS FROM `ec_adminmenu` [ RunTime:0.0156s ]
SQL: SELECT * FROM `ec_adminmenu` WHERE ( menu_fatherid=0 and menu_type=1 and menu_id in (1,34,36,53,37,38,67,17,18,19,20,30,31,32,33,57,65,66,7,8,9,10,60,61,63,64,68,69,2,3,22,24,43,44,46,48,51,52,55,45,49,50,54,62) ) ORDER BY sort desc,menu_id asc  [ RunTime:0.0000s ]
SQL: SELECT * FROM `ec_adminmenu` WHERE ( menu_fatherid=1 and menu_type=1  and menu_id in (1,34,36,53,37,38,67,17,18,19,20,30,31,32,33,57,65,66,7,8,9,10,60,61,63,64,68,69,2,3,22,24,43,44,46,48,51,52,55,45,49,50,54,62) ) ORDER BY sort desc,menu_id asc  [ RunTime:0.0000s ]
SQL: SELECT * FROM `ec_adminmenu` WHERE ( menu_fatherid=34 and menu_type=1  and menu_id in (1,34,36,53,37,38,67,17,18,19,20,30,31,32,33,57,65,66,7,8,9,10,60,61,63,64,68,69,2,3,22,24,43,44,46,48,51,52,55,45,49,50,54,62) ) ORDER BY sort desc,menu_id asc  [ RunTime:0.0156s ]
SQL: SELECT * FROM `ec_adminmenu` WHERE ( menu_fatherid=17 and menu_type=1  and menu_id in (1,34,36,53,37,38,67,17,18,19,20,30,31,32,33,57,65,66,7,8,9,10,60,61,63,64,68,69,2,3,22,24,43,44,46,48,51,52,55,45,49,50,54,62) ) ORDER BY sort desc,menu_id asc  [ RunTime:0.0000s ]
SQL: SELECT * FROM `ec_adminmenu` WHERE ( menu_fatherid=7 and menu_type=1  and menu_id in (1,34,36,53,37,38,67,17,18,19,20,30,31,32,33,57,65,66,7,8,9,10,60,61,63,64,68,69,2,3,22,24,43,44,46,48,51,52,55,45,49,50,54,62) ) ORDER BY sort desc,menu_id asc  [ RunTime:0.0000s ]
SQL: SELECT * FROM `ec_adminmenu` WHERE ( menu_fatherid=2 and menu_type=1  and menu_id in (1,34,36,53,37,38,67,17,18,19,20,30,31,32,33,57,65,66,7,8,9,10,60,61,63,64,68,69,2,3,22,24,43,44,46,48,51,52,55,45,49,50,54,62) ) ORDER BY sort desc,menu_id asc  [ RunTime:0.0000s ]
SQL: SELECT * FROM `ec_adminmenu` WHERE ( menu_fatherid=43 and menu_type=1  and menu_id in (1,34,36,53,37,38,67,17,18,19,20,30,31,32,33,57,65,66,7,8,9,10,60,61,63,64,68,69,2,3,22,24,43,44,46,48,51,52,55,45,49,50,54,62) ) ORDER BY sort desc,menu_id asc  [ RunTime:0.0000s ]
SQL: SELECT * FROM `ec_adminmenu` WHERE ( menu_fatherid=44 and menu_type=1  and menu_id in (1,34,36,53,37,38,67,17,18,19,20,30,31,32,33,57,65,66,7,8,9,10,60,61,63,64,68,69,2,3,22,24,43,44,46,48,51,52,55,45,49,50,54,62) ) ORDER BY sort desc,menu_id asc  [ RunTime:0.0156s ]
SQL: SELECT * FROM `ec_adminmenu` WHERE ( menu_fatherid=45 and menu_type=1  and menu_id in (1,34,36,53,37,38,67,17,18,19,20,30,31,32,33,57,65,66,7,8,9,10,60,61,63,64,68,69,2,3,22,24,43,44,46,48,51,52,55,45,49,50,54,62) ) ORDER BY sort desc,menu_id asc  [ RunTime:0.0000s ]
INFO: [ view_parse ] --START--
INFO: [ template_filter ] --START--
INFO: Run Behavior\ContentReplaceBehavior [ RunTime:0.000000s ]
INFO: [ template_filter ] --END-- [ RunTime:0.000000s ]
INFO: Run Behavior\ParseTemplateBehavior [ RunTime:0.000000s ]
INFO: [ view_parse ] --END-- [ RunTime:0.000000s ]
INFO: [ view_filter ] --START--
INFO: Run Behavior\WriteHtmlCacheBehavior [ RunTime:0.000000s ]
INFO: [ view_filter ] --END-- [ RunTime:0.000000s ]
INFO: [ app_end ] --START--
INFO: Run Behavior\ShowPageTraceBehavior [ RunTime:0.000000s ]
INFO: [ app_end ] --END-- [ RunTime:0.000000s ]

[ 2017-10-17T16:46:46+08:00 ] 192.168.2.130 /index.php?m=Admin&c=index&a=welcome
INFO: [ app_init ] --START--
INFO: Run Behavior\BuildLiteBehavior [ RunTime:0.000000s ]
INFO: [ app_init ] --END-- [ RunTime:0.000000s ]
INFO: [ app_begin ] --START--
INFO: Run Behavior\ReadHtmlCacheBehavior [ RunTime:0.000000s ]
INFO: [ app_begin ] --END-- [ RunTime:0.000000s ]
SQL: SHOW COLUMNS FROM `ec_admininfo` [ RunTime:0.0312s ]
SQL: SHOW COLUMNS FROM `ec_user` [ RunTime:0.0000s ]
SQL: SELECT COUNT(*) AS tp_count FROM `ec_user` WHERE ( 1 ) LIMIT 1   [ RunTime:0.0000s ]
SQL: SELECT COUNT(*) AS tp_count FROM `ec_user` WHERE ( vip!=0 ) LIMIT 1   [ RunTime:0.0156s ]
SQL: SHOW COLUMNS FROM `ec_buyinfo` [ RunTime:0.0000s ]
SQL: SELECT SUM(buy_money) AS tp_sum FROM `ec_buyinfo` WHERE ( buy_flag=2 ) LIMIT 1   [ RunTime:0.0000s ]
SQL: SHOW COLUMNS FROM `ec_payinfo` [ RunTime:0.0156s ]
SQL: SELECT SUM(pay_money) AS tp_sum FROM `ec_payinfo` WHERE ( pay_flag=2 ) LIMIT 1   [ RunTime:0.0000s ]
SQL: SHOW COLUMNS FROM `ec_moneyinfo` [ RunTime:0.0000s ]
SQL: SELECT SUM(money_money) AS tp_sum FROM `ec_moneyinfo` WHERE ( 1 ) LIMIT 1   [ RunTime:0.0000s ]
INFO: [ view_parse ] --START--
INFO: [ template_filter ] --START--
INFO: Run Behavior\ContentReplaceBehavior [ RunTime:0.000000s ]
INFO: [ template_filter ] --END-- [ RunTime:0.000000s ]
INFO: Run Behavior\ParseTemplateBehavior [ RunTime:0.015600s ]
INFO: [ view_parse ] --END-- [ RunTime:0.015600s ]
INFO: [ view_filter ] --START--
INFO: Run Behavior\WriteHtmlCacheBehavior [ RunTime:0.000000s ]
INFO: [ view_filter ] --END-- [ RunTime:0.000000s ]
INFO: [ app_end ] --START--
INFO: Run Behavior\ShowPageTraceBehavior [ RunTime:0.000000s ]
INFO: [ app_end ] --END-- [ RunTime:0.000000s ]

[ 2017-10-17T16:46:46+08:00 ] 192.168.2.130 /index.php?m=Admin&c=index&a=top
INFO: [ app_init ] --START--
INFO: Run Behavior\BuildLiteBehavior [ RunTime:0.000000s ]
INFO: [ app_init ] --END-- [ RunTime:0.000000s ]
INFO: [ app_begin ] --START--
INFO: Run Behavior\ReadHtmlCacheBehavior [ RunTime:0.000000s ]
INFO: [ app_begin ] --END-- [ RunTime:0.000000s ]
SQL: SHOW COLUMNS FROM `ec_admininfo` [ RunTime:0.0000s ]
INFO: [ view_parse ] --START--
INFO: [ template_filter ] --START--
INFO: Run Behavior\ContentReplaceBehavior [ RunTime:0.000000s ]
INFO: [ template_filter ] --END-- [ RunTime:0.000000s ]
INFO: Run Behavior\ParseTemplateBehavior [ RunTime:0.000000s ]
INFO: [ view_parse ] --END-- [ RunTime:0.000000s ]
INFO: [ view_filter ] --START--
INFO: Run Behavior\WriteHtmlCacheBehavior [ RunTime:0.000000s ]
INFO: [ view_filter ] --END-- [ RunTime:0.000000s ]
INFO: [ app_end ] --START--
INFO: Run Behavior\ShowPageTraceBehavior [ RunTime:0.000000s ]
INFO: [ app_end ] --END-- [ RunTime:0.000000s ]

[ 2017-10-17T16:46:46+08:00 ] 192.168.2.130 /index.php?m=Admin&c=index&a=bottom
INFO: [ app_init ] --START--
INFO: Run Behavior\BuildLiteBehavior [ RunTime:0.000000s ]
INFO: [ app_init ] --END-- [ RunTime:0.000000s ]
INFO: [ app_begin ] --START--
INFO: Run Behavior\ReadHtmlCacheBehavior [ RunTime:0.000000s ]
INFO: [ app_begin ] --END-- [ RunTime:0.000000s ]
SQL: SHOW COLUMNS FROM `ec_admininfo` [ RunTime:0.0000s ]
INFO: [ view_parse ] --START--
INFO: [ template_filter ] --START--
INFO: Run Behavior\ContentReplaceBehavior [ RunTime:0.000000s ]
INFO: [ template_filter ] --END-- [ RunTime:0.000000s ]
INFO: Run Behavior\ParseTemplateBehavior [ RunTime:0.015600s ]
INFO: [ view_parse ] --END-- [ RunTime:0.015600s ]
INFO: [ view_filter ] --START--
INFO: Run Behavior\WriteHtmlCacheBehavior [ RunTime:0.000000s ]
INFO: [ view_filter ] --END-- [ RunTime:0.000000s ]
INFO: [ app_end ] --START--
INFO: Run Behavior\ShowPageTraceBehavior [ RunTime:0.000000s ]
INFO: [ app_end ] --END-- [ RunTime:0.000000s ]

[ 2017-10-17T16:47:13+08:00 ] 192.168.2.130 /index.php?m=Admin&c=index&a=index
INFO: [ app_init ] --START--
INFO: Run Behavior\BuildLiteBehavior [ RunTime:0.000000s ]
INFO: [ app_init ] --END-- [ RunTime:0.000000s ]
INFO: [ app_begin ] --START--
INFO: Run Behavior\ReadHtmlCacheBehavior [ RunTime:0.015600s ]
INFO: [ app_begin ] --END-- [ RunTime:0.015600s ]
SQL: SHOW COLUMNS FROM `ec_admininfo` [ RunTime:0.0156s ]
INFO: [ view_parse ] --START--
INFO: [ template_filter ] --START--
INFO: Run Behavior\ContentReplaceBehavior [ RunTime:0.000000s ]
INFO: [ template_filter ] --END-- [ RunTime:0.000000s ]
INFO: Run Behavior\ParseTemplateBehavior [ RunTime:0.000000s ]
INFO: [ view_parse ] --END-- [ RunTime:0.000000s ]
INFO: [ view_filter ] --START--
INFO: Run Behavior\WriteHtmlCacheBehavior [ RunTime:0.000000s ]
INFO: [ view_filter ] --END-- [ RunTime:0.000000s ]
INFO: [ app_end ] --START--
INFO: Run Behavior\ShowPageTraceBehavior [ RunTime:0.000000s ]
INFO: [ app_end ] --END-- [ RunTime:0.000000s ]

[ 2017-10-17T16:47:14+08:00 ] 192.168.2.130 /index.php?m=Admin&c=index&a=left
INFO: [ app_init ] --START--
INFO: Run Behavior\BuildLiteBehavior [ RunTime:0.000000s ]
INFO: [ app_init ] --END-- [ RunTime:0.000000s ]
INFO: [ app_begin ] --START--
INFO: Run Behavior\ReadHtmlCacheBehavior [ RunTime:0.000000s ]
INFO: [ app_begin ] --END-- [ RunTime:0.000000s ]
SQL: SHOW COLUMNS FROM `ec_admininfo` [ RunTime:0.0000s ]
SQL: SHOW COLUMNS FROM `ec_adminmenu` [ RunTime:0.0156s ]
SQL: SELECT * FROM `ec_adminmenu` WHERE ( menu_fatherid=0 and menu_type=1 and menu_id in (1,34,36,53,37,38,67,17,18,19,20,30,31,32,33,57,65,66,7,8,9,10,60,61,63,64,68,69,2,3,22,24,43,44,46,48,51,52,55,45,49,50,54,62) ) ORDER BY sort desc,menu_id asc  [ RunTime:0.0000s ]
SQL: SELECT * FROM `ec_adminmenu` WHERE ( menu_fatherid=1 and menu_type=1  and menu_id in (1,34,36,53,37,38,67,17,18,19,20,30,31,32,33,57,65,66,7,8,9,10,60,61,63,64,68,69,2,3,22,24,43,44,46,48,51,52,55,45,49,50,54,62) ) ORDER BY sort desc,menu_id asc  [ RunTime:0.0000s ]
SQL: SELECT * FROM `ec_adminmenu` WHERE ( menu_fatherid=34 and menu_type=1  and menu_id in (1,34,36,53,37,38,67,17,18,19,20,30,31,32,33,57,65,66,7,8,9,10,60,61,63,64,68,69,2,3,22,24,43,44,46,48,51,52,55,45,49,50,54,62) ) ORDER BY sort desc,menu_id asc  [ RunTime:0.0000s ]
SQL: SELECT * FROM `ec_adminmenu` WHERE ( menu_fatherid=17 and menu_type=1  and menu_id in (1,34,36,53,37,38,67,17,18,19,20,30,31,32,33,57,65,66,7,8,9,10,60,61,63,64,68,69,2,3,22,24,43,44,46,48,51,52,55,45,49,50,54,62) ) ORDER BY sort desc,menu_id asc  [ RunTime:0.0156s ]
SQL: SELECT * FROM `ec_adminmenu` WHERE ( menu_fatherid=7 and menu_type=1  and menu_id in (1,34,36,53,37,38,67,17,18,19,20,30,31,32,33,57,65,66,7,8,9,10,60,61,63,64,68,69,2,3,22,24,43,44,46,48,51,52,55,45,49,50,54,62) ) ORDER BY sort desc,menu_id asc  [ RunTime:0.0000s ]
SQL: SELECT * FROM `ec_adminmenu` WHERE ( menu_fatherid=2 and menu_type=1  and menu_id in (1,34,36,53,37,38,67,17,18,19,20,30,31,32,33,57,65,66,7,8,9,10,60,61,63,64,68,69,2,3,22,24,43,44,46,48,51,52,55,45,49,50,54,62) ) ORDER BY sort desc,menu_id asc  [ RunTime:0.0000s ]
SQL: SELECT * FROM `ec_adminmenu` WHERE ( menu_fatherid=43 and menu_type=1  and menu_id in (1,34,36,53,37,38,67,17,18,19,20,30,31,32,33,57,65,66,7,8,9,10,60,61,63,64,68,69,2,3,22,24,43,44,46,48,51,52,55,45,49,50,54,62) ) ORDER BY sort desc,menu_id asc  [ RunTime:0.0156s ]
SQL: SELECT * FROM `ec_adminmenu` WHERE ( menu_fatherid=44 and menu_type=1  and menu_id in (1,34,36,53,37,38,67,17,18,19,20,30,31,32,33,57,65,66,7,8,9,10,60,61,63,64,68,69,2,3,22,24,43,44,46,48,51,52,55,45,49,50,54,62) ) ORDER BY sort desc,menu_id asc  [ RunTime:0.0000s ]
SQL: SELECT * FROM `ec_adminmenu` WHERE ( menu_fatherid=45 and menu_type=1  and menu_id in (1,34,36,53,37,38,67,17,18,19,20,30,31,32,33,57,65,66,7,8,9,10,60,61,63,64,68,69,2,3,22,24,43,44,46,48,51,52,55,45,49,50,54,62) ) ORDER BY sort desc,menu_id asc  [ RunTime:0.0156s ]
INFO: [ view_parse ] --START--
INFO: [ template_filter ] --START--
INFO: Run Behavior\ContentReplaceBehavior [ RunTime:0.000000s ]
INFO: [ template_filter ] --END-- [ RunTime:0.000000s ]
INFO: Run Behavior\ParseTemplateBehavior [ RunTime:0.000000s ]
INFO: [ view_parse ] --END-- [ RunTime:0.000000s ]
INFO: [ view_filter ] --START--
INFO: Run Behavior\WriteHtmlCacheBehavior [ RunTime:0.000000s ]
INFO: [ view_filter ] --END-- [ RunTime:0.000000s ]
INFO: [ app_end ] --START--
INFO: Run Behavior\ShowPageTraceBehavior [ RunTime:0.000000s ]
INFO: [ app_end ] --END-- [ RunTime:0.000000s ]

[ 2017-10-17T16:47:14+08:00 ] 192.168.2.130 /index.php?m=Admin&c=index&a=top
INFO: [ app_init ] --START--
INFO: Run Behavior\BuildLiteBehavior [ RunTime:0.000000s ]
INFO: [ app_init ] --END-- [ RunTime:0.000000s ]
INFO: [ app_begin ] --START--
INFO: Run Behavior\ReadHtmlCacheBehavior [ RunTime:0.000000s ]
INFO: [ app_begin ] --END-- [ RunTime:0.000000s ]
SQL: SHOW COLUMNS FROM `ec_admininfo` [ RunTime:0.0000s ]
INFO: [ view_parse ] --START--
INFO: [ template_filter ] --START--
INFO: Run Behavior\ContentReplaceBehavior [ RunTime:0.000000s ]
INFO: [ template_filter ] --END-- [ RunTime:0.000000s ]
INFO: Run Behavior\ParseTemplateBehavior [ RunTime:0.015600s ]
INFO: [ view_parse ] --END-- [ RunTime:0.015600s ]
INFO: [ view_filter ] --START--
INFO: Run Behavior\WriteHtmlCacheBehavior [ RunTime:0.000000s ]
INFO: [ view_filter ] --END-- [ RunTime:0.000000s ]
INFO: [ app_end ] --START--
INFO: Run Behavior\ShowPageTraceBehavior [ RunTime:0.000000s ]
INFO: [ app_end ] --END-- [ RunTime:0.000000s ]

[ 2017-10-17T16:47:14+08:00 ] 192.168.2.130 /index.php?m=Admin&c=index&a=welcome
INFO: [ app_init ] --START--
INFO: Run Behavior\BuildLiteBehavior [ RunTime:0.000000s ]
INFO: [ app_init ] --END-- [ RunTime:0.000000s ]
INFO: [ app_begin ] --START--
INFO: Run Behavior\ReadHtmlCacheBehavior [ RunTime:0.000000s ]
INFO: [ app_begin ] --END-- [ RunTime:0.000000s ]
SQL: SHOW COLUMNS FROM `ec_admininfo` [ RunTime:0.0000s ]
SQL: SHOW COLUMNS FROM `ec_user` [ RunTime:0.0000s ]
SQL: SELECT COUNT(*) AS tp_count FROM `ec_user` WHERE ( 1 ) LIMIT 1   [ RunTime:0.0156s ]
SQL: SELECT COUNT(*) AS tp_count FROM `ec_user` WHERE ( vip!=0 ) LIMIT 1   [ RunTime:0.0000s ]
SQL: SHOW COLUMNS FROM `ec_buyinfo` [ RunTime:0.0000s ]
SQL: SELECT SUM(buy_money) AS tp_sum FROM `ec_buyinfo` WHERE ( buy_flag=2 ) LIMIT 1   [ RunTime:0.0000s ]
SQL: SHOW COLUMNS FROM `ec_payinfo` [ RunTime:0.0156s ]
SQL: SELECT SUM(pay_money) AS tp_sum FROM `ec_payinfo` WHERE ( pay_flag=2 ) LIMIT 1   [ RunTime:0.0000s ]
SQL: SHOW COLUMNS FROM `ec_moneyinfo` [ RunTime:0.0000s ]
SQL: SELECT SUM(money_money) AS tp_sum FROM `ec_moneyinfo` WHERE ( 1 ) LIMIT 1   [ RunTime:0.0000s ]
INFO: [ view_parse ] --START--
INFO: [ template_filter ] --START--
INFO: Run Behavior\ContentReplaceBehavior [ RunTime:0.000000s ]
INFO: [ template_filter ] --END-- [ RunTime:0.000000s ]
INFO: Run Behavior\ParseTemplateBehavior [ RunTime:0.015600s ]
INFO: [ view_parse ] --END-- [ RunTime:0.015600s ]
INFO: [ view_filter ] --START--
INFO: Run Behavior\WriteHtmlCacheBehavior [ RunTime:0.000000s ]
INFO: [ view_filter ] --END-- [ RunTime:0.000000s ]
INFO: [ app_end ] --START--
INFO: Run Behavior\ShowPageTraceBehavior [ RunTime:0.000000s ]
INFO: [ app_end ] --END-- [ RunTime:0.000000s ]

[ 2017-10-17T16:47:14+08:00 ] 192.168.2.130 /index.php?m=Admin&c=index&a=bottom
INFO: [ app_init ] --START--
INFO: Run Behavior\BuildLiteBehavior [ RunTime:0.000000s ]
INFO: [ app_init ] --END-- [ RunTime:0.000000s ]
INFO: [ app_begin ] --START--
INFO: Run Behavior\ReadHtmlCacheBehavior [ RunTime:0.000000s ]
INFO: [ app_begin ] --END-- [ RunTime:0.000000s ]
SQL: SHOW COLUMNS FROM `ec_admininfo` [ RunTime:0.0156s ]
INFO: [ view_parse ] --START--
INFO: [ template_filter ] --START--
INFO: Run Behavior\ContentReplaceBehavior [ RunTime:0.000000s ]
INFO: [ template_filter ] --END-- [ RunTime:0.000000s ]
INFO: Run Behavior\ParseTemplateBehavior [ RunTime:0.000000s ]
INFO: [ view_parse ] --END-- [ RunTime:0.000000s ]
INFO: [ view_filter ] --START--
INFO: Run Behavior\WriteHtmlCacheBehavior [ RunTime:0.000000s ]
INFO: [ view_filter ] --END-- [ RunTime:0.000000s ]
INFO: [ app_end ] --START--
INFO: Run Behavior\ShowPageTraceBehavior [ RunTime:0.000000s ]
INFO: [ app_end ] --END-- [ RunTime:0.000000s ]

[ 2017-10-17T16:47:20+08:00 ] 192.168.2.130 /index.php?m=Admin&c=index&a=index
INFO: [ app_init ] --START--
INFO: Run Behavior\BuildLiteBehavior [ RunTime:0.000000s ]
INFO: [ app_init ] --END-- [ RunTime:0.000000s ]
INFO: [ app_begin ] --START--
INFO: Run Behavior\ReadHtmlCacheBehavior [ RunTime:0.000000s ]
INFO: [ app_begin ] --END-- [ RunTime:0.000000s ]
SQL: SHOW COLUMNS FROM `ec_admininfo` [ RunTime:0.0000s ]
INFO: [ view_parse ] --START--
INFO: [ template_filter ] --START--
INFO: Run Behavior\ContentReplaceBehavior [ RunTime:0.000000s ]
INFO: [ template_filter ] --END-- [ RunTime:0.000000s ]
INFO: Run Behavior\ParseTemplateBehavior [ RunTime:0.015600s ]
INFO: [ view_parse ] --END-- [ RunTime:0.015600s ]
INFO: [ view_filter ] --START--
INFO: Run Behavior\WriteHtmlCacheBehavior [ RunTime:0.000000s ]
INFO: [ view_filter ] --END-- [ RunTime:0.000000s ]
INFO: [ app_end ] --START--
INFO: Run Behavior\ShowPageTraceBehavior [ RunTime:0.000000s ]
INFO: [ app_end ] --END-- [ RunTime:0.000000s ]

[ 2017-10-17T16:47:20+08:00 ] 192.168.2.130 /index.php?m=Admin&c=index&a=left
INFO: [ app_init ] --START--
INFO: Run Behavior\BuildLiteBehavior [ RunTime:0.000000s ]
INFO: [ app_init ] --END-- [ RunTime:0.000000s ]
INFO: [ app_begin ] --START--
INFO: Run Behavior\ReadHtmlCacheBehavior [ RunTime:0.000000s ]
INFO: [ app_begin ] --END-- [ RunTime:0.000000s ]
SQL: SHOW COLUMNS FROM `ec_admininfo` [ RunTime:0.0000s ]
SQL: SHOW COLUMNS FROM `ec_adminmenu` [ RunTime:0.0000s ]
SQL: SELECT * FROM `ec_adminmenu` WHERE ( menu_fatherid=0 and menu_type=1 and menu_id in (1,34,36,53,37,38,67,17,18,19,20,30,31,32,33,57,65,66,7,8,9,10,60,61,63,64,68,69,2,3,22,24,43,44,46,48,51,52,55,45,49,50,54,62) ) ORDER BY sort desc,menu_id asc  [ RunTime:0.0000s ]
SQL: SELECT * FROM `ec_adminmenu` WHERE ( menu_fatherid=1 and menu_type=1  and menu_id in (1,34,36,53,37,38,67,17,18,19,20,30,31,32,33,57,65,66,7,8,9,10,60,61,63,64,68,69,2,3,22,24,43,44,46,48,51,52,55,45,49,50,54,62) ) ORDER BY sort desc,menu_id asc  [ RunTime:0.0156s ]
SQL: SELECT * FROM `ec_adminmenu` WHERE ( menu_fatherid=34 and menu_type=1  and menu_id in (1,34,36,53,37,38,67,17,18,19,20,30,31,32,33,57,65,66,7,8,9,10,60,61,63,64,68,69,2,3,22,24,43,44,46,48,51,52,55,45,49,50,54,62) ) ORDER BY sort desc,menu_id asc  [ RunTime:0.0000s ]
SQL: SELECT * FROM `ec_adminmenu` WHERE ( menu_fatherid=17 and menu_type=1  and menu_id in (1,34,36,53,37,38,67,17,18,19,20,30,31,32,33,57,65,66,7,8,9,10,60,61,63,64,68,69,2,3,22,24,43,44,46,48,51,52,55,45,49,50,54,62) ) ORDER BY sort desc,menu_id asc  [ RunTime:0.0000s ]
SQL: SELECT * FROM `ec_adminmenu` WHERE ( menu_fatherid=7 and menu_type=1  and menu_id in (1,34,36,53,37,38,67,17,18,19,20,30,31,32,33,57,65,66,7,8,9,10,60,61,63,64,68,69,2,3,22,24,43,44,46,48,51,52,55,45,49,50,54,62) ) ORDER BY sort desc,menu_id asc  [ RunTime:0.0000s ]
SQL: SELECT * FROM `ec_adminmenu` WHERE ( menu_fatherid=2 and menu_type=1  and menu_id in (1,34,36,53,37,38,67,17,18,19,20,30,31,32,33,57,65,66,7,8,9,10,60,61,63,64,68,69,2,3,22,24,43,44,46,48,51,52,55,45,49,50,54,62) ) ORDER BY sort desc,menu_id asc  [ RunTime:0.0156s ]
SQL: SELECT * FROM `ec_adminmenu` WHERE ( menu_fatherid=43 and menu_type=1  and menu_id in (1,34,36,53,37,38,67,17,18,19,20,30,31,32,33,57,65,66,7,8,9,10,60,61,63,64,68,69,2,3,22,24,43,44,46,48,51,52,55,45,49,50,54,62) ) ORDER BY sort desc,menu_id asc  [ RunTime:0.0000s ]
SQL: SELECT * FROM `ec_adminmenu` WHERE ( menu_fatherid=44 and menu_type=1  and menu_id in (1,34,36,53,37,38,67,17,18,19,20,30,31,32,33,57,65,66,7,8,9,10,60,61,63,64,68,69,2,3,22,24,43,44,46,48,51,52,55,45,49,50,54,62) ) ORDER BY sort desc,menu_id asc  [ RunTime:0.0156s ]
SQL: SELECT * FROM `ec_adminmenu` WHERE ( menu_fatherid=45 and menu_type=1  and menu_id in (1,34,36,53,37,38,67,17,18,19,20,30,31,32,33,57,65,66,7,8,9,10,60,61,63,64,68,69,2,3,22,24,43,44,46,48,51,52,55,45,49,50,54,62) ) ORDER BY sort desc,menu_id asc  [ RunTime:0.0000s ]
INFO: [ view_parse ] --START--
INFO: [ template_filter ] --START--
INFO: Run Behavior\ContentReplaceBehavior [ RunTime:0.000000s ]
INFO: [ template_filter ] --END-- [ RunTime:0.000000s ]
INFO: Run Behavior\ParseTemplateBehavior [ RunTime:0.000000s ]
INFO: [ view_parse ] --END-- [ RunTime:0.000000s ]
INFO: [ view_filter ] --START--
INFO: Run Behavior\WriteHtmlCacheBehavior [ RunTime:0.000000s ]
INFO: [ view_filter ] --END-- [ RunTime:0.000000s ]
INFO: [ app_end ] --START--
INFO: Run Behavior\ShowPageTraceBehavior [ RunTime:0.000000s ]
INFO: [ app_end ] --END-- [ RunTime:0.000000s ]

[ 2017-10-17T16:47:20+08:00 ] 192.168.2.130 /index.php?m=Admin&c=index&a=top
INFO: [ app_init ] --START--
INFO: Run Behavior\BuildLiteBehavior [ RunTime:0.000000s ]
INFO: [ app_init ] --END-- [ RunTime:0.000000s ]
INFO: [ app_begin ] --START--
INFO: Run Behavior\ReadHtmlCacheBehavior [ RunTime:0.000000s ]
INFO: [ app_begin ] --END-- [ RunTime:0.000000s ]
SQL: SHOW COLUMNS FROM `ec_admininfo` [ RunTime:0.0000s ]
INFO: [ view_parse ] --START--
INFO: [ template_filter ] --START--
INFO: Run Behavior\ContentReplaceBehavior [ RunTime:0.000000s ]
INFO: [ template_filter ] --END-- [ RunTime:0.000000s ]
INFO: Run Behavior\ParseTemplateBehavior [ RunTime:0.015600s ]
INFO: [ view_parse ] --END-- [ RunTime:0.015600s ]
INFO: [ view_filter ] --START--
INFO: Run Behavior\WriteHtmlCacheBehavior [ RunTime:0.000000s ]
INFO: [ view_filter ] --END-- [ RunTime:0.000000s ]
INFO: [ app_end ] --START--
INFO: Run Behavior\ShowPageTraceBehavior [ RunTime:0.000000s ]
INFO: [ app_end ] --END-- [ RunTime:0.000000s ]

[ 2017-10-17T16:47:20+08:00 ] 192.168.2.130 /index.php?m=Admin&c=index&a=welcome
INFO: [ app_init ] --START--
INFO: Run Behavior\BuildLiteBehavior [ RunTime:0.000000s ]
INFO: [ app_init ] --END-- [ RunTime:0.000000s ]
INFO: [ app_begin ] --START--
INFO: Run Behavior\ReadHtmlCacheBehavior [ RunTime:0.000000s ]
INFO: [ app_begin ] --END-- [ RunTime:0.000000s ]
SQL: SHOW COLUMNS FROM `ec_admininfo` [ RunTime:0.0000s ]
SQL: SHOW COLUMNS FROM `ec_user` [ RunTime:0.0156s ]
SQL: SELECT COUNT(*) AS tp_count FROM `ec_user` WHERE ( 1 ) LIMIT 1   [ RunTime:0.0312s ]
SQL: SELECT COUNT(*) AS tp_count FROM `ec_user` WHERE ( vip!=0 ) LIMIT 1   [ RunTime:0.0000s ]
SQL: SHOW COLUMNS FROM `ec_buyinfo` [ RunTime:0.0156s ]
SQL: SELECT SUM(buy_money) AS tp_sum FROM `ec_buyinfo` WHERE ( buy_flag=2 ) LIMIT 1   [ RunTime:0.0000s ]
SQL: SHOW COLUMNS FROM `ec_payinfo` [ RunTime:0.0000s ]
SQL: SELECT SUM(pay_money) AS tp_sum FROM `ec_payinfo` WHERE ( pay_flag=2 ) LIMIT 1   [ RunTime:0.0156s ]
SQL: SHOW COLUMNS FROM `ec_moneyinfo` [ RunTime:0.0000s ]
SQL: SELECT SUM(money_money) AS tp_sum FROM `ec_moneyinfo` WHERE ( 1 ) LIMIT 1   [ RunTime:0.0000s ]
INFO: [ view_parse ] --START--
INFO: [ template_filter ] --START--
INFO: Run Behavior\ContentReplaceBehavior [ RunTime:0.000000s ]
INFO: [ template_filter ] --END-- [ RunTime:0.000000s ]
INFO: Run Behavior\ParseTemplateBehavior [ RunTime:0.000000s ]
INFO: [ view_parse ] --END-- [ RunTime:0.000000s ]
INFO: [ view_filter ] --START--
INFO: Run Behavior\WriteHtmlCacheBehavior [ RunTime:0.000000s ]
INFO: [ view_filter ] --END-- [ RunTime:0.000000s ]
INFO: [ app_end ] --START--
INFO: Run Behavior\ShowPageTraceBehavior [ RunTime:0.000000s ]
INFO: [ app_end ] --END-- [ RunTime:0.000000s ]

[ 2017-10-17T16:47:20+08:00 ] 192.168.2.130 /index.php?m=Admin&c=index&a=bottom
INFO: [ app_init ] --START--
INFO: Run Behavior\BuildLiteBehavior [ RunTime:0.000000s ]
INFO: [ app_init ] --END-- [ RunTime:0.000000s ]
INFO: [ app_begin ] --START--
INFO: Run Behavior\ReadHtmlCacheBehavior [ RunTime:0.000000s ]
INFO: [ app_begin ] --END-- [ RunTime:0.000000s ]
SQL: SHOW COLUMNS FROM `ec_admininfo` [ RunTime:0.0156s ]
INFO: [ view_parse ] --START--
INFO: [ template_filter ] --START--
INFO: Run Behavior\ContentReplaceBehavior [ RunTime:0.000000s ]
INFO: [ template_filter ] --END-- [ RunTime:0.000000s ]
INFO: Run Behavior\ParseTemplateBehavior [ RunTime:0.000000s ]
INFO: [ view_parse ] --END-- [ RunTime:0.000000s ]
INFO: [ view_filter ] --START--
INFO: Run Behavior\WriteHtmlCacheBehavior [ RunTime:0.000000s ]
INFO: [ view_filter ] --END-- [ RunTime:0.000000s ]
INFO: [ app_end ] --START--
INFO: Run Behavior\ShowPageTraceBehavior [ RunTime:0.000000s ]
INFO: [ app_end ] --END-- [ RunTime:0.000000s ]

