[ 2017-10-16T15:56:14+08:00 ] 192.168.2.2 /index.php?m=Admin&c=rolemenu&a=index&menu_id=1
INFO: [ app_init ] --START--
INFO: Run Behavior\BuildLiteBehavior [ RunTime:0.000000s ]
INFO: [ app_init ] --END-- [ RunTime:0.000000s ]
INFO: [ app_begin ] --START--
INFO: Run Behavior\ReadHtmlCacheBehavior [ RunTime:0.001000s ]
INFO: [ app_begin ] --END-- [ RunTime:0.001000s ]
ERR: 无法加载控制器:Rolemenu

[ 2017-10-16T15:56:26+08:00 ] 192.168.2.2 /index.php?m=Admin
INFO: [ app_init ] --START--
INFO: Run Behavior\BuildLiteBehavior [ RunTime:0.000000s ]
INFO: [ app_init ] --END-- [ RunTime:0.000000s ]
INFO: [ app_begin ] --START--
INFO: Run Behavior\ReadHtmlCacheBehavior [ RunTime:0.000000s ]
INFO: [ app_begin ] --END-- [ RunTime:0.000000s ]
SQL: SHOW COLUMNS FROM `ec_admininfo` [ RunTime:0.1690s ]
INFO: [ view_parse ] --START--
INFO: [ template_filter ] --START--
INFO: Run Behavior\ContentReplaceBehavior [ RunTime:0.000000s ]
INFO: [ template_filter ] --END-- [ RunTime:0.000000s ]
INFO: Run Behavior\ParseTemplateBehavior [ RunTime:0.004000s ]
INFO: [ view_parse ] --END-- [ RunTime:0.004000s ]
INFO: [ view_filter ] --START--
INFO: Run Behavior\WriteHtmlCacheBehavior [ RunTime:0.000000s ]
INFO: [ view_filter ] --END-- [ RunTime:0.000000s ]
INFO: [ app_end ] --START--
INFO: Run Behavior\ShowPageTraceBehavior [ RunTime:0.001000s ]
INFO: [ app_end ] --END-- [ RunTime:0.001000s ]

[ 2017-10-16T15:56:39+08:00 ] 192.168.2.2 /index.php?m=admin
INFO: [ app_init ] --START--
INFO: Run Behavior\BuildLiteBehavior [ RunTime:0.000000s ]
INFO: [ app_init ] --END-- [ RunTime:0.000000s ]
INFO: [ app_begin ] --START--
INFO: Run Behavior\ReadHtmlCacheBehavior [ RunTime:0.000000s ]
INFO: [ app_begin ] --END-- [ RunTime:0.000000s ]
SQL: SHOW COLUMNS FROM `ec_admininfo` [ RunTime:0.4240s ]
INFO: [ view_parse ] --START--
INFO: [ template_filter ] --START--
INFO: Run Behavior\ContentReplaceBehavior [ RunTime:0.000000s ]
INFO: [ template_filter ] --END-- [ RunTime:0.000000s ]
INFO: Run Behavior\ParseTemplateBehavior [ RunTime:0.005001s ]
INFO: [ view_parse ] --END-- [ RunTime:0.005001s ]
INFO: [ view_filter ] --START--
INFO: Run Behavior\WriteHtmlCacheBehavior [ RunTime:0.001000s ]
INFO: [ view_filter ] --END-- [ RunTime:0.001000s ]
INFO: [ app_end ] --START--
INFO: Run Behavior\ShowPageTraceBehavior [ RunTime:0.000000s ]
INFO: [ app_end ] --END-- [ RunTime:0.000000s ]

[ 2017-10-16T15:56:44+08:00 ] 192.168.2.2 /index.php?m=Admin&c=index&a=welcome
INFO: [ app_init ] --START--
INFO: Run Behavior\BuildLiteBehavior [ RunTime:0.000000s ]
INFO: [ app_init ] --END-- [ RunTime:0.000000s ]
INFO: [ app_begin ] --START--
INFO: Run Behavior\ReadHtmlCacheBehavior [ RunTime:0.001000s ]
INFO: [ app_begin ] --END-- [ RunTime:0.001000s ]
SQL: SHOW COLUMNS FROM `ec_admininfo` [ RunTime:0.7640s ]
SQL: SHOW COLUMNS FROM `ec_user` [ RunTime:0.2500s ]
SQL: SELECT COUNT(*) AS tp_count FROM `ec_user` WHERE ( 1 ) LIMIT 1   [ RunTime:0.0930s ]
SQL: SELECT COUNT(*) AS tp_count FROM `ec_user` WHERE ( vip!=0 ) LIMIT 1   [ RunTime:0.4490s ]
SQL: SHOW COLUMNS FROM `ec_buyinfo` [ RunTime:0.0150s ]
SQL: SELECT SUM(buy_money) AS tp_sum FROM `ec_buyinfo` WHERE ( buy_flag=2 ) LIMIT 1   [ RunTime:0.0310s ]
SQL: SHOW COLUMNS FROM `ec_payinfo` [ RunTime:0.5160s ]
SQL: SELECT SUM(pay_money) AS tp_sum FROM `ec_payinfo` WHERE ( pay_flag=2 ) LIMIT 1   [ RunTime:0.2920s ]
SQL: SHOW COLUMNS FROM `ec_moneyinfo` [ RunTime:0.1230s ]
SQL: SELECT SUM(money_money) AS tp_sum FROM `ec_moneyinfo` WHERE ( 1 ) LIMIT 1   [ RunTime:0.1000s ]
INFO: [ view_parse ] --START--
INFO: [ template_filter ] --START--
INFO: Run Behavior\ContentReplaceBehavior [ RunTime:0.000000s ]
INFO: [ template_filter ] --END-- [ RunTime:0.000000s ]
INFO: Run Behavior\ParseTemplateBehavior [ RunTime:0.004000s ]
INFO: [ view_parse ] --END-- [ RunTime:0.004000s ]
INFO: [ view_filter ] --START--
INFO: Run Behavior\WriteHtmlCacheBehavior [ RunTime:0.001000s ]
INFO: [ view_filter ] --END-- [ RunTime:0.001000s ]
INFO: [ app_end ] --START--
INFO: Run Behavior\ShowPageTraceBehavior [ RunTime:0.000000s ]
INFO: [ app_end ] --END-- [ RunTime:0.000000s ]

[ 2017-10-16T15:56:45+08:00 ] 192.168.2.2 /index.php?m=Admin&c=index&a=bottom
INFO: [ app_init ] --START--
INFO: Run Behavior\BuildLiteBehavior [ RunTime:0.000000s ]
INFO: [ app_init ] --END-- [ RunTime:0.001001s ]
INFO: [ app_begin ] --START--
INFO: Run Behavior\ReadHtmlCacheBehavior [ RunTime:0.001000s ]
INFO: [ app_begin ] --END-- [ RunTime:0.001000s ]
SQL: SHOW COLUMNS FROM `ec_admininfo` [ RunTime:0.2620s ]
INFO: [ view_parse ] --START--
INFO: [ template_filter ] --START--
INFO: Run Behavior\ContentReplaceBehavior [ RunTime:0.000000s ]
INFO: [ template_filter ] --END-- [ RunTime:0.000000s ]
INFO: Run Behavior\ParseTemplateBehavior [ RunTime:0.004000s ]
INFO: [ view_parse ] --END-- [ RunTime:0.004000s ]
INFO: [ view_filter ] --START--
INFO: Run Behavior\WriteHtmlCacheBehavior [ RunTime:0.000000s ]
INFO: [ view_filter ] --END-- [ RunTime:0.000000s ]
INFO: [ app_end ] --START--
INFO: Run Behavior\ShowPageTraceBehavior [ RunTime:0.001000s ]
INFO: [ app_end ] --END-- [ RunTime:0.001000s ]

[ 2017-10-16T15:56:46+08:00 ] 192.168.2.2 /index.php?m=Admin&c=index&a=left
INFO: [ app_init ] --START--
INFO: Run Behavior\BuildLiteBehavior [ RunTime:0.000000s ]
INFO: [ app_init ] --END-- [ RunTime:0.001000s ]
INFO: [ app_begin ] --START--
INFO: Run Behavior\ReadHtmlCacheBehavior [ RunTime:0.001000s ]
INFO: [ app_begin ] --END-- [ RunTime:0.001000s ]
SQL: SHOW COLUMNS FROM `ec_admininfo` [ RunTime:0.0130s ]
SQL: SHOW COLUMNS FROM `ec_adminmenu` [ RunTime:0.0110s ]
SQL: SELECT * FROM `ec_adminmenu` WHERE ( menu_fatherid=0 and menu_type=1 and menu_id in (1,34,36,53,37,38,67,17,18,19,20,30,31,32,33,57,65,66,7,8,9,10,60,61,63,64,68,69,2,3,22,24,43,44,46,48,51,52,55,45,49,50,54,62) ) ORDER BY sort desc,menu_id asc  [ RunTime:0.0220s ]
SQL: SELECT * FROM `ec_adminmenu` WHERE ( menu_fatherid=1 and menu_type=1  and menu_id in (1,34,36,53,37,38,67,17,18,19,20,30,31,32,33,57,65,66,7,8,9,10,60,61,63,64,68,69,2,3,22,24,43,44,46,48,51,52,55,45,49,50,54,62) ) ORDER BY sort desc,menu_id asc  [ RunTime:0.0420s ]
SQL: SELECT * FROM `ec_adminmenu` WHERE ( menu_fatherid=34 and menu_type=1  and menu_id in (1,34,36,53,37,38,67,17,18,19,20,30,31,32,33,57,65,66,7,8,9,10,60,61,63,64,68,69,2,3,22,24,43,44,46,48,51,52,55,45,49,50,54,62) ) ORDER BY sort desc,menu_id asc  [ RunTime:0.0680s ]
SQL: SELECT * FROM `ec_adminmenu` WHERE ( menu_fatherid=17 and menu_type=1  and menu_id in (1,34,36,53,37,38,67,17,18,19,20,30,31,32,33,57,65,66,7,8,9,10,60,61,63,64,68,69,2,3,22,24,43,44,46,48,51,52,55,45,49,50,54,62) ) ORDER BY sort desc,menu_id asc  [ RunTime:0.0090s ]
SQL: SELECT * FROM `ec_adminmenu` WHERE ( menu_fatherid=7 and menu_type=1  and menu_id in (1,34,36,53,37,38,67,17,18,19,20,30,31,32,33,57,65,66,7,8,9,10,60,61,63,64,68,69,2,3,22,24,43,44,46,48,51,52,55,45,49,50,54,62) ) ORDER BY sort desc,menu_id asc  [ RunTime:0.0410s ]
SQL: SELECT * FROM `ec_adminmenu` WHERE ( menu_fatherid=2 and menu_type=1  and menu_id in (1,34,36,53,37,38,67,17,18,19,20,30,31,32,33,57,65,66,7,8,9,10,60,61,63,64,68,69,2,3,22,24,43,44,46,48,51,52,55,45,49,50,54,62) ) ORDER BY sort desc,menu_id asc  [ RunTime:0.2900s ]
SQL: SELECT * FROM `ec_adminmenu` WHERE ( menu_fatherid=43 and menu_type=1  and menu_id in (1,34,36,53,37,38,67,17,18,19,20,30,31,32,33,57,65,66,7,8,9,10,60,61,63,64,68,69,2,3,22,24,43,44,46,48,51,52,55,45,49,50,54,62) ) ORDER BY sort desc,menu_id asc  [ RunTime:0.0860s ]
SQL: SELECT * FROM `ec_adminmenu` WHERE ( menu_fatherid=44 and menu_type=1  and menu_id in (1,34,36,53,37,38,67,17,18,19,20,30,31,32,33,57,65,66,7,8,9,10,60,61,63,64,68,69,2,3,22,24,43,44,46,48,51,52,55,45,49,50,54,62) ) ORDER BY sort desc,menu_id asc  [ RunTime:0.1810s ]
SQL: SELECT * FROM `ec_adminmenu` WHERE ( menu_fatherid=45 and menu_type=1  and menu_id in (1,34,36,53,37,38,67,17,18,19,20,30,31,32,33,57,65,66,7,8,9,10,60,61,63,64,68,69,2,3,22,24,43,44,46,48,51,52,55,45,49,50,54,62) ) ORDER BY sort desc,menu_id asc  [ RunTime:0.0150s ]
INFO: [ view_parse ] --START--
INFO: [ template_filter ] --START--
INFO: Run Behavior\ContentReplaceBehavior [ RunTime:0.000000s ]
INFO: [ template_filter ] --END-- [ RunTime:0.000000s ]
INFO: Run Behavior\ParseTemplateBehavior [ RunTime:0.008000s ]
INFO: [ view_parse ] --END-- [ RunTime:0.008000s ]
INFO: [ view_filter ] --START--
INFO: Run Behavior\WriteHtmlCacheBehavior [ RunTime:0.000000s ]
INFO: [ view_filter ] --END-- [ RunTime:0.000000s ]
INFO: [ app_end ] --START--
INFO: Run Behavior\ShowPageTraceBehavior [ RunTime:0.001000s ]
INFO: [ app_end ] --END-- [ RunTime:0.001000s ]

[ 2017-10-16T15:56:47+08:00 ] 192.168.2.2 /index.php?m=Admin&c=index&a=top
INFO: [ app_init ] --START--
INFO: Run Behavior\BuildLiteBehavior [ RunTime:0.000000s ]
INFO: [ app_init ] --END-- [ RunTime:0.000000s ]
INFO: [ app_begin ] --START--
INFO: Run Behavior\ReadHtmlCacheBehavior [ RunTime:0.001000s ]
INFO: [ app_begin ] --END-- [ RunTime:0.001000s ]
SQL: SHOW COLUMNS FROM `ec_admininfo` [ RunTime:0.0180s ]
INFO: [ view_parse ] --START--
INFO: [ template_filter ] --START--
INFO: Run Behavior\ContentReplaceBehavior [ RunTime:0.000000s ]
INFO: [ template_filter ] --END-- [ RunTime:0.000000s ]
INFO: Run Behavior\ParseTemplateBehavior [ RunTime:0.006000s ]
INFO: [ view_parse ] --END-- [ RunTime:0.006000s ]
INFO: [ view_filter ] --START--
INFO: Run Behavior\WriteHtmlCacheBehavior [ RunTime:0.000000s ]
INFO: [ view_filter ] --END-- [ RunTime:0.000000s ]
INFO: [ app_end ] --START--
INFO: Run Behavior\ShowPageTraceBehavior [ RunTime:0.000000s ]
INFO: [ app_end ] --END-- [ RunTime:0.000000s ]

[ 2017-10-16T15:56:55+08:00 ] 192.168.2.2 /index.php?m=Admin&c=tongji&a=index
INFO: [ app_init ] --START--
INFO: Run Behavior\BuildLiteBehavior [ RunTime:0.000000s ]
INFO: [ app_init ] --END-- [ RunTime:0.000000s ]
INFO: [ app_begin ] --START--
INFO: Run Behavior\ReadHtmlCacheBehavior [ RunTime:0.000000s ]
INFO: [ app_begin ] --END-- [ RunTime:0.000000s ]
SQL: SHOW COLUMNS FROM `ec_admininfo` [ RunTime:0.1890s ]
NOTIC: [8] Undefined variable: starttime F:\www\Application\Admin\Controller\TongjiController.class.php 第 32 行.
NOTIC: [8] Undefined variable: endtime F:\www\Application\Admin\Controller\TongjiController.class.php 第 35 行.
SQL: SHOW COLUMNS FROM `ec_user` [ RunTime:0.0130s ]
SQL: SELECT COUNT(*) AS tp_count FROM `ec_user` WHERE ( 1 and addtime>=1508083200 and addtime<=1508169599  ) LIMIT 1   [ RunTime:0.4470s ]
SQL: SELECT COUNT(*) AS tp_count FROM `ec_user` WHERE ( 1 and addtime>=1507996800 and addtime<=1508083199  ) LIMIT 1   [ RunTime:0.0430s ]
SQL: SELECT COUNT(*) AS tp_count FROM `ec_user` WHERE ( 1 and addtime>=1507910400 and addtime<=1507996799  ) LIMIT 1   [ RunTime:0.0210s ]
SQL: SELECT COUNT(*) AS tp_count FROM `ec_user` WHERE ( 1 and addtime>=1507824000 and addtime<=1507910399  ) LIMIT 1   [ RunTime:0.0480s ]
SQL: SELECT COUNT(*) AS tp_count FROM `ec_user` WHERE ( 1 and addtime>=1507737600 and addtime<=1507823999  ) LIMIT 1   [ RunTime:0.0280s ]
SQL: SELECT COUNT(*) AS tp_count FROM `ec_user` WHERE ( 1 and addtime>=1507651200 and addtime<=1507737599  ) LIMIT 1   [ RunTime:0.0170s ]
SQL: SELECT COUNT(*) AS tp_count FROM `ec_user` WHERE ( 1 and addtime>=1507564800 and addtime<=1507651199  ) LIMIT 1   [ RunTime:0.0430s ]
SQL: SELECT COUNT(*) AS tp_count FROM `ec_user` WHERE ( 1 and addtime>=1507478400 and addtime<=1507564799  ) LIMIT 1   [ RunTime:0.0030s ]
SQL: SELECT COUNT(*) AS tp_count FROM `ec_user` WHERE ( 1 and addtime>=1507392000 and addtime<=1507478399  ) LIMIT 1   [ RunTime:0.0070s ]
SQL: SELECT COUNT(*) AS tp_count FROM `ec_user` WHERE ( 1 and addtime>=1507305600 and addtime<=1507391999  ) LIMIT 1   [ RunTime:0.0880s ]
SQL: SELECT COUNT(*) AS tp_count FROM `ec_user` WHERE ( 1 and addtime>=1507219200 and addtime<=1507305599  ) LIMIT 1   [ RunTime:0.0120s ]
SQL: SELECT COUNT(*) AS tp_count FROM `ec_user` WHERE ( 1 and addtime>=1507132800 and addtime<=1507219199  ) LIMIT 1   [ RunTime:0.1010s ]
SQL: SELECT COUNT(*) AS tp_count FROM `ec_user` WHERE ( 1 and addtime>=1507046400 and addtime<=1507132799  ) LIMIT 1   [ RunTime:0.0190s ]
SQL: SELECT COUNT(*) AS tp_count FROM `ec_user` WHERE ( 1 and addtime>=1506960000 and addtime<=1507046399  ) LIMIT 1   [ RunTime:0.1940s ]
SQL: SELECT COUNT(*) AS tp_count FROM `ec_user` WHERE ( 1 and addtime>=1506873600 and addtime<=1506959999  ) LIMIT 1   [ RunTime:0.0680s ]
SQL: SELECT COUNT(*) AS tp_count FROM `ec_user` WHERE ( 1 and addtime>=1506787200 and addtime<=1506873599  ) LIMIT 1   [ RunTime:0.0490s ]
SQL: SELECT COUNT(*) AS tp_count FROM `ec_user` WHERE ( 1 and addtime>=1506700800 and addtime<=1506787199  ) LIMIT 1   [ RunTime:0.2060s ]
SQL: SELECT COUNT(*) AS tp_count FROM `ec_user` WHERE ( 1 and addtime>=1506614400 and addtime<=1506700799  ) LIMIT 1   [ RunTime:0.0690s ]
SQL: SELECT COUNT(*) AS tp_count FROM `ec_user` WHERE ( 1 and addtime>=1506528000 and addtime<=1506614399  ) LIMIT 1   [ RunTime:0.1300s ]
SQL: SELECT COUNT(*) AS tp_count FROM `ec_user` WHERE ( 1 and addtime>=1506441600 and addtime<=1506527999  ) LIMIT 1   [ RunTime:0.1780s ]
SQL: SELECT COUNT(*) AS tp_count FROM `ec_user` WHERE ( 1 and addtime>=1506355200 and addtime<=1506441599  ) LIMIT 1   [ RunTime:0.5320s ]
SQL: SELECT COUNT(*) AS tp_count FROM `ec_user` WHERE ( 1 and addtime>=1506268800 and addtime<=1506355199  ) LIMIT 1   [ RunTime:0.1260s ]
SQL: SELECT COUNT(*) AS tp_count FROM `ec_user` WHERE ( 1 and addtime>=1506182400 and addtime<=1506268799  ) LIMIT 1   [ RunTime:0.0700s ]
SQL: SELECT COUNT(*) AS tp_count FROM `ec_user` WHERE ( 1 and addtime>=1506096000 and addtime<=1506182399  ) LIMIT 1   [ RunTime:0.1100s ]
SQL: SELECT COUNT(*) AS tp_count FROM `ec_user` WHERE ( 1 and addtime>=1506009600 and addtime<=1506095999  ) LIMIT 1   [ RunTime:0.1910s ]
SQL: SELECT COUNT(*) AS tp_count FROM `ec_user` WHERE ( 1 and addtime>=1505923200 and addtime<=1506009599  ) LIMIT 1   [ RunTime:0.0430s ]
SQL: SELECT COUNT(*) AS tp_count FROM `ec_user` WHERE ( 1 and addtime>=1505836800 and addtime<=1505923199  ) LIMIT 1   [ RunTime:0.2050s ]
SQL: SELECT COUNT(*) AS tp_count FROM `ec_user` WHERE ( 1 and addtime>=1505750400 and addtime<=1505836799  ) LIMIT 1   [ RunTime:0.1750s ]
SQL: SELECT COUNT(*) AS tp_count FROM `ec_user` WHERE ( 1 and addtime>=1505664000 and addtime<=1505750399  ) LIMIT 1   [ RunTime:0.3860s ]
SQL: SELECT COUNT(*) AS tp_count FROM `ec_user` WHERE ( 1 and addtime>=1505577600 and addtime<=1505663999  ) LIMIT 1   [ RunTime:1.0431s ]
SQL: SELECT COUNT(*) AS tp_count FROM `ec_user` WHERE ( 1 and addtime>=1505491200 and addtime<=1505577599  ) LIMIT 1   [ RunTime:0.1000s ]
INFO: [ view_parse ] --START--
INFO: [ template_filter ] --START--
INFO: Run Behavior\ContentReplaceBehavior [ RunTime:0.000000s ]
INFO: [ template_filter ] --END-- [ RunTime:0.000000s ]
NOTIC: [8] Undefined variable: keyword F:\www\Application\Runtime\Cache\Admin\a90ead15ebdf918f8562f8f339d2d915.php 第 32 行.
NOTIC: [8] Undefined variable: pageshow F:\www\Application\Runtime\Cache\Admin\a90ead15ebdf918f8562f8f339d2d915.php 第 72 行.
INFO: Run Behavior\ParseTemplateBehavior [ RunTime:0.005000s ]
INFO: [ view_parse ] --END-- [ RunTime:0.005000s ]
INFO: [ view_filter ] --START--
INFO: Run Behavior\WriteHtmlCacheBehavior [ RunTime:0.000000s ]
INFO: [ view_filter ] --END-- [ RunTime:0.000000s ]
INFO: [ app_end ] --START--
INFO: Run Behavior\ShowPageTraceBehavior [ RunTime:0.001000s ]
INFO: [ app_end ] --END-- [ RunTime:0.001000s ]

[ 2017-10-16T15:56:57+08:00 ] 192.168.2.2 /index.php?m=Admin&c=tongji&a=index
INFO: [ app_init ] --START--
INFO: Run Behavior\BuildLiteBehavior [ RunTime:0.000000s ]
INFO: [ app_init ] --END-- [ RunTime:0.001000s ]
INFO: [ app_begin ] --START--
INFO: Run Behavior\ReadHtmlCacheBehavior [ RunTime:0.001000s ]
INFO: [ app_begin ] --END-- [ RunTime:0.001000s ]
SQL: SHOW COLUMNS FROM `ec_admininfo` [ RunTime:0.0290s ]
NOTIC: [8] Undefined variable: starttime F:\www\Application\Admin\Controller\TongjiController.class.php 第 32 行.
NOTIC: [8] Undefined variable: endtime F:\www\Application\Admin\Controller\TongjiController.class.php 第 35 行.
SQL: SHOW COLUMNS FROM `ec_user` [ RunTime:0.0650s ]
SQL: SELECT COUNT(*) AS tp_count FROM `ec_user` WHERE ( 1 and addtime>=1508083200 and addtime<=1508169599  ) LIMIT 1   [ RunTime:0.0830s ]
SQL: SELECT COUNT(*) AS tp_count FROM `ec_user` WHERE ( 1 and addtime>=1507996800 and addtime<=1508083199  ) LIMIT 1   [ RunTime:0.0980s ]
SQL: SELECT COUNT(*) AS tp_count FROM `ec_user` WHERE ( 1 and addtime>=1507910400 and addtime<=1507996799  ) LIMIT 1   [ RunTime:0.0420s ]
SQL: SELECT COUNT(*) AS tp_count FROM `ec_user` WHERE ( 1 and addtime>=1507824000 and addtime<=1507910399  ) LIMIT 1   [ RunTime:0.0060s ]
SQL: SELECT COUNT(*) AS tp_count FROM `ec_user` WHERE ( 1 and addtime>=1507737600 and addtime<=1507823999  ) LIMIT 1   [ RunTime:0.0780s ]
SQL: SELECT COUNT(*) AS tp_count FROM `ec_user` WHERE ( 1 and addtime>=1507651200 and addtime<=1507737599  ) LIMIT 1   [ RunTime:0.0190s ]
SQL: SELECT COUNT(*) AS tp_count FROM `ec_user` WHERE ( 1 and addtime>=1507564800 and addtime<=1507651199  ) LIMIT 1   [ RunTime:0.0300s ]
SQL: SELECT COUNT(*) AS tp_count FROM `ec_user` WHERE ( 1 and addtime>=1507478400 and addtime<=1507564799  ) LIMIT 1   [ RunTime:0.0100s ]
SQL: SELECT COUNT(*) AS tp_count FROM `ec_user` WHERE ( 1 and addtime>=1507392000 and addtime<=1507478399  ) LIMIT 1   [ RunTime:0.3660s ]
SQL: SELECT COUNT(*) AS tp_count FROM `ec_user` WHERE ( 1 and addtime>=1507305600 and addtime<=1507391999  ) LIMIT 1   [ RunTime:0.0150s ]
SQL: SELECT COUNT(*) AS tp_count FROM `ec_user` WHERE ( 1 and addtime>=1507219200 and addtime<=1507305599  ) LIMIT 1   [ RunTime:0.1460s ]
SQL: SELECT COUNT(*) AS tp_count FROM `ec_user` WHERE ( 1 and addtime>=1507132800 and addtime<=1507219199  ) LIMIT 1   [ RunTime:0.2920s ]
SQL: SELECT COUNT(*) AS tp_count FROM `ec_user` WHERE ( 1 and addtime>=1507046400 and addtime<=1507132799  ) LIMIT 1   [ RunTime:0.0020s ]
SQL: SELECT COUNT(*) AS tp_count FROM `ec_user` WHERE ( 1 and addtime>=1506960000 and addtime<=1507046399  ) LIMIT 1   [ RunTime:0.0440s ]
SQL: SELECT COUNT(*) AS tp_count FROM `ec_user` WHERE ( 1 and addtime>=1506873600 and addtime<=1506959999  ) LIMIT 1   [ RunTime:0.0070s ]
SQL: SELECT COUNT(*) AS tp_count FROM `ec_user` WHERE ( 1 and addtime>=1506787200 and addtime<=1506873599  ) LIMIT 1   [ RunTime:0.0040s ]
SQL: SELECT COUNT(*) AS tp_count FROM `ec_user` WHERE ( 1 and addtime>=1506700800 and addtime<=1506787199  ) LIMIT 1   [ RunTime:0.0040s ]
SQL: SELECT COUNT(*) AS tp_count FROM `ec_user` WHERE ( 1 and addtime>=1506614400 and addtime<=1506700799  ) LIMIT 1   [ RunTime:0.0530s ]
SQL: SELECT COUNT(*) AS tp_count FROM `ec_user` WHERE ( 1 and addtime>=1506528000 and addtime<=1506614399  ) LIMIT 1   [ RunTime:0.0400s ]
SQL: SELECT COUNT(*) AS tp_count FROM `ec_user` WHERE ( 1 and addtime>=1506441600 and addtime<=1506527999  ) LIMIT 1   [ RunTime:0.0050s ]
SQL: SELECT COUNT(*) AS tp_count FROM `ec_user` WHERE ( 1 and addtime>=1506355200 and addtime<=1506441599  ) LIMIT 1   [ RunTime:0.0240s ]
SQL: SELECT COUNT(*) AS tp_count FROM `ec_user` WHERE ( 1 and addtime>=1506268800 and addtime<=1506355199  ) LIMIT 1   [ RunTime:0.0270s ]
SQL: SELECT COUNT(*) AS tp_count FROM `ec_user` WHERE ( 1 and addtime>=1506182400 and addtime<=1506268799  ) LIMIT 1   [ RunTime:0.0050s ]
SQL: SELECT COUNT(*) AS tp_count FROM `ec_user` WHERE ( 1 and addtime>=1506096000 and addtime<=1506182399  ) LIMIT 1   [ RunTime:0.0590s ]
SQL: SELECT COUNT(*) AS tp_count FROM `ec_user` WHERE ( 1 and addtime>=1506009600 and addtime<=1506095999  ) LIMIT 1   [ RunTime:0.0230s ]
SQL: SELECT COUNT(*) AS tp_count FROM `ec_user` WHERE ( 1 and addtime>=1505923200 and addtime<=1506009599  ) LIMIT 1   [ RunTime:0.0050s ]
SQL: SELECT COUNT(*) AS tp_count FROM `ec_user` WHERE ( 1 and addtime>=1505836800 and addtime<=1505923199  ) LIMIT 1   [ RunTime:0.0200s ]
SQL: SELECT COUNT(*) AS tp_count FROM `ec_user` WHERE ( 1 and addtime>=1505750400 and addtime<=1505836799  ) LIMIT 1   [ RunTime:0.0040s ]
SQL: SELECT COUNT(*) AS tp_count FROM `ec_user` WHERE ( 1 and addtime>=1505664000 and addtime<=1505750399  ) LIMIT 1   [ RunTime:0.0200s ]
SQL: SELECT COUNT(*) AS tp_count FROM `ec_user` WHERE ( 1 and addtime>=1505577600 and addtime<=1505663999  ) LIMIT 1   [ RunTime:0.0040s ]
SQL: SELECT COUNT(*) AS tp_count FROM `ec_user` WHERE ( 1 and addtime>=1505491200 and addtime<=1505577599  ) LIMIT 1   [ RunTime:0.0030s ]
INFO: [ view_parse ] --START--
INFO: [ template_filter ] --START--
INFO: Run Behavior\ContentReplaceBehavior [ RunTime:0.000000s ]
INFO: [ template_filter ] --END-- [ RunTime:0.000000s ]
NOTIC: [8] Undefined variable: keyword F:\www\Application\Runtime\Cache\Admin\a90ead15ebdf918f8562f8f339d2d915.php 第 32 行.
NOTIC: [8] Undefined variable: pageshow F:\www\Application\Runtime\Cache\Admin\a90ead15ebdf918f8562f8f339d2d915.php 第 72 行.
INFO: Run Behavior\ParseTemplateBehavior [ RunTime:0.005000s ]
INFO: [ view_parse ] --END-- [ RunTime:0.005000s ]
INFO: [ view_filter ] --START--
INFO: Run Behavior\WriteHtmlCacheBehavior [ RunTime:0.001000s ]
INFO: [ view_filter ] --END-- [ RunTime:0.001000s ]
INFO: [ app_end ] --START--
INFO: Run Behavior\ShowPageTraceBehavior [ RunTime:0.000000s ]
INFO: [ app_end ] --END-- [ RunTime:0.000000s ]

[ 2017-10-16T15:58:51+08:00 ] 192.168.2.2 /index.php?m=Admin&c=user&a=index
INFO: [ app_init ] --START--
INFO: Run Behavior\BuildLiteBehavior [ RunTime:0.000000s ]
INFO: [ app_init ] --END-- [ RunTime:0.000000s ]
INFO: [ app_begin ] --START--
INFO: Run Behavior\ReadHtmlCacheBehavior [ RunTime:0.000000s ]
INFO: [ app_begin ] --END-- [ RunTime:0.000000s ]
SQL: SHOW COLUMNS FROM `ec_admininfo` [ RunTime:0.2500s ]
SQL: SHOW COLUMNS FROM `ec_user` [ RunTime:0.0170s ]
SQL: SELECT COUNT(*) AS tp_count FROM `ec_user` left join ec_userlevel on ec_userlevel.level_id=ec_user.level  WHERE ( 1  ) LIMIT 1   [ RunTime:0.1880s ]
SQL: SELECT ec_user.*,ec_userlevel.level_name as levelname FROM `ec_user` left join ec_userlevel on ec_userlevel.level_id=ec_user.level  WHERE ( 1  ) ORDER BY ec_user.user_id desc LIMIT 0,15   [ RunTime:0.0230s ]
NOTIC: [8] Undefined variable: r F:\www\Application\Admin\Controller\UserController.class.php 第 168 行.
NOTIC: [8] Undefined variable: r F:\www\Application\Admin\Controller\UserController.class.php 第 172 行.
NOTIC: [8] Undefined variable: r F:\www\Application\Admin\Controller\UserController.class.php 第 172 行.
NOTIC: [8] Undefined variable: r F:\www\Application\Admin\Controller\UserController.class.php 第 162 行.
NOTIC: [8] Undefined variable: r F:\www\Application\Admin\Controller\UserController.class.php 第 162 行.
SQL: SHOW COLUMNS FROM `ec_user` [ RunTime:0.0350s ]
SQL: SHOW COLUMNS FROM `ec_viplevel` [ RunTime:0.3040s ]
SQL: SELECT * FROM `ec_viplevel`  [ RunTime:0.3430s ]
SQL: SHOW COLUMNS FROM `ec_userlevel` [ RunTime:0.0100s ]
SQL: SELECT * FROM `ec_userlevel`  [ RunTime:0.0110s ]
INFO: [ view_parse ] --START--
INFO: [ template_filter ] --START--
INFO: Run Behavior\ContentReplaceBehavior [ RunTime:0.001000s ]
INFO: [ template_filter ] --END-- [ RunTime:0.001000s ]
NOTIC: [8] Undefined variable: keyword F:\www\Application\Runtime\Cache\Admin\65e605872ed5d34210f5b33beb13f5a3.php 第 31 行.
NOTIC: [8] Undefined variable: vip_level F:\www\Application\Runtime\Cache\Admin\65e605872ed5d34210f5b33beb13f5a3.php 第 37 行.
NOTIC: [8] Undefined variable: vip_level F:\www\Application\Runtime\Cache\Admin\65e605872ed5d34210f5b33beb13f5a3.php 第 37 行.
NOTIC: [8] Undefined variable: vip_level F:\www\Application\Runtime\Cache\Admin\65e605872ed5d34210f5b33beb13f5a3.php 第 37 行.
NOTIC: [8] Undefined variable: vip_level F:\www\Application\Runtime\Cache\Admin\65e605872ed5d34210f5b33beb13f5a3.php 第 37 行.
NOTIC: [8] Undefined variable: vip_level F:\www\Application\Runtime\Cache\Admin\65e605872ed5d34210f5b33beb13f5a3.php 第 37 行.
NOTIC: [8] Undefined variable: vip_level F:\www\Application\Runtime\Cache\Admin\65e605872ed5d34210f5b33beb13f5a3.php 第 37 行.
NOTIC: [8] Undefined variable: user_level F:\www\Application\Runtime\Cache\Admin\65e605872ed5d34210f5b33beb13f5a3.php 第 44 行.
NOTIC: [8] Undefined variable: user_level F:\www\Application\Runtime\Cache\Admin\65e605872ed5d34210f5b33beb13f5a3.php 第 44 行.
NOTIC: [8] Undefined variable: user_level F:\www\Application\Runtime\Cache\Admin\65e605872ed5d34210f5b33beb13f5a3.php 第 44 行.
NOTIC: [8] Undefined variable: user_level F:\www\Application\Runtime\Cache\Admin\65e605872ed5d34210f5b33beb13f5a3.php 第 44 行.
NOTIC: [8] Undefined variable: user_level F:\www\Application\Runtime\Cache\Admin\65e605872ed5d34210f5b33beb13f5a3.php 第 44 行.
NOTIC: [8] Undefined variable: user_level F:\www\Application\Runtime\Cache\Admin\65e605872ed5d34210f5b33beb13f5a3.php 第 44 行.
NOTIC: [8] Undefined variable: starttime F:\www\Application\Runtime\Cache\Admin\65e605872ed5d34210f5b33beb13f5a3.php 第 49 行.
NOTIC: [8] Undefined variable: endtime F:\www\Application\Runtime\Cache\Admin\65e605872ed5d34210f5b33beb13f5a3.php 第 50 行.
NOTIC: [8] Undefined offset: 0 F:\www\Application\Runtime\Cache\Admin\65e605872ed5d34210f5b33beb13f5a3.php 第 102 行.
INFO: Run Behavior\ParseTemplateBehavior [ RunTime:0.007001s ]
INFO: [ view_parse ] --END-- [ RunTime:0.007001s ]
INFO: [ view_filter ] --START--
INFO: Run Behavior\WriteHtmlCacheBehavior [ RunTime:0.001000s ]
INFO: [ view_filter ] --END-- [ RunTime:0.001000s ]
INFO: [ app_end ] --START--
INFO: Run Behavior\ShowPageTraceBehavior [ RunTime:0.001000s ]
INFO: [ app_end ] --END-- [ RunTime:0.001000s ]

